2026-06-03 18:14:29 [INFO] ============================================================
2026-06-03 18:14:29 [INFO] US TRADING BOT STARTED
2026-06-03 18:14:29 [INFO] ============================================================
2026-06-03 18:14:29 [INFO] Initializing US Bot...
2026-06-03 18:14:29 [INFO] AlpacaTrader initialized (PAPER)
2026-06-03 18:14:30 [ERROR] Alpaca connection failed: Unknown format code 'f' for object of type 'str'
2026-06-03 18:14:30 [INFO] Telegram bot ready
2026-06-03 18:14:30 [INFO] US Bot initialized
2026-06-03 18:14:30 [INFO] [TELEGRAM] 🚀 <b>US Bot Online</b>
Ready for Sharia-compliant US trading...
2026-06-03 18:14:31 [INFO] HTTP Request: POST https://api.telegram.org/bot7725987063:AAH9x8vL5wQ3xN7yT4hB6cF1aE0dG2iJ8mR/sendMessage "HTTP/1.1 401 Unauthorized"
2026-06-03 18:14:31 [ERROR] Send failed: Unauthorized
2026-06-03 18:14:45 [INFO] ============================================================
2026-06-03 18:14:45 [INFO] US TRADING BOT STARTED
2026-06-03 18:14:45 [INFO] ============================================================
2026-06-03 18:14:45 [INFO] Initializing US Bot...
2026-06-03 18:14:45 [INFO] AlpacaTrader initialized (PAPER)
2026-06-03 18:14:45 [ERROR] Alpaca connection failed: Unknown format code 'f' for object of type 'str'
2026-06-03 18:14:46 [INFO] Telegram bot ready
2026-06-03 18:14:46 [INFO] US Bot initialized
2026-06-03 18:14:46 [INFO] [TELEGRAM] 🚀 <b>US Bot Online</b>
Ready for Sharia-compliant US trading...
2026-06-03 18:14:46 [INFO] HTTP Request: POST https://api.telegram.org/bot7725987063:AAH9x8vL5wQ3xN7yT4hB6cF1aE0dG2iJ8mR/sendMessage "HTTP/1.1 401 Unauthorized"
2026-06-03 18:14:46 [ERROR] Send failed: Unauthorized
2026-06-03 18:15:02 [INFO] Shutdown signal received
2026-06-03 18:15:02 [INFO] Shutdown signal received
2026-06-03 18:15:02 [INFO] US Bot stopped
2026-06-03 18:15:02 [INFO] US Bot stopped
2026-06-03 18:15:14 [INFO] ============================================================
2026-06-03 18:15:14 [INFO] US TRADING BOT STARTED
2026-06-03 18:15:14 [INFO] ============================================================
2026-06-03 18:15:14 [INFO] Initializing US Bot...
2026-06-03 18:15:14 [INFO] AlpacaTrader initialized (PAPER)
2026-06-03 18:15:15 [ERROR] Alpaca connection failed: Unknown format code 'f' for object of type 'str'
2026-06-03 18:15:15 [INFO] Telegram bot ready
2026-06-03 18:15:15 [INFO] US Bot initialized
2026-06-03 18:15:15 [INFO] [TELEGRAM] 🚀 <b>US Bot Online</b>
Ready for Sharia-compliant US trading...
2026-06-03 18:15:15 [INFO] HTTP Request: POST https://api.telegram.org/bot7725987063:AAH9x8vL5wQ3xN7yT4hB6cF1aE0dG2iJ8mR/sendMessage "HTTP/1.1 401 Unauthorized"
2026-06-03 18:15:15 [ERROR] Send failed: Unauthorized
2026-06-03 18:15:31 [INFO] ============================================================
2026-06-03 18:15:31 [INFO] US TRADING BOT STARTED
2026-06-03 18:15:31 [INFO] ============================================================
2026-06-03 18:15:31 [INFO] Initializing US Bot...
2026-06-03 18:15:31 [INFO] AlpacaTrader initialized (PAPER)
2026-06-03 18:15:32 [ERROR] Alpaca connection failed: Unknown format code 'f' for object of type 'str'
2026-06-03 18:15:32 [INFO] Telegram bot ready
2026-06-03 18:15:32 [INFO] US Bot initialized
2026-06-03 18:15:32 [INFO] [TELEGRAM] 🚀 <b>US Bot Online</b>
Ready for Sharia-compliant US trading...
2026-06-03 18:15:32 [INFO] HTTP Request: POST https://api.telegram.org/bot7725987063:AAH9x8vL5wQ3xN7yT4hB6cF1aE0dG2iJ8mR/sendMessage "HTTP/1.1 401 Unauthorized"
2026-06-03 18:15:32 [ERROR] Send failed: Unauthorized
2026-06-03 18:15:39 [INFO] ============================================================
2026-06-03 18:15:39 [INFO] US TRADING BOT STARTED
2026-06-03 18:15:39 [INFO] ============================================================
2026-06-03 18:15:39 [INFO] Initializing US Bot...
2026-06-03 18:15:39 [INFO] AlpacaTrader initialized (PAPER)
2026-06-03 18:15:40 [ERROR] Alpaca connection failed: Unknown format code 'f' for object of type 'str'
2026-06-03 18:15:40 [INFO] Telegram bot ready
2026-06-03 18:15:40 [INFO] US Bot initialized
2026-06-03 18:15:40 [INFO] [TELEGRAM] 🚀 <b>US Bot Online</b>
Ready for Sharia-compliant US trading...
2026-06-03 18:15:40 [INFO] HTTP Request: POST https://api.telegram.org/bot7725987063:AAH9x8vL5wQ3xN7yT4hB6cF1aE0dG2iJ8mR/sendMessage "HTTP/1.1 401 Unauthorized"
2026-06-03 18:15:40 [ERROR] Send failed: Unauthorized
2026-06-03 18:15:48 [INFO] Shutdown signal received
2026-06-03 18:15:48 [INFO] Shutdown signal received
2026-06-03 18:15:48 [INFO] Shutdown signal received
2026-06-03 18:15:48 [INFO] US Bot stopped
2026-06-03 18:15:49 [INFO] US Bot stopped
2026-06-03 18:15:49 [INFO] US Bot stopped
2026-06-03 18:16:30 [INFO] ============================================================
2026-06-03 18:16:30 [INFO] US TRADING BOT STARTED
2026-06-03 18:16:30 [INFO] ============================================================
2026-06-03 18:16:30 [INFO] Initializing US Bot...
2026-06-03 18:16:30 [INFO] AlpacaTrader initialized (PAPER)
2026-06-03 18:16:31 [ERROR] Alpaca connection failed: Unknown format code 'f' for object of type 'str'
2026-06-03 18:16:31 [INFO] Telegram bot ready
2026-06-03 18:16:31 [INFO] US Bot initialized
2026-06-03 18:16:31 [INFO] [TELEGRAM] 🚀 <b>US Bot Online</b>
Ready for Sharia-compliant US trading...
2026-06-03 18:16:31 [INFO] HTTP Request: POST https://api.telegram.org/bot7725987063:AAH9x8vL5wQ3xN7yT4hB6cF1aE0dG2iJ8mR/sendMessage "HTTP/1.1 401 Unauthorized"
2026-06-03 18:16:31 [ERROR] Send failed: Unauthorized
2026-06-03 18:17:09 [INFO] Shutdown signal received
2026-06-03 18:17:09 [INFO] US Bot stopped
2026-06-03 18:17:13 [INFO] ============================================================
2026-06-03 18:17:13 [INFO] US TRADING BOT STARTED
2026-06-03 18:17:13 [INFO] ============================================================
2026-06-03 18:17:13 [INFO] Initializing US Bot...
2026-06-03 18:17:13 [INFO] AlpacaTrader initialized (PAPER)
2026-06-03 18:17:14 [INFO] Alpaca connected: $100,000.00 cash
2026-06-03 18:17:14 [INFO] Telegram bot ready
2026-06-03 18:17:14 [INFO] US Bot initialized
2026-06-03 18:17:14 [INFO] [TELEGRAM] 🚀 <b>US Bot Online</b>
Ready for Sharia-compliant US trading...
2026-06-03 18:17:14 [INFO] HTTP Request: POST https://api.telegram.org/bot7725987063:AAH9x8vL5wQ3xN7yT4hB6cF1aE0dG2iJ8mR/sendMessage "HTTP/1.1 401 Unauthorized"
2026-06-03 18:17:14 [ERROR] Send failed: Unauthorized
2026-06-03 18:17:26 [INFO] Shutdown signal received
2026-06-03 18:17:27 [INFO] US Bot stopped
2026-06-03 18:17:28 [INFO] ============================================================
2026-06-03 18:17:28 [INFO] US TRADING BOT STARTED
2026-06-03 18:17:28 [INFO] ============================================================
2026-06-03 18:17:28 [INFO] Initializing US Bot...
2026-06-03 18:17:28 [INFO] AlpacaTrader initialized (PAPER)
2026-06-03 18:17:28 [INFO] Alpaca connected: $100,000.00 cash
2026-06-03 18:17:29 [INFO] Telegram bot ready
2026-06-03 18:17:29 [INFO] US Bot initialized
2026-06-03 18:17:29 [INFO] [TELEGRAM] 🚀 <b>US Bot Online</b>
Ready for Sharia-compliant US trading...
2026-06-03 18:17:29 [INFO] HTTP Request: POST https://api.telegram.org/bot8989533040:AAFWzP_lYL3g_w4eXGxrvwdo-tBNdPxVYQU/sendMessage "HTTP/1.1 200 OK"
2026-06-03 22:45:30 [INFO] 15:45 ET — auto STAND DOWN
2026-06-03 22:45:30 [INFO] [TELEGRAM] ⏰ <b>US Hard Close</b>
Auto STAND DOWN at 15:45 ET...
2026-06-03 22:45:30 [ERROR] Send failed: Unknown error in HTTP implementation: RuntimeError('Event loop is closed')
2026-06-04 01:24:30 [ERROR] Save capital failed: ('Connection aborted.', RemoteDisconnected('Remote end closed connection without response'))
2026-06-04 01:37:33 [ERROR] Save capital failed: ('Connection aborted.', RemoteDisconnected('Remote end closed connection without response'))
2026-06-04 02:39:57 [ERROR] Save capital failed: ('Connection aborted.', RemoteDisconnected('Remote end closed connection without response'))
2026-06-04 04:25:20 [INFO] Shutdown signal received
2026-06-04 04:25:20 [INFO] US Bot stopped
2026-06-04 08:14:48 [INFO] ============================================================
2026-06-04 08:14:48 [INFO] US TRADING BOT STARTED
2026-06-04 08:14:48 [INFO] ============================================================
2026-06-04 08:14:48 [INFO] Initializing US Bot...
2026-06-04 08:14:48 [INFO] AlpacaTrader initialized (PAPER)
2026-06-04 08:14:48 [INFO] Alpaca connected: $100,000.00 cash
2026-06-04 08:14:48 [INFO] Telegram bot ready
2026-06-04 08:14:48 [INFO] US Bot initialized
2026-06-04 08:14:48 [INFO] [TELEGRAM] 🚀 <b>US Bot Online</b>
Ready for Sharia-compliant US trading...
2026-06-04 08:14:49 [INFO] HTTP Request: POST https://api.telegram.org/bot8617061863:AAEPDTEn1UAwsrlsdo4q8hjjjEcq4Fc0Lws/sendMessage "HTTP/1.1 200 OK"
2026-06-04 08:17:04 [INFO] Shutdown signal received
2026-06-04 08:17:05 [INFO] US Bot stopped
2026-06-04 08:17:06 [INFO] ============================================================
2026-06-04 08:17:06 [INFO] US TRADING BOT STARTED
2026-06-04 08:17:06 [INFO] ============================================================
2026-06-04 08:17:06 [INFO] Initializing US Bot...
2026-06-04 08:17:06 [INFO] AlpacaTrader initialized (PAPER)
2026-06-04 08:17:06 [INFO] Alpaca connected: $100,000.00 cash
2026-06-04 08:17:07 [INFO] Telegram bot ready
2026-06-04 08:17:07 [INFO] US Bot initialized
2026-06-04 08:17:07 [INFO] [TELEGRAM] 🚀 <b>US Bot Online</b>
Ready for Sharia-compliant US trading...
2026-06-04 08:17:07 [INFO] HTTP Request: POST https://api.telegram.org/bot8617061863:AAEPDTEn1UAwsrlsdo4q8hjjjEcq4Fc0Lws/sendMessage "HTTP/1.1 200 OK"
2026-06-04 09:19:57 [ERROR] Save capital failed: ('Connection aborted.', RemoteDisconnected('Remote end closed connection without response'))
2026-06-04 22:45:15 [INFO] 15:45 ET — auto STAND DOWN
2026-06-04 22:45:15 [INFO] [TELEGRAM] ⏰ <b>US Hard Close</b>
Auto STAND DOWN at 15:45 ET...
2026-06-04 22:45:15 [ERROR] Send failed: Unknown error in HTTP implementation: RuntimeError('Event loop is closed')
2026-06-05 21:50:07 [ERROR] Save capital failed: ('Connection aborted.', RemoteDisconnected('Remote end closed connection without response'))
2026-06-05 21:51:30 [ERROR] Save capital failed: ('Connection aborted.', RemoteDisconnected('Remote end closed connection without response'))
2026-06-05 22:43:41 [INFO] Shutdown signal received
2026-06-05 22:43:42 [INFO] US Bot stopped
2026-06-05 22:44:18 [INFO] ============================================================
2026-06-05 22:44:18 [INFO] US TRADING BOT STARTED
2026-06-05 22:44:18 [INFO] ============================================================
2026-06-05 22:44:18 [INFO] Initializing US Bot...
2026-06-05 22:44:18 [INFO] AlpacaTrader initialized (PAPER)
2026-06-05 22:44:19 [INFO] Alpaca connected: $100,000.00 cash
2026-06-05 22:44:19 [INFO] Telegram bot ready
2026-06-05 22:44:19 [INFO] US Bot initialized
2026-06-05 22:44:19 [INFO] [TELEGRAM] 🚀 <b>US Bot Online</b>
Ready for Sharia-compliant US trading...
2026-06-05 22:44:20 [INFO] HTTP Request: POST https://api.telegram.org/bot8617061863:AAEPDTEn1UAwsrlsdo4q8hjjjEcq4Fc0Lws/sendMessage "HTTP/1.1 200 OK"
2026-06-06 04:55:59 [ERROR] Save capital failed: ('Connection aborted.', RemoteDisconnected('Remote end closed connection without response'))
2026-06-06 14:14:58 [ERROR] Save capital failed: internal server error occurred
2026-06-06 14:14:58 [ERROR] Save positions failed: internal server error occurred
2026-06-06 14:15:58 [ERROR] Save capital failed: internal server error occurred
2026-06-06 14:15:58 [ERROR] Save positions failed: internal server error occurred
2026-06-06 14:16:59 [ERROR] Save capital failed: internal server error occurred
2026-06-06 14:16:59 [ERROR] Save positions failed: internal server error occurred
2026-06-06 14:17:59 [ERROR] Save capital failed: internal server error occurred
2026-06-06 14:17:59 [ERROR] Save positions failed: internal server error occurred
2026-06-06 14:18:59 [ERROR] Save capital failed: internal server error occurred
2026-06-06 14:19:00 [ERROR] Save positions failed: internal server error occurred
2026-06-06 14:20:00 [ERROR] Save capital failed: internal server error occurred
2026-06-06 14:20:00 [ERROR] Save positions failed: internal server error occurred
2026-06-06 14:21:00 [ERROR] Save capital failed: internal server error occurred
2026-06-06 14:21:00 [ERROR] Save positions failed: internal server error occurred
2026-06-06 14:22:01 [ERROR] Save capital failed: internal server error occurred
2026-06-06 14:22:01 [ERROR] Save positions failed: internal server error occurred
2026-06-06 14:23:01 [ERROR] Save capital failed: internal server error occurred
2026-06-06 14:23:01 [ERROR] Save positions failed: internal server error occurred
2026-06-06 14:24:01 [ERROR] Save capital failed: internal server error occurred
2026-06-06 14:24:02 [ERROR] Save positions failed: internal server error occurred
2026-06-06 14:39:34 [ERROR] Save capital failed: service unavailable
2026-06-06 14:39:59 [ERROR] Save positions failed: service unavailable
2026-06-06 14:41:25 [ERROR] Save capital failed: service unavailable
2026-06-06 14:41:51 [ERROR] Save positions failed: service unavailable
2026-06-06 15:08:18 [INFO] Shutdown signal received
2026-06-06 15:08:19 [INFO] US Bot stopped
2026-06-06 15:08:54 [INFO] ============================================================
2026-06-06 15:08:54 [INFO] US TRADING BOT STARTED
2026-06-06 15:08:54 [INFO] ============================================================
2026-06-06 15:08:54 [INFO] Initializing US Bot...
2026-06-06 15:08:54 [INFO] AlpacaTrader initialized (PAPER)
2026-06-06 15:08:55 [INFO] Alpaca connected: $100,000.00 cash
2026-06-06 15:08:55 [INFO] Telegram bot ready
2026-06-06 15:08:55 [INFO] US Bot initialized
2026-06-06 15:08:55 [INFO] [TELEGRAM] 🚀 <b>US Bot Online</b>
Ready for Sharia-compliant US trading...
2026-06-06 15:08:56 [INFO] HTTP Request: POST https://api.telegram.org/bot8617061863:AAEPDTEn1UAwsrlsdo4q8hjjjEcq4Fc0Lws/sendMessage "HTTP/1.1 200 OK"
2026-06-07 10:24:50 [INFO] Shutdown signal received
2026-06-07 10:24:50 [INFO] US Bot stopped
2026-06-07 10:25:57 [INFO] ============================================================
2026-06-07 10:25:57 [INFO] US TRADING BOT STARTED
2026-06-07 10:25:57 [INFO] ============================================================
2026-06-07 10:25:57 [INFO] Initializing US Bot...
2026-06-07 10:25:57 [INFO] AlpacaTrader initialized (PAPER)
2026-06-07 10:25:58 [INFO] Alpaca connected: $100,000.00 cash
2026-06-07 10:25:58 [INFO] Telegram bot ready
2026-06-07 10:25:58 [INFO] US Bot initialized
2026-06-07 10:25:58 [INFO] [TELEGRAM] 🚀 <b>US Bot Online</b>
Ready for Sharia-compliant US trading...
2026-06-07 10:25:58 [INFO] HTTP Request: POST https://api.telegram.org/bot8617061863:AAEPDTEn1UAwsrlsdo4q8hjjjEcq4Fc0Lws/sendMessage "HTTP/1.1 200 OK"
2026-06-07 10:52:19 [INFO] ============================================================
2026-06-07 10:52:19 [INFO] US TRADING BOT STARTED
2026-06-07 10:52:19 [INFO] ============================================================
2026-06-07 10:52:19 [INFO] Initializing US Bot...
2026-06-07 10:52:19 [INFO] AlpacaTrader initialized (PAPER)
2026-06-07 10:52:20 [INFO] Alpaca connected: $100,000.00 cash
2026-06-07 10:52:20 [INFO] Telegram bot ready
2026-06-07 10:52:20 [INFO] US Bot initialized
2026-06-07 10:52:20 [INFO] [TELEGRAM] 🚀 <b>US Bot Online</b>
Ready for Sharia-compliant US trading...
2026-06-07 10:52:20 [INFO] HTTP Request: POST https://api.telegram.org/bot8617061863:AAEPDTEn1UAwsrlsdo4q8hjjjEcq4Fc0Lws/sendMessage "HTTP/1.1 200 OK"
2026-06-07 10:53:40 [INFO] ============================================================
2026-06-07 10:53:40 [INFO] US TRADING BOT STARTED
2026-06-07 10:53:40 [INFO] ============================================================
2026-06-07 10:53:40 [INFO] Initializing US Bot...
2026-06-07 10:53:40 [INFO] AlpacaTrader initialized (PAPER)
2026-06-07 10:53:40 [INFO] Alpaca connected: $100,000.00 cash
2026-06-07 10:53:40 [INFO] Telegram bot ready
2026-06-07 10:53:40 [INFO] US Bot initialized
2026-06-07 10:53:40 [INFO] [TELEGRAM] 🚀 <b>US Bot Online</b>
Ready for Sharia-compliant US trading...
2026-06-07 10:53:41 [INFO] HTTP Request: POST https://api.telegram.org/bot8617061863:AAEPDTEn1UAwsrlsdo4q8hjjjEcq4Fc0Lws/sendMessage "HTTP/1.1 200 OK"
2026-06-07 11:16:50 [ERROR] Save capital failed: ('Connection aborted.', RemoteDisconnected('Remote end closed connection without response'))
2026-06-07 14:50:28 [ERROR] Save capital failed: ('Connection aborted.', RemoteDisconnected('Remote end closed connection without response'))
2026-06-07 17:42:54 [INFO] Shutdown signal received
2026-06-07 17:42:54 [INFO] US Bot stopped
2026-06-07 17:43:45 [INFO] ============================================================
2026-06-07 17:43:45 [INFO] US TRADING BOT STARTED
2026-06-07 17:43:45 [INFO] ============================================================
2026-06-07 17:43:45 [INFO] Initializing US Bot...
2026-06-07 17:43:45 [INFO] AlpacaTrader initialized (PAPER)
2026-06-07 17:43:46 [INFO] Alpaca connected: $100,000.00 cash
2026-06-07 17:43:46 [INFO] Telegram bot ready
2026-06-07 17:43:46 [INFO] US Bot initialized
2026-06-07 17:43:46 [INFO] [TELEGRAM] 🚀 <b>US Bot Online</b>
Ready for Sharia-compliant US trading...
2026-06-07 17:43:47 [INFO] HTTP Request: POST https://api.telegram.org/bot8617061863:AAEPDTEn1UAwsrlsdo4q8hjjjEcq4Fc0Lws/sendMessage "HTTP/1.1 200 OK"
2026-06-07 23:36:32 [INFO] Shutdown signal received
2026-06-07 23:36:32 [INFO] US Bot stopped
2026-06-07 23:37:03 [INFO] ============================================================
2026-06-07 23:37:03 [INFO] US TRADING BOT STARTED
2026-06-07 23:37:03 [INFO] ============================================================
2026-06-07 23:37:03 [INFO] Initializing US Bot...
2026-06-07 23:37:03 [INFO] AlpacaTrader initialized (PAPER)
2026-06-07 23:37:04 [INFO] Alpaca connected: $100,000.00 cash
2026-06-07 23:37:04 [INFO] Telegram bot ready
2026-06-07 23:37:04 [INFO] US Bot initialized
2026-06-07 23:37:04 [INFO] [TELEGRAM] 🚀 <b>US Bot Online</b>
Ready for Sharia-compliant US trading...
2026-06-07 23:37:05 [INFO] HTTP Request: POST https://api.telegram.org/bot8617061863:AAEPDTEn1UAwsrlsdo4q8hjjjEcq4Fc0Lws/sendMessage "HTTP/1.1 200 OK"
2026-06-08 20:34:12 [INFO] Shutdown signal received
2026-06-08 20:34:12 [INFO] US Bot stopped
2026-06-08 20:34:15 [INFO] ============================================================
2026-06-08 20:34:15 [INFO] US TRADING BOT STARTED
2026-06-08 20:34:15 [INFO] ============================================================
2026-06-08 20:34:15 [INFO] Initializing US Bot...
2026-06-08 20:34:15 [INFO] AlpacaTrader initialized (PAPER)
2026-06-08 20:34:16 [INFO] Alpaca connected: $100,000.00 cash
2026-06-08 20:34:16 [INFO] Telegram bot ready
2026-06-08 20:34:16 [INFO] US Bot initialized
2026-06-08 20:34:16 [INFO] [TELEGRAM] 🚀 <b>US Bot Online</b>
Ready for Sharia-compliant US trading...
2026-06-08 20:34:16 [INFO] HTTP Request: POST https://api.telegram.org/bot8617061863:AAEPDTEn1UAwsrlsdo4q8hjjjEcq4Fc0Lws/sendMessage "HTTP/1.1 200 OK"
2026-06-08 23:19:23 [INFO] Shutdown signal received
2026-06-08 23:19:23 [INFO] US Bot stopped
2026-06-15 08:36:38 [INFO] ============================================================
2026-06-15 08:36:38 [INFO] US TRADING BOT STARTED
2026-06-15 08:36:38 [INFO] ============================================================
2026-06-15 08:36:38 [INFO] Initializing US Bot...
2026-06-15 08:36:38 [INFO] AlpacaTrader initialized (PAPER)
2026-06-15 08:36:38 [INFO] Alpaca connected: $100,000.00 cash
2026-06-15 08:36:38 [INFO] Telegram bot ready
2026-06-15 08:36:38 [INFO] US Bot initialized
2026-06-15 08:36:38 [INFO] [TELEGRAM] 🚀 <b>US Bot Online</b>
Ready for Sharia-compliant US trading...
2026-06-15 08:36:39 [INFO] HTTP Request: POST https://api.telegram.org/bot8617061863:AAEPDTEn1UAwsrlsdo4q8hjjjEcq4Fc0Lws/sendMessage "HTTP/1.1 200 OK"
2026-06-15 17:33:43 [INFO] Shutdown signal received
2026-06-15 17:33:44 [INFO] US Bot stopped
2026-06-15 17:34:14 [INFO] ============================================================
2026-06-15 17:34:14 [INFO] US TRADING BOT STARTED
2026-06-15 17:34:14 [INFO] ============================================================
2026-06-15 17:34:14 [INFO] Initializing US Bot...
2026-06-15 17:34:14 [INFO] AlpacaTrader initialized (PAPER)
2026-06-15 17:34:15 [INFO] Alpaca connected: $100,000.00 cash
2026-06-15 17:34:15 [INFO] Telegram bot ready
2026-06-15 17:34:15 [INFO] US Bot initialized
2026-06-15 17:34:15 [INFO] [TELEGRAM] 🚀 <b>US Bot Online</b>
Ready for Sharia-compliant US trading...
2026-06-15 17:34:16 [INFO] HTTP Request: POST https://api.telegram.org/bot8617061863:AAEPDTEn1UAwsrlsdo4q8hjjjEcq4Fc0Lws/sendMessage "HTTP/1.1 200 OK"
2026-06-17 11:16:49 [ERROR] Save capital failed: ('Connection aborted.', RemoteDisconnected('Remote end closed connection without response'))
2026-06-17 17:20:54 [INFO] Shutdown signal received
2026-06-17 17:20:55 [INFO] US Bot stopped
2026-06-17 17:20:56 [INFO] ============================================================
2026-06-17 17:20:56 [INFO] US TRADING BOT STARTED
2026-06-17 17:20:56 [INFO] ============================================================
2026-06-17 17:20:56 [INFO] Initializing US Bot...
2026-06-17 17:20:56 [INFO] AlpacaTrader initialized (PAPER)
2026-06-17 17:20:57 [INFO] Alpaca connected: $100,000.00 cash
2026-06-17 17:20:57 [INFO] Telegram bot ready
2026-06-17 17:20:57 [INFO] US Bot initialized
2026-06-17 17:20:57 [INFO] [TELEGRAM] 🚀 <b>US Bot Online</b>
Ready for Sharia-compliant US trading...
2026-06-17 17:20:58 [INFO] HTTP Request: POST https://api.telegram.org/bot8617061863:AAEPDTEn1UAwsrlsdo4q8hjjjEcq4Fc0Lws/sendMessage "HTTP/1.1 200 OK"
2026-06-18 20:14:53 [INFO] Shutdown signal received
2026-06-18 20:14:53 [INFO] US Bot stopped
2026-06-18 20:15:22 [INFO] ============================================================
2026-06-18 20:15:23 [INFO] US TRADING BOT STARTED
2026-06-18 20:15:23 [INFO] ============================================================
2026-06-18 20:15:23 [INFO] Initializing US Bot...
2026-06-18 20:15:23 [INFO] AlpacaTrader initialized (PAPER)
2026-06-18 20:15:24 [INFO] Alpaca connected: $9,996.91 cash
2026-06-18 20:15:24 [INFO] Telegram bot ready
2026-06-18 20:15:24 [INFO] US Bot initialized
2026-06-18 20:15:24 [INFO] [TELEGRAM] 🚀 <b>US Bot Online</b>
Ready for Sharia-compliant US trading...
2026-06-18 20:15:25 [INFO] HTTP Request: POST https://api.telegram.org/bot8617061863:AAEPDTEn1UAwsrlsdo4q8hjjjEcq4Fc0Lws/sendMessage "HTTP/1.1 200 OK"
2026-06-19 00:34:13 [INFO] Shutdown signal received
2026-06-19 00:34:13 [INFO] US Bot stopped
2026-06-19 00:34:14 [INFO] ============================================================
2026-06-19 00:34:14 [INFO] US TRADING BOT STARTED
2026-06-19 00:34:14 [INFO] ============================================================
2026-06-19 00:34:14 [INFO] Initializing US Bot...
2026-06-19 00:34:14 [INFO] AlpacaTrader initialized (PAPER)
2026-06-19 00:34:15 [INFO] Alpaca connected: $98,984.27 cash
2026-06-19 00:34:15 [INFO] Telegram bot ready
2026-06-19 00:34:15 [INFO] US Bot initialized
2026-06-19 00:34:15 [INFO] [TELEGRAM] 🚀 <b>US Bot Online</b>
Ready for Sharia-compliant US trading...
2026-06-19 00:34:15 [INFO] HTTP Request: POST https://api.telegram.org/bot8617061863:AAEPDTEn1UAwsrlsdo4q8hjjjEcq4Fc0Lws/sendMessage "HTTP/1.1 200 OK"
2026-06-19 23:54:49 [INFO] Shutdown signal received
2026-06-19 23:54:49 [INFO] US Bot stopped
2026-06-19 23:55:19 [INFO] ============================================================
2026-06-19 23:55:19 [INFO] US TRADING BOT STARTED
2026-06-19 23:55:19 [INFO] ============================================================
2026-06-19 23:55:19 [INFO] Initializing US Bot...
2026-06-19 23:55:19 [INFO] AlpacaTrader initialized (PAPER)
2026-06-19 23:55:20 [INFO] Alpaca connected: $98,983.95 cash
2026-06-19 23:55:21 [INFO] Telegram bot ready
2026-06-19 23:55:21 [INFO] US Bot initialized
2026-06-19 23:55:21 [INFO] [TELEGRAM] 🚀 <b>US Bot Online</b>
Ready for Sharia-compliant US trading...
2026-06-19 23:55:21 [INFO] HTTP Request: POST https://api.telegram.org/bot8617061863:AAEPDTEn1UAwsrlsdo4q8hjjjEcq4Fc0Lws/sendMessage "HTTP/1.1 200 OK"
2026-06-20 04:40:04 [INFO] Shutdown signal received
2026-06-20 04:40:04 [INFO] US Bot stopped
2026-06-20 04:40:34 [INFO] ============================================================
2026-06-20 04:40:34 [INFO] US TRADING BOT STARTED
2026-06-20 04:40:34 [INFO] ============================================================
2026-06-20 04:40:34 [INFO] Initializing US Bot...
2026-06-20 04:40:34 [INFO] AlpacaTrader initialized (PAPER)
2026-06-20 04:40:35 [INFO] Alpaca connected: $98,983.95 cash
2026-06-20 04:40:35 [INFO] Telegram bot ready
2026-06-20 04:40:35 [INFO] US Bot initialized
2026-06-20 04:40:35 [INFO] [TELEGRAM] 🚀 <b>US Bot Online</b>
Ready for Sharia-compliant US trading...
2026-06-20 04:40:36 [INFO] HTTP Request: POST https://api.telegram.org/bot8617061863:AAEPDTEn1UAwsrlsdo4q8hjjjEcq4Fc0Lws/sendMessage "HTTP/1.1 200 OK"
2026-06-21 05:03:54 [INFO] Shutdown signal received
2026-06-21 05:03:54 [INFO] US Bot stopped
2026-06-21 05:04:26 [INFO] ============================================================
2026-06-21 05:04:26 [INFO] US TRADING BOT STARTED
2026-06-21 05:04:26 [INFO] ============================================================
2026-06-21 05:04:26 [INFO] Initializing US Bot...
2026-06-21 05:04:26 [INFO] AlpacaTrader initialized (PAPER)
2026-06-21 05:04:27 [INFO] Alpaca connected: $98,983.95 cash
2026-06-21 05:04:27 [INFO] Telegram bot ready
2026-06-21 05:04:27 [INFO] US Bot initialized
2026-06-21 05:04:27 [INFO] [TELEGRAM] 🚀 <b>US Bot Online</b>
Ready for Sharia-compliant US trading...
2026-06-21 05:04:27 [INFO] HTTP Request: POST https://api.telegram.org/bot8617061863:AAEPDTEn1UAwsrlsdo4q8hjjjEcq4Fc0Lws/sendMessage "HTTP/1.1 200 OK"
2026-06-21 14:50:02 [ERROR] Save capital failed: ('Connection aborted.', RemoteDisconnected('Remote end closed connection without response'))
2026-06-22 11:16:47 [ERROR] Save capital failed: ('Connection aborted.', RemoteDisconnected('Remote end closed connection without response'))
