2026-06-05 18:17:18 [INFO] Regime: DEFENSIVE — SPY -1.3% over 5 days, VIX 16.3 (elevated fear)
2026-06-05 18:17:18 [WARNING] Market already open — this is a pre-market screener
2026-06-05 18:17:18 [INFO] Starting pre-market screen at 11:17 ET
2026-06-05 18:17:18 [INFO] Universe: 206 Sharia-compliant stocks
2026-06-05 18:17:18 [INFO] Screening 50 stocks...
$DFS: possibly delisted; no price data found  (period=2d) (Yahoo error = "No data found, symbol may be delisted")
2026-06-05 18:17:34 [INFO]   Progress: 10/50 screened, 0 picks
$SQ: possibly delisted; no price data found  (period=2d) (Yahoo error = "No data found, symbol may be delisted")
2026-06-05 18:17:49 [INFO]   Progress: 20/50 screened, 0 picks
$CTRA: possibly delisted; no price data found  (period=2d)
2026-06-05 18:18:03 [INFO]   Progress: 30/50 screened, 0 picks
2026-06-05 18:18:24 [INFO]   Progress: 40/50 screened, 0 picks
2026-06-05 18:18:39 [INFO]   Progress: 50/50 screened, 0 picks
2026-06-05 18:18:40 [INFO] Screen complete: 0 picks from 50 screened
2026-06-05 18:18:40 [INFO] Saved 0 picks to /home/mino/us-exec/us_picks.json

============================================================
PRE-MARKET SCREEN RESULTS
Regime: DEFENSIVE
============================================================
Time: 11:17 ET
Picks: 0

Rank  Symbol   Score    Price      Gap%     Sector
------------------------------------------------------------
============================================================
