2026-06-03 18:17:28 [INFO] ============================================================
2026-06-03 18:17:28 [INFO] US TRADING BOT STARTED
2026-06-03 18:17:28 [INFO] ============================================================
2026-06-03 18:17:28 [INFO] Initializing US Bot...
2026-06-03 18:17:28 [INFO] AlpacaTrader initialized (PAPER)
2026-06-03 18:17:28 [INFO] AlpacaTrader initialized (PAPER)
2026-06-03 18:17:28 [INFO] Alpaca connected: $100,000.00 cash
2026-06-03 18:17:29 [INFO] Telegram bot ready
2026-06-03 18:17:29 [INFO] US Bot initialized
2026-06-03 18:17:29 [INFO] [TELEGRAM] 🚀 <b>US Bot Online</b>
Ready for Sharia-compliant US trading...
2026-06-03 18:17:29 [INFO] [TELEGRAM] 🚀 <b>US Bot Online</b>
Ready for Sharia-compliant US trading...
2026-06-03 18:17:29 [INFO] HTTP Request: POST https://api.telegram.org/bot8989533040:AAFWzP_lYL3g_w4eXGxrvwdo-tBNdPxVYQU/sendMessage "HTTP/1.1 200 OK"
2026-06-03 22:45:30 [INFO] 15:45 ET — auto STAND DOWN
2026-06-03 22:45:30 [INFO] [TELEGRAM] ⏰ <b>US Hard Close</b>
Auto STAND DOWN at 15:45 ET...
2026-06-03 22:45:30 [INFO] [TELEGRAM] ⏰ <b>US Hard Close</b>
Auto STAND DOWN at 15:45 ET...
2026-06-03 22:45:30 [ERROR] Send failed: Unknown error in HTTP implementation: RuntimeError('Event loop is closed')
2026-06-03 22:45:30 [ERROR] Send failed: Unknown error in HTTP implementation: RuntimeError('Event loop is closed')
2026-06-04 01:24:30 [ERROR] Save capital failed: ('Connection aborted.', RemoteDisconnected('Remote end closed connection without response'))
2026-06-04 01:37:33 [ERROR] Save capital failed: ('Connection aborted.', RemoteDisconnected('Remote end closed connection without response'))
2026-06-04 02:39:57 [ERROR] Save capital failed: ('Connection aborted.', RemoteDisconnected('Remote end closed connection without response'))
2026-06-04 04:25:20 [INFO] Shutdown signal received
2026-06-04 04:25:20 [INFO] US Bot stopped
Warning: alpaca-trade-api not installed. Using requests fallback.
=== Latest bot.log ===
2026-06-04 08:14:48 [INFO] ============================================================
2026-06-04 08:14:48 [INFO] US TRADING BOT STARTED
2026-06-04 08:14:48 [INFO] ============================================================
2026-06-04 08:14:48 [INFO] Initializing US Bot...
2026-06-04 08:14:48 [INFO] AlpacaTrader initialized (PAPER)
2026-06-04 08:14:48 [INFO] AlpacaTrader initialized (PAPER)
2026-06-04 08:14:48 [INFO] Alpaca connected: $100,000.00 cash
2026-06-04 08:14:48 [INFO] Telegram bot ready
2026-06-04 08:14:48 [INFO] US Bot initialized
2026-06-04 08:14:48 [INFO] [TELEGRAM] 🚀 <b>US Bot Online</b>
Ready for Sharia-compliant US trading...
2026-06-04 08:14:48 [INFO] [TELEGRAM] 🚀 <b>US Bot Online</b>
Ready for Sharia-compliant US trading...
2026-06-04 08:14:49 [INFO] HTTP Request: POST https://api.telegram.org/bot8617061863:AAEPDTEn1UAwsrlsdo4q8hjjjEcq4Fc0Lws/sendMessage "HTTP/1.1 200 OK"
2026-06-04 08:17:04 [INFO] Shutdown signal received
2026-06-04 08:17:05 [INFO] US Bot stopped
2026-06-04 08:17:06 [INFO] ============================================================
2026-06-04 08:17:06 [INFO] US TRADING BOT STARTED
2026-06-04 08:17:06 [INFO] ============================================================
2026-06-04 08:17:06 [INFO] Initializing US Bot...
2026-06-04 08:17:06 [INFO] AlpacaTrader initialized (PAPER)
2026-06-04 08:17:06 [INFO] AlpacaTrader initialized (PAPER)
2026-06-04 08:17:06 [INFO] Alpaca connected: $100,000.00 cash
2026-06-04 08:17:07 [INFO] Telegram bot ready
2026-06-04 08:17:07 [INFO] US Bot initialized
2026-06-04 08:17:07 [INFO] [TELEGRAM] 🚀 <b>US Bot Online</b>
Ready for Sharia-compliant US trading...
2026-06-04 08:17:07 [INFO] [TELEGRAM] 🚀 <b>US Bot Online</b>
Ready for Sharia-compliant US trading...
2026-06-04 08:17:07 [INFO] HTTP Request: POST https://api.telegram.org/bot8617061863:AAEPDTEn1UAwsrlsdo4q8hjjjEcq4Fc0Lws/sendMessage "HTTP/1.1 200 OK"
2026-06-04 09:19:57 [ERROR] Save capital failed: ('Connection aborted.', RemoteDisconnected('Remote end closed connection without response'))
2026-06-04 22:45:15 [INFO] 15:45 ET — auto STAND DOWN
2026-06-04 22:45:15 [INFO] [TELEGRAM] ⏰ <b>US Hard Close</b>
Auto STAND DOWN at 15:45 ET...
2026-06-04 22:45:15 [INFO] [TELEGRAM] ⏰ <b>US Hard Close</b>
Auto STAND DOWN at 15:45 ET...
2026-06-04 22:45:15 [ERROR] Send failed: Unknown error in HTTP implementation: RuntimeError('Event loop is closed')
2026-06-04 22:45:15 [ERROR] Send failed: Unknown error in HTTP implementation: RuntimeError('Event loop is closed')
2026-06-05 21:50:07 [ERROR] Save capital failed: ('Connection aborted.', RemoteDisconnected('Remote end closed connection without response'))
2026-06-05 21:51:30 [ERROR] Save capital failed: ('Connection aborted.', RemoteDisconnected('Remote end closed connection without response'))
2026-06-05 22:43:41 [INFO] Shutdown signal received
2026-06-05 22:43:42 [INFO] US Bot stopped
2026-06-05 22:44:18 [INFO] ============================================================
2026-06-05 22:44:18 [INFO] US TRADING BOT STARTED
2026-06-05 22:44:18 [INFO] ============================================================
2026-06-05 22:44:18 [INFO] Initializing US Bot...
2026-06-05 22:44:18 [INFO] AlpacaTrader initialized (PAPER)
2026-06-05 22:44:18 [INFO] AlpacaTrader initialized (PAPER)
2026-06-05 22:44:19 [INFO] Alpaca connected: $100,000.00 cash
2026-06-05 22:44:19 [INFO] Telegram bot ready
2026-06-05 22:44:19 [INFO] US Bot initialized
2026-06-05 22:44:19 [INFO] [TELEGRAM] 🚀 <b>US Bot Online</b>
Ready for Sharia-compliant US trading...
2026-06-05 22:44:19 [INFO] [TELEGRAM] 🚀 <b>US Bot Online</b>
Ready for Sharia-compliant US trading...
2026-06-05 22:44:20 [INFO] HTTP Request: POST https://api.telegram.org/bot8617061863:AAEPDTEn1UAwsrlsdo4q8hjjjEcq4Fc0Lws/sendMessage "HTTP/1.1 200 OK"
2026-06-06 04:55:59 [ERROR] Save capital failed: ('Connection aborted.', RemoteDisconnected('Remote end closed connection without response'))
2026-06-06 14:14:58 [ERROR] Save capital failed: internal server error occurred
2026-06-06 14:14:58 [ERROR] Save positions failed: internal server error occurred
2026-06-06 14:15:58 [ERROR] Save capital failed: internal server error occurred
2026-06-06 14:15:58 [ERROR] Save positions failed: internal server error occurred
2026-06-06 14:16:59 [ERROR] Save capital failed: internal server error occurred
2026-06-06 14:16:59 [ERROR] Save positions failed: internal server error occurred
2026-06-06 14:17:59 [ERROR] Save capital failed: internal server error occurred
2026-06-06 14:17:59 [ERROR] Save positions failed: internal server error occurred
2026-06-06 14:18:59 [ERROR] Save capital failed: internal server error occurred
2026-06-06 14:19:00 [ERROR] Save positions failed: internal server error occurred
2026-06-06 14:20:00 [ERROR] Save capital failed: internal server error occurred
2026-06-06 14:20:00 [ERROR] Save positions failed: internal server error occurred
2026-06-06 14:21:00 [ERROR] Save capital failed: internal server error occurred
2026-06-06 14:21:00 [ERROR] Save positions failed: internal server error occurred
2026-06-06 14:22:01 [ERROR] Save capital failed: internal server error occurred
2026-06-06 14:22:01 [ERROR] Save positions failed: internal server error occurred
2026-06-06 14:23:01 [ERROR] Save capital failed: internal server error occurred
2026-06-06 14:23:01 [ERROR] Save positions failed: internal server error occurred
2026-06-06 14:24:01 [ERROR] Save capital failed: internal server error occurred
2026-06-06 14:24:02 [ERROR] Save positions failed: internal server error occurred
2026-06-06 14:39:34 [ERROR] Save capital failed: service unavailable
2026-06-06 14:39:59 [ERROR] Save positions failed: service unavailable
2026-06-06 14:41:25 [ERROR] Save capital failed: service unavailable
2026-06-06 14:41:51 [ERROR] Save positions failed: service unavailable
2026-06-06 15:08:18 [INFO] Shutdown signal received
2026-06-06 15:08:19 [INFO] US Bot stopped
2026-06-06 15:08:54 [INFO] ============================================================
2026-06-06 15:08:54 [INFO] US TRADING BOT STARTED
2026-06-06 15:08:54 [INFO] ============================================================
2026-06-06 15:08:54 [INFO] Initializing US Bot...
2026-06-06 15:08:54 [INFO] AlpacaTrader initialized (PAPER)
2026-06-06 15:08:54 [INFO] AlpacaTrader initialized (PAPER)
2026-06-06 15:08:55 [INFO] Alpaca connected: $100,000.00 cash
2026-06-06 15:08:55 [INFO] Telegram bot ready
2026-06-06 15:08:55 [INFO] US Bot initialized
2026-06-06 15:08:55 [INFO] [TELEGRAM] 🚀 <b>US Bot Online</b>
Ready for Sharia-compliant US trading...
2026-06-06 15:08:55 [INFO] [TELEGRAM] 🚀 <b>US Bot Online</b>
Ready for Sharia-compliant US trading...
2026-06-06 15:08:56 [INFO] HTTP Request: POST https://api.telegram.org/bot8617061863:AAEPDTEn1UAwsrlsdo4q8hjjjEcq4Fc0Lws/sendMessage "HTTP/1.1 200 OK"
2026-06-07 10:24:50 [INFO] Shutdown signal received
2026-06-07 10:24:50 [INFO] US Bot stopped
2026-06-07 10:25:57 [INFO] ============================================================
2026-06-07 10:25:57 [INFO] US TRADING BOT STARTED
2026-06-07 10:25:57 [INFO] ============================================================
2026-06-07 10:25:57 [INFO] Initializing US Bot...
2026-06-07 10:25:57 [INFO] AlpacaTrader initialized (PAPER)
2026-06-07 10:25:57 [INFO] AlpacaTrader initialized (PAPER)
2026-06-07 10:25:58 [INFO] Alpaca connected: $100,000.00 cash
2026-06-07 10:25:58 [INFO] Telegram bot ready
2026-06-07 10:25:58 [INFO] US Bot initialized
2026-06-07 10:25:58 [INFO] [TELEGRAM] 🚀 <b>US Bot Online</b>
Ready for Sharia-compliant US trading...
2026-06-07 10:25:58 [INFO] [TELEGRAM] 🚀 <b>US Bot Online</b>
Ready for Sharia-compliant US trading...
2026-06-07 10:25:58 [INFO] HTTP Request: POST https://api.telegram.org/bot8617061863:AAEPDTEn1UAwsrlsdo4q8hjjjEcq4Fc0Lws/sendMessage "HTTP/1.1 200 OK"
2026-06-07 10:52:19 [INFO] ============================================================
2026-06-07 10:52:19 [INFO] US TRADING BOT STARTED
2026-06-07 10:52:19 [INFO] ============================================================
2026-06-07 10:52:19 [INFO] Initializing US Bot...
2026-06-07 10:52:19 [INFO] AlpacaTrader initialized (PAPER)
2026-06-07 10:52:19 [INFO] AlpacaTrader initialized (PAPER)
2026-06-07 10:52:20 [INFO] Alpaca connected: $100,000.00 cash
2026-06-07 10:52:20 [INFO] Telegram bot ready
2026-06-07 10:52:20 [INFO] US Bot initialized
2026-06-07 10:52:20 [INFO] [TELEGRAM] 🚀 <b>US Bot Online</b>
Ready for Sharia-compliant US trading...
2026-06-07 10:52:20 [INFO] [TELEGRAM] 🚀 <b>US Bot Online</b>
Ready for Sharia-compliant US trading...
2026-06-07 10:52:20 [INFO] HTTP Request: POST https://api.telegram.org/bot8617061863:AAEPDTEn1UAwsrlsdo4q8hjjjEcq4Fc0Lws/sendMessage "HTTP/1.1 200 OK"
2026-06-07 10:53:40 [INFO] ============================================================
2026-06-07 10:53:40 [INFO] US TRADING BOT STARTED
2026-06-07 10:53:40 [INFO] ============================================================
2026-06-07 10:53:40 [INFO] Initializing US Bot...
2026-06-07 10:53:40 [INFO] AlpacaTrader initialized (PAPER)
2026-06-07 10:53:40 [INFO] AlpacaTrader initialized (PAPER)
2026-06-07 10:53:40 [INFO] Alpaca connected: $100,000.00 cash
2026-06-07 10:53:40 [INFO] Telegram bot ready
2026-06-07 10:53:40 [INFO] US Bot initialized
2026-06-07 10:53:40 [INFO] [TELEGRAM] 🚀 <b>US Bot Online</b>
Ready for Sharia-compliant US trading...
2026-06-07 10:53:40 [INFO] [TELEGRAM] 🚀 <b>US Bot Online</b>
Ready for Sharia-compliant US trading...
2026-06-07 10:53:41 [INFO] HTTP Request: POST https://api.telegram.org/bot8617061863:AAEPDTEn1UAwsrlsdo4q8hjjjEcq4Fc0Lws/sendMessage "HTTP/1.1 200 OK"
2026-06-07 11:16:50 [ERROR] Save capital failed: ('Connection aborted.', RemoteDisconnected('Remote end closed connection without response'))
2026-06-07 14:50:28 [ERROR] Save capital failed: ('Connection aborted.', RemoteDisconnected('Remote end closed connection without response'))
2026-06-07 17:42:54 [INFO] Shutdown signal received
2026-06-07 17:42:54 [INFO] US Bot stopped
2026-06-07 17:43:45 [INFO] ============================================================
2026-06-07 17:43:45 [INFO] US TRADING BOT STARTED
2026-06-07 17:43:45 [INFO] ============================================================
2026-06-07 17:43:45 [INFO] Initializing US Bot...
2026-06-07 17:43:45 [INFO] AlpacaTrader initialized (PAPER)
2026-06-07 17:43:45 [INFO] AlpacaTrader initialized (PAPER)
2026-06-07 17:43:46 [INFO] Alpaca connected: $100,000.00 cash
2026-06-07 17:43:46 [INFO] Telegram bot ready
2026-06-07 17:43:46 [INFO] US Bot initialized
2026-06-07 17:43:46 [INFO] [TELEGRAM] 🚀 <b>US Bot Online</b>
Ready for Sharia-compliant US trading...
2026-06-07 17:43:46 [INFO] [TELEGRAM] 🚀 <b>US Bot Online</b>
Ready for Sharia-compliant US trading...
2026-06-07 17:43:47 [INFO] HTTP Request: POST https://api.telegram.org/bot8617061863:AAEPDTEn1UAwsrlsdo4q8hjjjEcq4Fc0Lws/sendMessage "HTTP/1.1 200 OK"
2026-06-07 23:36:32 [INFO] Shutdown signal received
2026-06-07 23:36:32 [INFO] US Bot stopped
2026-06-07 23:37:03 [INFO] ============================================================
2026-06-07 23:37:03 [INFO] US TRADING BOT STARTED
2026-06-07 23:37:03 [INFO] ============================================================
2026-06-07 23:37:03 [INFO] Initializing US Bot...
2026-06-07 23:37:03 [INFO] AlpacaTrader initialized (PAPER)
2026-06-07 23:37:03 [INFO] AlpacaTrader initialized (PAPER)
2026-06-07 23:37:04 [INFO] Alpaca connected: $100,000.00 cash
2026-06-07 23:37:04 [INFO] Telegram bot ready
2026-06-07 23:37:04 [INFO] US Bot initialized
2026-06-07 23:37:04 [INFO] [TELEGRAM] 🚀 <b>US Bot Online</b>
Ready for Sharia-compliant US trading...
2026-06-07 23:37:04 [INFO] [TELEGRAM] 🚀 <b>US Bot Online</b>
Ready for Sharia-compliant US trading...
2026-06-07 23:37:05 [INFO] HTTP Request: POST https://api.telegram.org/bot8617061863:AAEPDTEn1UAwsrlsdo4q8hjjjEcq4Fc0Lws/sendMessage "HTTP/1.1 200 OK"
2026-06-08 20:34:12 [INFO] Shutdown signal received
2026-06-08 20:34:12 [INFO] US Bot stopped
2026-06-15 08:36:38 [INFO] ============================================================
2026-06-15 08:36:38 [INFO] US TRADING BOT STARTED
2026-06-15 08:36:38 [INFO] ============================================================
2026-06-15 08:36:38 [INFO] Initializing US Bot...
2026-06-15 08:36:38 [INFO] AlpacaTrader initialized (PAPER)
2026-06-15 08:36:38 [INFO] AlpacaTrader initialized (PAPER)
2026-06-15 08:36:38 [INFO] Alpaca connected: $100,000.00 cash
2026-06-15 08:36:38 [INFO] Telegram bot ready
2026-06-15 08:36:38 [INFO] US Bot initialized
2026-06-15 08:36:38 [INFO] [TELEGRAM] 🚀 <b>US Bot Online</b>
Ready for Sharia-compliant US trading...
2026-06-15 08:36:38 [INFO] [TELEGRAM] 🚀 <b>US Bot Online</b>
Ready for Sharia-compliant US trading...
2026-06-15 08:36:39 [INFO] HTTP Request: POST https://api.telegram.org/bot8617061863:AAEPDTEn1UAwsrlsdo4q8hjjjEcq4Fc0Lws/sendMessage "HTTP/1.1 200 OK"
2026-06-15 17:33:43 [INFO] Shutdown signal received
2026-06-15 17:33:44 [INFO] US Bot stopped
2026-06-15 17:34:14 [INFO] ============================================================
2026-06-15 17:34:14 [INFO] US TRADING BOT STARTED
2026-06-15 17:34:14 [INFO] ============================================================
2026-06-15 17:34:14 [INFO] Initializing US Bot...
2026-06-15 17:34:14 [INFO] AlpacaTrader initialized (PAPER)
2026-06-15 17:34:14 [INFO] AlpacaTrader initialized (PAPER)
2026-06-15 17:34:15 [INFO] Alpaca connected: $100,000.00 cash
2026-06-15 17:34:15 [INFO] Telegram bot ready
2026-06-15 17:34:15 [INFO] US Bot initialized
2026-06-15 17:34:15 [INFO] [TELEGRAM] 🚀 <b>US Bot Online</b>
Ready for Sharia-compliant US trading...
2026-06-15 17:34:15 [INFO] [TELEGRAM] 🚀 <b>US Bot Online</b>
Ready for Sharia-compliant US trading...
2026-06-15 17:34:16 [INFO] HTTP Request: POST https://api.telegram.org/bot8617061863:AAEPDTEn1UAwsrlsdo4q8hjjjEcq4Fc0Lws/sendMessage "HTTP/1.1 200 OK"
2026-06-17 11:16:49 [ERROR] Save capital failed: ('Connection aborted.', RemoteDisconnected('Remote end closed connection without response'))
2026-06-17 17:20:54 [INFO] Shutdown signal received
2026-06-17 17:20:55 [INFO] US Bot stopped
2026-06-17 17:20:56 [INFO] ============================================================
2026-06-17 17:20:56 [INFO] US TRADING BOT STARTED
2026-06-17 17:20:56 [INFO] ============================================================
2026-06-17 17:20:56 [INFO] Initializing US Bot...
2026-06-17 17:20:56 [INFO] AlpacaTrader initialized (PAPER)
2026-06-17 17:20:56 [INFO] AlpacaTrader initialized (PAPER)
2026-06-17 17:20:57 [INFO] Alpaca connected: $100,000.00 cash
2026-06-17 17:20:57 [INFO] Telegram bot ready
2026-06-17 17:20:57 [INFO] US Bot initialized
2026-06-17 17:20:57 [INFO] [TELEGRAM] 🚀 <b>US Bot Online</b>
Ready for Sharia-compliant US trading...
2026-06-17 17:20:57 [INFO] [TELEGRAM] 🚀 <b>US Bot Online</b>
Ready for Sharia-compliant US trading...
2026-06-17 17:20:58 [INFO] HTTP Request: POST https://api.telegram.org/bot8617061863:AAEPDTEn1UAwsrlsdo4q8hjjjEcq4Fc0Lws/sendMessage "HTTP/1.1 200 OK"
2026-06-18 20:14:53 [INFO] Shutdown signal received
2026-06-18 20:14:53 [INFO] US Bot stopped
2026-06-18 20:15:22 [INFO] ============================================================
2026-06-18 20:15:23 [INFO] US TRADING BOT STARTED
2026-06-18 20:15:23 [INFO] ============================================================
2026-06-18 20:15:23 [INFO] Initializing US Bot...
2026-06-18 20:15:23 [INFO] AlpacaTrader initialized (PAPER)
2026-06-18 20:15:23 [INFO] AlpacaTrader initialized (PAPER)
2026-06-18 20:15:24 [INFO] Alpaca connected: $9,996.91 cash
2026-06-18 20:15:24 [INFO] Telegram bot ready
2026-06-18 20:15:24 [INFO] US Bot initialized
2026-06-18 20:15:24 [INFO] [TELEGRAM] 🚀 <b>US Bot Online</b>
Ready for Sharia-compliant US trading...
2026-06-18 20:15:24 [INFO] [TELEGRAM] 🚀 <b>US Bot Online</b>
Ready for Sharia-compliant US trading...
2026-06-18 20:15:25 [INFO] HTTP Request: POST https://api.telegram.org/bot8617061863:AAEPDTEn1UAwsrlsdo4q8hjjjEcq4Fc0Lws/sendMessage "HTTP/1.1 200 OK"
2026-06-19 00:34:13 [INFO] Shutdown signal received
2026-06-19 00:34:13 [INFO] US Bot stopped
2026-06-19 00:34:14 [INFO] ============================================================
2026-06-19 00:34:14 [INFO] US TRADING BOT STARTED
2026-06-19 00:34:14 [INFO] ============================================================
2026-06-19 00:34:14 [INFO] Initializing US Bot...
2026-06-19 00:34:14 [INFO] AlpacaTrader initialized (PAPER)
2026-06-19 00:34:14 [INFO] AlpacaTrader initialized (PAPER)
2026-06-19 00:34:15 [INFO] Alpaca connected: $98,984.27 cash
2026-06-19 00:34:15 [INFO] Telegram bot ready
2026-06-19 00:34:15 [INFO] US Bot initialized
2026-06-19 00:34:15 [INFO] [TELEGRAM] 🚀 <b>US Bot Online</b>
Ready for Sharia-compliant US trading...
2026-06-19 00:34:15 [INFO] [TELEGRAM] 🚀 <b>US Bot Online</b>
Ready for Sharia-compliant US trading...
2026-06-19 00:34:15 [INFO] HTTP Request: POST https://api.telegram.org/bot8617061863:AAEPDTEn1UAwsrlsdo4q8hjjjEcq4Fc0Lws/sendMessage "HTTP/1.1 200 OK"
2026-06-19 23:54:49 [INFO] Shutdown signal received
2026-06-19 23:54:49 [INFO] US Bot stopped
2026-06-19 23:55:19 [INFO] ============================================================
2026-06-19 23:55:19 [INFO] US TRADING BOT STARTED
2026-06-19 23:55:19 [INFO] ============================================================
2026-06-19 23:55:19 [INFO] Initializing US Bot...
2026-06-19 23:55:19 [INFO] AlpacaTrader initialized (PAPER)
2026-06-19 23:55:19 [INFO] AlpacaTrader initialized (PAPER)
2026-06-19 23:55:20 [INFO] Alpaca connected: $98,983.95 cash
2026-06-19 23:55:21 [INFO] Telegram bot ready
2026-06-19 23:55:21 [INFO] US Bot initialized
2026-06-19 23:55:21 [INFO] [TELEGRAM] 🚀 <b>US Bot Online</b>
Ready for Sharia-compliant US trading...
2026-06-19 23:55:21 [INFO] [TELEGRAM] 🚀 <b>US Bot Online</b>
Ready for Sharia-compliant US trading...
2026-06-19 23:55:21 [INFO] HTTP Request: POST https://api.telegram.org/bot8617061863:AAEPDTEn1UAwsrlsdo4q8hjjjEcq4Fc0Lws/sendMessage "HTTP/1.1 200 OK"
2026-06-20 04:40:04 [INFO] Shutdown signal received
2026-06-20 04:40:04 [INFO] US Bot stopped
2026-06-20 04:40:34 [INFO] ============================================================
2026-06-20 04:40:34 [INFO] US TRADING BOT STARTED
2026-06-20 04:40:34 [INFO] ============================================================
2026-06-20 04:40:34 [INFO] Initializing US Bot...
2026-06-20 04:40:34 [INFO] AlpacaTrader initialized (PAPER)
2026-06-20 04:40:34 [INFO] AlpacaTrader initialized (PAPER)
2026-06-20 04:40:35 [INFO] Alpaca connected: $98,983.95 cash
2026-06-20 04:40:35 [INFO] Telegram bot ready
2026-06-20 04:40:35 [INFO] US Bot initialized
2026-06-20 04:40:35 [INFO] [TELEGRAM] 🚀 <b>US Bot Online</b>
Ready for Sharia-compliant US trading...
2026-06-20 04:40:35 [INFO] [TELEGRAM] 🚀 <b>US Bot Online</b>
Ready for Sharia-compliant US trading...
2026-06-20 04:40:36 [INFO] HTTP Request: POST https://api.telegram.org/bot8617061863:AAEPDTEn1UAwsrlsdo4q8hjjjEcq4Fc0Lws/sendMessage "HTTP/1.1 200 OK"
2026-06-21 05:03:54 [INFO] Shutdown signal received
2026-06-21 05:03:54 [INFO] US Bot stopped
2026-06-21 05:04:26 [INFO] ============================================================
2026-06-21 05:04:26 [INFO] US TRADING BOT STARTED
2026-06-21 05:04:26 [INFO] ============================================================
2026-06-21 05:04:26 [INFO] Initializing US Bot...
2026-06-21 05:04:26 [INFO] AlpacaTrader initialized (PAPER)
2026-06-21 05:04:26 [INFO] AlpacaTrader initialized (PAPER)
2026-06-21 05:04:27 [INFO] Alpaca connected: $98,983.95 cash
2026-06-21 05:04:27 [INFO] Telegram bot ready
2026-06-21 05:04:27 [INFO] US Bot initialized
2026-06-21 05:04:27 [INFO] [TELEGRAM] 🚀 <b>US Bot Online</b>
Ready for Sharia-compliant US trading...
2026-06-21 05:04:27 [INFO] [TELEGRAM] 🚀 <b>US Bot Online</b>
Ready for Sharia-compliant US trading...
2026-06-21 05:04:27 [INFO] HTTP Request: POST https://api.telegram.org/bot8617061863:AAEPDTEn1UAwsrlsdo4q8hjjjEcq4Fc0Lws/sendMessage "HTTP/1.1 200 OK"
2026-06-21 14:50:02 [ERROR] Save capital failed: ('Connection aborted.', RemoteDisconnected('Remote end closed connection without response'))
2026-06-22 11:16:47 [ERROR] Save capital failed: ('Connection aborted.', RemoteDisconnected('Remote end closed connection without response'))
2026-06-23 06:48:12 [INFO] Shutdown signal received
2026-06-23 06:48:12 [INFO] US Bot stopped
2026-06-23 06:48:44 [INFO] ============================================================
2026-06-23 06:48:44 [INFO] US TRADING BOT STARTED
2026-06-23 06:48:44 [INFO] ============================================================
2026-06-23 06:48:44 [INFO] Initializing US Bot...
2026-06-23 06:48:44 [INFO] AlpacaTrader initialized (PAPER)
2026-06-23 06:48:44 [INFO] AlpacaTrader initialized (PAPER)
2026-06-23 06:48:45 [INFO] Alpaca connected: $98,857.44 cash
2026-06-23 06:48:45 [INFO] Telegram bot ready
2026-06-23 06:48:45 [INFO] US Bot initialized
2026-06-23 06:48:45 [INFO] [TELEGRAM] 🚀 <b>US Bot Online</b>
Ready for Sharia-compliant US trading...
2026-06-23 06:48:45 [INFO] [TELEGRAM] 🚀 <b>US Bot Online</b>
Ready for Sharia-compliant US trading...
2026-06-23 06:48:46 [INFO] HTTP Request: POST https://api.telegram.org/bot8617061863:AAEPDTEn1UAwsrlsdo4q8hjjjEcq4Fc0Lws/sendMessage "HTTP/1.1 200 OK"
2026-06-23 09:34:04 [ERROR] Save capital failed: ('Connection aborted.', RemoteDisconnected('Remote end closed connection without response'))
2026-06-23 10:15:50 [ERROR] Save capital failed: ('Connection aborted.', RemoteDisconnected('Remote end closed connection without response'))
2026-06-23 10:15:50 [ERROR] Save positions failed: HTTPSConnectionPool(host='paper-api.alpaca.markets', port=443): Max retries exceeded with url: /v2/positions (Caused by NewConnectionError('<urllib3.connection.HTTPSConnection object at 0x7bea0c52ce00>: Failed to establish a new connection: [Errno -3] Temporary failure in name resolution'))
2026-06-23 10:16:50 [ERROR] Save capital failed: HTTPSConnectionPool(host='paper-api.alpaca.markets', port=443): Max retries exceeded with url: /v2/account (Caused by NewConnectionError('<urllib3.connection.HTTPSConnection object at 0x7bea0c52cdd0>: Failed to establish a new connection: [Errno -3] Temporary failure in name resolution'))
2026-06-23 10:16:50 [ERROR] Save positions failed: HTTPSConnectionPool(host='paper-api.alpaca.markets', port=443): Max retries exceeded with url: /v2/positions (Caused by NewConnectionError('<urllib3.connection.HTTPSConnection object at 0x7bea0c52d010>: Failed to establish a new connection: [Errno -3] Temporary failure in name resolution'))
2026-06-23 10:17:50 [ERROR] Save capital failed: HTTPSConnectionPool(host='paper-api.alpaca.markets', port=443): Max retries exceeded with url: /v2/account (Caused by NewConnectionError('<urllib3.connection.HTTPSConnection object at 0x7bea0c4fe060>: Failed to establish a new connection: [Errno -3] Temporary failure in name resolution'))
2026-06-23 10:17:50 [ERROR] Save positions failed: HTTPSConnectionPool(host='paper-api.alpaca.markets', port=443): Max retries exceeded with url: /v2/positions (Caused by NewConnectionError('<urllib3.connection.HTTPSConnection object at 0x7bea0c4ff980>: Failed to establish a new connection: [Errno -3] Temporary failure in name resolution'))
2026-06-23 10:18:50 [ERROR] Save capital failed: HTTPSConnectionPool(host='paper-api.alpaca.markets', port=443): Max retries exceeded with url: /v2/account (Caused by NewConnectionError('<urllib3.connection.HTTPSConnection object at 0x7bea0c4feff0>: Failed to establish a new connection: [Errno -3] Temporary failure in name resolution'))
2026-06-23 10:18:50 [ERROR] Save positions failed: HTTPSConnectionPool(host='paper-api.alpaca.markets', port=443): Max retries exceeded with url: /v2/positions (Caused by NewConnectionError('<urllib3.connection.HTTPSConnection object at 0x7bea0c4fff50>: Failed to establish a new connection: [Errno -3] Temporary failure in name resolution'))
2026-06-23 10:19:50 [ERROR] Save capital failed: HTTPSConnectionPool(host='paper-api.alpaca.markets', port=443): Max retries exceeded with url: /v2/account (Caused by NewConnectionError('<urllib3.connection.HTTPSConnection object at 0x7bea0c4ff1a0>: Failed to establish a new connection: [Errno -3] Temporary failure in name resolution'))
2026-06-23 10:19:50 [ERROR] Save positions failed: HTTPSConnectionPool(host='paper-api.alpaca.markets', port=443): Max retries exceeded with url: /v2/positions (Caused by NewConnectionError('<urllib3.connection.HTTPSConnection object at 0x7bea0c4fee70>: Failed to establish a new connection: [Errno -3] Temporary failure in name resolution'))
2026-06-23 10:20:50 [ERROR] Save capital failed: HTTPSConnectionPool(host='paper-api.alpaca.markets', port=443): Max retries exceeded with url: /v2/account (Caused by NewConnectionError('<urllib3.connection.HTTPSConnection object at 0x7bea0c4ffc80>: Failed to establish a new connection: [Errno -3] Temporary failure in name resolution'))
2026-06-23 10:20:50 [ERROR] Save positions failed: HTTPSConnectionPool(host='paper-api.alpaca.markets', port=443): Max retries exceeded with url: /v2/positions (Caused by NewConnectionError('<urllib3.connection.HTTPSConnection object at 0x7bea0c4ff8c0>: Failed to establish a new connection: [Errno -3] Temporary failure in name resolution'))
2026-06-23 10:21:50 [ERROR] Save capital failed: HTTPSConnectionPool(host='paper-api.alpaca.markets', port=443): Max retries exceeded with url: /v2/account (Caused by NewConnectionError('<urllib3.connection.HTTPSConnection object at 0x7bea0c4ff9e0>: Failed to establish a new connection: [Errno -3] Temporary failure in name resolution'))
2026-06-23 10:21:50 [ERROR] Save positions failed: HTTPSConnectionPool(host='paper-api.alpaca.markets', port=443): Max retries exceeded with url: /v2/positions (Caused by NewConnectionError('<urllib3.connection.HTTPSConnection object at 0x7bea0c4fe060>: Failed to establish a new connection: [Errno -3] Temporary failure in name resolution'))
2026-06-23 10:22:50 [ERROR] Save capital failed: HTTPSConnectionPool(host='paper-api.alpaca.markets', port=443): Max retries exceeded with url: /v2/account (Caused by NewConnectionError('<urllib3.connection.HTTPSConnection object at 0x7bea0c4fdc70>: Failed to establish a new connection: [Errno -3] Temporary failure in name resolution'))
2026-06-23 10:22:50 [ERROR] Save positions failed: HTTPSConnectionPool(host='paper-api.alpaca.markets', port=443): Max retries exceeded with url: /v2/positions (Caused by NewConnectionError('<urllib3.connection.HTTPSConnection object at 0x7bea0c4feff0>: Failed to establish a new connection: [Errno -3] Temporary failure in name resolution'))
2026-06-23 10:23:50 [ERROR] Save capital failed: HTTPSConnectionPool(host='paper-api.alpaca.markets', port=443): Max retries exceeded with url: /v2/account (Caused by NewConnectionError('<urllib3.connection.HTTPSConnection object at 0x7bea0c4fd9a0>: Failed to establish a new connection: [Errno -3] Temporary failure in name resolution'))
2026-06-23 10:23:50 [ERROR] Save positions failed: HTTPSConnectionPool(host='paper-api.alpaca.markets', port=443): Max retries exceeded with url: /v2/positions (Caused by NewConnectionError('<urllib3.connection.HTTPSConnection object at 0x7bea0c4ff1a0>: Failed to establish a new connection: [Errno -3] Temporary failure in name resolution'))
2026-06-23 10:24:50 [ERROR] Save capital failed: HTTPSConnectionPool(host='paper-api.alpaca.markets', port=443): Max retries exceeded with url: /v2/account (Caused by NewConnectionError('<urllib3.connection.HTTPSConnection object at 0x7bea0c4fe660>: Failed to establish a new connection: [Errno -3] Temporary failure in name resolution'))
2026-06-23 10:24:50 [ERROR] Save positions failed: HTTPSConnectionPool(host='paper-api.alpaca.markets', port=443): Max retries exceeded with url: /v2/positions (Caused by NewConnectionError('<urllib3.connection.HTTPSConnection object at 0x7bea0c4ffc80>: Failed to establish a new connection: [Errno -3] Temporary failure in name resolution'))
2026-06-23 10:25:50 [ERROR] Save capital failed: HTTPSConnectionPool(host='paper-api.alpaca.markets', port=443): Max retries exceeded with url: /v2/account (Caused by NewConnectionError('<urllib3.connection.HTTPSConnection object at 0x7bea0c4ffec0>: Failed to establish a new connection: [Errno -3] Temporary failure in name resolution'))
2026-06-23 10:25:50 [ERROR] Save positions failed: HTTPSConnectionPool(host='paper-api.alpaca.markets', port=443): Max retries exceeded with url: /v2/positions (Caused by NewConnectionError('<urllib3.connection.HTTPSConnection object at 0x7bea0c4ff9e0>: Failed to establish a new connection: [Errno -3] Temporary failure in name resolution'))
2026-06-23 10:26:50 [ERROR] Save capital failed: HTTPSConnectionPool(host='paper-api.alpaca.markets', port=443): Max retries exceeded with url: /v2/account (Caused by NewConnectionError('<urllib3.connection.HTTPSConnection object at 0x7bea0c4fe210>: Failed to establish a new connection: [Errno -3] Temporary failure in name resolution'))
2026-06-23 10:26:50 [ERROR] Save positions failed: HTTPSConnectionPool(host='paper-api.alpaca.markets', port=443): Max retries exceeded with url: /v2/positions (Caused by NewConnectionError('<urllib3.connection.HTTPSConnection object at 0x7bea0c4fdc70>: Failed to establish a new connection: [Errno -3] Temporary failure in name resolution'))
2026-06-23 10:27:50 [ERROR] Save capital failed: HTTPSConnectionPool(host='paper-api.alpaca.markets', port=443): Max retries exceeded with url: /v2/account (Caused by NewConnectionError('<urllib3.connection.HTTPSConnection object at 0x7bea0c4fdf70>: Failed to establish a new connection: [Errno -3] Temporary failure in name resolution'))
2026-06-23 10:27:50 [ERROR] Save positions failed: HTTPSConnectionPool(host='paper-api.alpaca.markets', port=443): Max retries exceeded with url: /v2/positions (Caused by NewConnectionError('<urllib3.connection.HTTPSConnection object at 0x7bea0c4fd9a0>: Failed to establish a new connection: [Errno -3] Temporary failure in name resolution'))
2026-06-23 10:28:50 [ERROR] Save capital failed: HTTPSConnectionPool(host='paper-api.alpaca.markets', port=443): Max retries exceeded with url: /v2/account (Caused by NewConnectionError('<urllib3.connection.HTTPSConnection object at 0x7bea0c4ffe30>: Failed to establish a new connection: [Errno -3] Temporary failure in name resolution'))
2026-06-23 10:28:50 [ERROR] Save positions failed: HTTPSConnectionPool(host='paper-api.alpaca.markets', port=443): Max retries exceeded with url: /v2/positions (Caused by NewConnectionError('<urllib3.connection.HTTPSConnection object at 0x7bea0c4fe660>: Failed to establish a new connection: [Errno -3] Temporary failure in name resolution'))
2026-06-23 10:29:50 [ERROR] Save capital failed: HTTPSConnectionPool(host='paper-api.alpaca.markets', port=443): Max retries exceeded with url: /v2/account (Caused by NewConnectionError('<urllib3.connection.HTTPSConnection object at 0x7bea0c4ff3b0>: Failed to establish a new connection: [Errno -3] Temporary failure in name resolution'))
2026-06-23 10:29:50 [ERROR] Save positions failed: HTTPSConnectionPool(host='paper-api.alpaca.markets', port=443): Max retries exceeded with url: /v2/positions (Caused by NewConnectionError('<urllib3.connection.HTTPSConnection object at 0x7bea0c4ffec0>: Failed to establish a new connection: [Errno -3] Temporary failure in name resolution'))
2026-06-23 10:30:50 [ERROR] Save capital failed: HTTPSConnectionPool(host='paper-api.alpaca.markets', port=443): Max retries exceeded with url: /v2/account (Caused by NewConnectionError('<urllib3.connection.HTTPSConnection object at 0x7bea0c4fee40>: Failed to establish a new connection: [Errno -3] Temporary failure in name resolution'))
2026-06-23 10:30:50 [ERROR] Save positions failed: HTTPSConnectionPool(host='paper-api.alpaca.markets', port=443): Max retries exceeded with url: /v2/positions (Caused by NewConnectionError('<urllib3.connection.HTTPSConnection object at 0x7bea0c4fe210>: Failed to establish a new connection: [Errno -3] Temporary failure in name resolution'))
2026-06-23 10:31:50 [ERROR] Save capital failed: HTTPSConnectionPool(host='paper-api.alpaca.markets', port=443): Max retries exceeded with url: /v2/account (Caused by NewConnectionError('<urllib3.connection.HTTPSConnection object at 0x7bea0c4ff980>: Failed to establish a new connection: [Errno -3] Temporary failure in name resolution'))
2026-06-23 10:31:50 [ERROR] Save positions failed: HTTPSConnectionPool(host='paper-api.alpaca.markets', port=443): Max retries exceeded with url: /v2/positions (Caused by NewConnectionError('<urllib3.connection.HTTPSConnection object at 0x7bea0c4fdf70>: Failed to establish a new connection: [Errno -3] Temporary failure in name resolution'))
2026-06-23 10:32:50 [ERROR] Save capital failed: HTTPSConnectionPool(host='paper-api.alpaca.markets', port=443): Max retries exceeded with url: /v2/account (Caused by NewConnectionError('<urllib3.connection.HTTPSConnection object at 0x7bea0c4fff50>: Failed to establish a new connection: [Errno -3] Temporary failure in name resolution'))
2026-06-23 10:32:50 [ERROR] Save positions failed: HTTPSConnectionPool(host='paper-api.alpaca.markets', port=443): Max retries exceeded with url: /v2/positions (Caused by NewConnectionError('<urllib3.connection.HTTPSConnection object at 0x7bea0c4ffe30>: Failed to establish a new connection: [Errno -3] Temporary failure in name resolution'))
2026-06-23 10:33:50 [ERROR] Save capital failed: HTTPSConnectionPool(host='paper-api.alpaca.markets', port=443): Max retries exceeded with url: /v2/account (Caused by NewConnectionError('<urllib3.connection.HTTPSConnection object at 0x7bea0c4fee70>: Failed to establish a new connection: [Errno -3] Temporary failure in name resolution'))
2026-06-23 10:33:50 [ERROR] Save positions failed: HTTPSConnectionPool(host='paper-api.alpaca.markets', port=443): Max retries exceeded with url: /v2/positions (Caused by NewConnectionError('<urllib3.connection.HTTPSConnection object at 0x7bea0c4ff3b0>: Failed to establish a new connection: [Errno -3] Temporary failure in name resolution'))
2026-06-23 10:34:50 [ERROR] Save capital failed: HTTPSConnectionPool(host='paper-api.alpaca.markets', port=443): Max retries exceeded with url: /v2/account (Caused by NewConnectionError('<urllib3.connection.HTTPSConnection object at 0x7bea0c4ff8c0>: Failed to establish a new connection: [Errno -3] Temporary failure in name resolution'))
2026-06-23 10:34:50 [ERROR] Save positions failed: HTTPSConnectionPool(host='paper-api.alpaca.markets', port=443): Max retries exceeded with url: /v2/positions (Caused by NewConnectionError('<urllib3.connection.HTTPSConnection object at 0x7bea0c4fee40>: Failed to establish a new connection: [Errno -3] Temporary failure in name resolution'))
2026-06-23 10:35:50 [ERROR] Save capital failed: HTTPSConnectionPool(host='paper-api.alpaca.markets', port=443): Max retries exceeded with url: /v2/account (Caused by NewConnectionError('<urllib3.connection.HTTPSConnection object at 0x7bea0c4fe060>: Failed to establish a new connection: [Errno -3] Temporary failure in name resolution'))
2026-06-23 10:35:50 [ERROR] Save positions failed: HTTPSConnectionPool(host='paper-api.alpaca.markets', port=443): Max retries exceeded with url: /v2/positions (Caused by NewConnectionError('<urllib3.connection.HTTPSConnection object at 0x7bea0c4ff980>: Failed to establish a new connection: [Errno -3] Temporary failure in name resolution'))
2026-06-23 10:36:50 [ERROR] Save capital failed: HTTPSConnectionPool(host='paper-api.alpaca.markets', port=443): Max retries exceeded with url: /v2/account (Caused by NewConnectionError('<urllib3.connection.HTTPSConnection object at 0x7bea0c4feff0>: Failed to establish a new connection: [Errno -3] Temporary failure in name resolution'))
2026-06-23 10:36:50 [ERROR] Save positions failed: HTTPSConnectionPool(host='paper-api.alpaca.markets', port=443): Max retries exceeded with url: /v2/positions (Caused by NewConnectionError('<urllib3.connection.HTTPSConnection object at 0x7bea0c4fff50>: Failed to establish a new connection: [Errno -3] Temporary failure in name resolution'))
2026-06-23 10:37:50 [ERROR] Save capital failed: HTTPSConnectionPool(host='paper-api.alpaca.markets', port=443): Max retries exceeded with url: /v2/account (Caused by NewConnectionError('<urllib3.connection.HTTPSConnection object at 0x7bea0c4ff1a0>: Failed to establish a new connection: [Errno -3] Temporary failure in name resolution'))
2026-06-23 10:37:50 [ERROR] Save positions failed: HTTPSConnectionPool(host='paper-api.alpaca.markets', port=443): Max retries exceeded with url: /v2/positions (Caused by NewConnectionError('<urllib3.connection.HTTPSConnection object at 0x7bea0c4fee70>: Failed to establish a new connection: [Errno -3] Temporary failure in name resolution'))
2026-06-23 10:38:50 [ERROR] Save capital failed: HTTPSConnectionPool(host='paper-api.alpaca.markets', port=443): Max retries exceeded with url: /v2/account (Caused by NewConnectionError('<urllib3.connection.HTTPSConnection object at 0x7bea0c4ffc80>: Failed to establish a new connection: [Errno -3] Temporary failure in name resolution'))
2026-06-23 10:38:50 [ERROR] Save positions failed: HTTPSConnectionPool(host='paper-api.alpaca.markets', port=443): Max retries exceeded with url: /v2/positions (Caused by NewConnectionError('<urllib3.connection.HTTPSConnection object at 0x7bea0c4ff8c0>: Failed to establish a new connection: [Errno -3] Temporary failure in name resolution'))
2026-06-23 10:39:50 [ERROR] Save capital failed: HTTPSConnectionPool(host='paper-api.alpaca.markets', port=443): Max retries exceeded with url: /v2/account (Caused by NewConnectionError('<urllib3.connection.HTTPSConnection object at 0x7bea0c4ff9e0>: Failed to establish a new connection: [Errno -3] Temporary failure in name resolution'))
2026-06-23 10:39:50 [ERROR] Save positions failed: HTTPSConnectionPool(host='paper-api.alpaca.markets', port=443): Max retries exceeded with url: /v2/positions (Caused by NewConnectionError('<urllib3.connection.HTTPSConnection object at 0x7bea0c4fe060>: Failed to establish a new connection: [Errno -3] Temporary failure in name resolution'))
2026-06-23 10:40:50 [ERROR] Save capital failed: HTTPSConnectionPool(host='paper-api.alpaca.markets', port=443): Max retries exceeded with url: /v2/account (Caused by NewConnectionError('<urllib3.connection.HTTPSConnection object at 0x7bea0c4fdc70>: Failed to establish a new connection: [Errno -3] Temporary failure in name resolution'))
2026-06-23 10:40:50 [ERROR] Save positions failed: HTTPSConnectionPool(host='paper-api.alpaca.markets', port=443): Max retries exceeded with url: /v2/positions (Caused by NewConnectionError('<urllib3.connection.HTTPSConnection object at 0x7bea0c4feff0>: Failed to establish a new connection: [Errno -3] Temporary failure in name resolution'))
2026-06-23 10:41:50 [ERROR] Save capital failed: HTTPSConnectionPool(host='paper-api.alpaca.markets', port=443): Max retries exceeded with url: /v2/account (Caused by NewConnectionError('<urllib3.connection.HTTPSConnection object at 0x7bea0c4fd9a0>: Failed to establish a new connection: [Errno -3] Temporary failure in name resolution'))
2026-06-23 10:41:50 [ERROR] Save positions failed: HTTPSConnectionPool(host='paper-api.alpaca.markets', port=443): Max retries exceeded with url: /v2/positions (Caused by NewConnectionError('<urllib3.connection.HTTPSConnection object at 0x7bea0c4ff1a0>: Failed to establish a new connection: [Errno -3] Temporary failure in name resolution'))
2026-06-23 10:42:50 [ERROR] Save capital failed: HTTPSConnectionPool(host='paper-api.alpaca.markets', port=443): Max retries exceeded with url: /v2/account (Caused by NewConnectionError('<urllib3.connection.HTTPSConnection object at 0x7bea0c4fe660>: Failed to establish a new connection: [Errno -3] Temporary failure in name resolution'))
2026-06-23 10:42:50 [ERROR] Save positions failed: HTTPSConnectionPool(host='paper-api.alpaca.markets', port=443): Max retries exceeded with url: /v2/positions (Caused by NewConnectionError('<urllib3.connection.HTTPSConnection object at 0x7bea0c4ffc80>: Failed to establish a new connection: [Errno -3] Temporary failure in name resolution'))
2026-06-23 10:43:50 [ERROR] Save capital failed: HTTPSConnectionPool(host='paper-api.alpaca.markets', port=443): Max retries exceeded with url: /v2/account (Caused by NewConnectionError('<urllib3.connection.HTTPSConnection object at 0x7bea0c4ffec0>: Failed to establish a new connection: [Errno -3] Temporary failure in name resolution'))
2026-06-23 10:43:50 [ERROR] Save positions failed: HTTPSConnectionPool(host='paper-api.alpaca.markets', port=443): Max retries exceeded with url: /v2/positions (Caused by NewConnectionError('<urllib3.connection.HTTPSConnection object at 0x7bea0c4ff9e0>: Failed to establish a new connection: [Errno -3] Temporary failure in name resolution'))
2026-06-23 10:44:50 [ERROR] Save capital failed: HTTPSConnectionPool(host='paper-api.alpaca.markets', port=443): Max retries exceeded with url: /v2/account (Caused by NewConnectionError('<urllib3.connection.HTTPSConnection object at 0x7bea0c4fe210>: Failed to establish a new connection: [Errno -3] Temporary failure in name resolution'))
2026-06-23 10:44:50 [ERROR] Save positions failed: HTTPSConnectionPool(host='paper-api.alpaca.markets', port=443): Max retries exceeded with url: /v2/positions (Caused by NewConnectionError('<urllib3.connection.HTTPSConnection object at 0x7bea0c4fdc70>: Failed to establish a new connection: [Errno -3] Temporary failure in name resolution'))
2026-06-23 10:45:50 [ERROR] Save capital failed: HTTPSConnectionPool(host='paper-api.alpaca.markets', port=443): Max retries exceeded with url: /v2/account (Caused by NewConnectionError('<urllib3.connection.HTTPSConnection object at 0x7bea0c4fdf70>: Failed to establish a new connection: [Errno -3] Temporary failure in name resolution'))
2026-06-23 10:45:50 [ERROR] Save positions failed: HTTPSConnectionPool(host='paper-api.alpaca.markets', port=443): Max retries exceeded with url: /v2/positions (Caused by NewConnectionError('<urllib3.connection.HTTPSConnection object at 0x7bea0c4fd9a0>: Failed to establish a new connection: [Errno -3] Temporary failure in name resolution'))
2026-06-23 10:46:50 [ERROR] Save capital failed: HTTPSConnectionPool(host='paper-api.alpaca.markets', port=443): Max retries exceeded with url: /v2/account (Caused by NewConnectionError('<urllib3.connection.HTTPSConnection object at 0x7bea0c4ffe30>: Failed to establish a new connection: [Errno -3] Temporary failure in name resolution'))
2026-06-23 10:46:50 [ERROR] Save positions failed: HTTPSConnectionPool(host='paper-api.alpaca.markets', port=443): Max retries exceeded with url: /v2/positions (Caused by NewConnectionError('<urllib3.connection.HTTPSConnection object at 0x7bea0c4fe660>: Failed to establish a new connection: [Errno -3] Temporary failure in name resolution'))
2026-06-23 10:47:50 [ERROR] Save capital failed: HTTPSConnectionPool(host='paper-api.alpaca.markets', port=443): Max retries exceeded with url: /v2/account (Caused by NewConnectionError('<urllib3.connection.HTTPSConnection object at 0x7bea0c4ff3b0>: Failed to establish a new connection: [Errno -3] Temporary failure in name resolution'))
2026-06-23 10:47:50 [ERROR] Save positions failed: HTTPSConnectionPool(host='paper-api.alpaca.markets', port=443): Max retries exceeded with url: /v2/positions (Caused by NewConnectionError('<urllib3.connection.HTTPSConnection object at 0x7bea0c4ffec0>: Failed to establish a new connection: [Errno -3] Temporary failure in name resolution'))
2026-06-23 10:48:50 [ERROR] Save capital failed: HTTPSConnectionPool(host='paper-api.alpaca.markets', port=443): Max retries exceeded with url: /v2/account (Caused by NewConnectionError('<urllib3.connection.HTTPSConnection object at 0x7bea0c4fee40>: Failed to establish a new connection: [Errno -3] Temporary failure in name resolution'))
2026-06-23 10:48:50 [ERROR] Save positions failed: HTTPSConnectionPool(host='paper-api.alpaca.markets', port=443): Max retries exceeded with url: /v2/positions (Caused by NewConnectionError('<urllib3.connection.HTTPSConnection object at 0x7bea0c4fe210>: Failed to establish a new connection: [Errno -3] Temporary failure in name resolution'))
2026-06-23 10:49:50 [ERROR] Save capital failed: HTTPSConnectionPool(host='paper-api.alpaca.markets', port=443): Max retries exceeded with url: /v2/account (Caused by NewConnectionError('<urllib3.connection.HTTPSConnection object at 0x7bea0c4ff980>: Failed to establish a new connection: [Errno -3] Temporary failure in name resolution'))
2026-06-23 10:49:50 [ERROR] Save positions failed: HTTPSConnectionPool(host='paper-api.alpaca.markets', port=443): Max retries exceeded with url: /v2/positions (Caused by NewConnectionError('<urllib3.connection.HTTPSConnection object at 0x7bea0c4fdf70>: Failed to establish a new connection: [Errno -3] Temporary failure in name resolution'))
2026-06-23 10:50:50 [ERROR] Save capital failed: HTTPSConnectionPool(host='paper-api.alpaca.markets', port=443): Max retries exceeded with url: /v2/account (Caused by NewConnectionError('<urllib3.connection.HTTPSConnection object at 0x7bea0c4fff50>: Failed to establish a new connection: [Errno -3] Temporary failure in name resolution'))
2026-06-23 10:50:50 [ERROR] Save positions failed: HTTPSConnectionPool(host='paper-api.alpaca.markets', port=443): Max retries exceeded with url: /v2/positions (Caused by NewConnectionError('<urllib3.connection.HTTPSConnection object at 0x7bea0c4ffe30>: Failed to establish a new connection: [Errno -3] Temporary failure in name resolution'))
2026-06-23 10:51:50 [ERROR] Save capital failed: HTTPSConnectionPool(host='paper-api.alpaca.markets', port=443): Max retries exceeded with url: /v2/account (Caused by NewConnectionError('<urllib3.connection.HTTPSConnection object at 0x7bea0c4fee70>: Failed to establish a new connection: [Errno -3] Temporary failure in name resolution'))
2026-06-23 10:51:50 [ERROR] Save positions failed: HTTPSConnectionPool(host='paper-api.alpaca.markets', port=443): Max retries exceeded with url: /v2/positions (Caused by NewConnectionError('<urllib3.connection.HTTPSConnection object at 0x7bea0c4ff3b0>: Failed to establish a new connection: [Errno -3] Temporary failure in name resolution'))
2026-06-23 10:52:50 [ERROR] Save capital failed: HTTPSConnectionPool(host='paper-api.alpaca.markets', port=443): Max retries exceeded with url: /v2/account (Caused by NewConnectionError('<urllib3.connection.HTTPSConnection object at 0x7bea0c4ff8c0>: Failed to establish a new connection: [Errno -3] Temporary failure in name resolution'))
2026-06-23 10:52:50 [ERROR] Save positions failed: HTTPSConnectionPool(host='paper-api.alpaca.markets', port=443): Max retries exceeded with url: /v2/positions (Caused by NewConnectionError('<urllib3.connection.HTTPSConnection object at 0x7bea0c4fee40>: Failed to establish a new connection: [Errno -3] Temporary failure in name resolution'))
2026-06-23 10:53:50 [ERROR] Save capital failed: HTTPSConnectionPool(host='paper-api.alpaca.markets', port=443): Max retries exceeded with url: /v2/account (Caused by NewConnectionError('<urllib3.connection.HTTPSConnection object at 0x7bea0c4fe060>: Failed to establish a new connection: [Errno -3] Temporary failure in name resolution'))
2026-06-23 10:53:50 [ERROR] Save positions failed: HTTPSConnectionPool(host='paper-api.alpaca.markets', port=443): Max retries exceeded with url: /v2/positions (Caused by NewConnectionError('<urllib3.connection.HTTPSConnection object at 0x7bea0c4ff980>: Failed to establish a new connection: [Errno -3] Temporary failure in name resolution'))
2026-06-23 10:54:50 [ERROR] Save capital failed: HTTPSConnectionPool(host='paper-api.alpaca.markets', port=443): Max retries exceeded with url: /v2/account (Caused by NewConnectionError('<urllib3.connection.HTTPSConnection object at 0x7bea0c4feff0>: Failed to establish a new connection: [Errno -3] Temporary failure in name resolution'))
2026-06-23 10:54:50 [ERROR] Save positions failed: HTTPSConnectionPool(host='paper-api.alpaca.markets', port=443): Max retries exceeded with url: /v2/positions (Caused by NewConnectionError('<urllib3.connection.HTTPSConnection object at 0x7bea0c4fff50>: Failed to establish a new connection: [Errno -3] Temporary failure in name resolution'))
2026-06-23 10:55:50 [ERROR] Save capital failed: HTTPSConnectionPool(host='paper-api.alpaca.markets', port=443): Max retries exceeded with url: /v2/account (Caused by NewConnectionError('<urllib3.connection.HTTPSConnection object at 0x7bea0c4ff1a0>: Failed to establish a new connection: [Errno -3] Temporary failure in name resolution'))
2026-06-23 10:55:50 [ERROR] Save positions failed: HTTPSConnectionPool(host='paper-api.alpaca.markets', port=443): Max retries exceeded with url: /v2/positions (Caused by NewConnectionError('<urllib3.connection.HTTPSConnection object at 0x7bea0c4fee70>: Failed to establish a new connection: [Errno -3] Temporary failure in name resolution'))
2026-06-23 10:56:50 [ERROR] Save capital failed: HTTPSConnectionPool(host='paper-api.alpaca.markets', port=443): Max retries exceeded with url: /v2/account (Caused by NewConnectionError('<urllib3.connection.HTTPSConnection object at 0x7bea0c4ffc80>: Failed to establish a new connection: [Errno -3] Temporary failure in name resolution'))
2026-06-23 10:56:50 [ERROR] Save positions failed: HTTPSConnectionPool(host='paper-api.alpaca.markets', port=443): Max retries exceeded with url: /v2/positions (Caused by NewConnectionError('<urllib3.connection.HTTPSConnection object at 0x7bea0c4ff8c0>: Failed to establish a new connection: [Errno -3] Temporary failure in name resolution'))
2026-06-23 10:57:50 [ERROR] Save capital failed: HTTPSConnectionPool(host='paper-api.alpaca.markets', port=443): Max retries exceeded with url: /v2/account (Caused by NewConnectionError('<urllib3.connection.HTTPSConnection object at 0x7bea0c4ff9e0>: Failed to establish a new connection: [Errno -3] Temporary failure in name resolution'))
2026-06-23 10:57:50 [ERROR] Save positions failed: HTTPSConnectionPool(host='paper-api.alpaca.markets', port=443): Max retries exceeded with url: /v2/positions (Caused by NewConnectionError('<urllib3.connection.HTTPSConnection object at 0x7bea0c4fe060>: Failed to establish a new connection: [Errno -3] Temporary failure in name resolution'))
2026-06-23 10:58:50 [ERROR] Save capital failed: HTTPSConnectionPool(host='paper-api.alpaca.markets', port=443): Max retries exceeded with url: /v2/account (Caused by NewConnectionError('<urllib3.connection.HTTPSConnection object at 0x7bea0c4fdc70>: Failed to establish a new connection: [Errno -3] Temporary failure in name resolution'))
2026-06-23 10:58:50 [ERROR] Save positions failed: HTTPSConnectionPool(host='paper-api.alpaca.markets', port=443): Max retries exceeded with url: /v2/positions (Caused by NewConnectionError('<urllib3.connection.HTTPSConnection object at 0x7bea0c4feff0>: Failed to establish a new connection: [Errno -3] Temporary failure in name resolution'))
2026-06-23 10:59:50 [ERROR] Save capital failed: HTTPSConnectionPool(host='paper-api.alpaca.markets', port=443): Max retries exceeded with url: /v2/account (Caused by NewConnectionError('<urllib3.connection.HTTPSConnection object at 0x7bea0c4fd9a0>: Failed to establish a new connection: [Errno -3] Temporary failure in name resolution'))
2026-06-23 10:59:50 [ERROR] Save positions failed: HTTPSConnectionPool(host='paper-api.alpaca.markets', port=443): Max retries exceeded with url: /v2/positions (Caused by NewConnectionError('<urllib3.connection.HTTPSConnection object at 0x7bea0c4ff1a0>: Failed to establish a new connection: [Errno -3] Temporary failure in name resolution'))
2026-06-23 11:00:50 [ERROR] Save capital failed: HTTPSConnectionPool(host='paper-api.alpaca.markets', port=443): Max retries exceeded with url: /v2/account (Caused by NewConnectionError('<urllib3.connection.HTTPSConnection object at 0x7bea0c4fe660>: Failed to establish a new connection: [Errno -3] Temporary failure in name resolution'))
2026-06-23 11:00:50 [ERROR] Save positions failed: HTTPSConnectionPool(host='paper-api.alpaca.markets', port=443): Max retries exceeded with url: /v2/positions (Caused by NewConnectionError('<urllib3.connection.HTTPSConnection object at 0x7bea0c4ffc80>: Failed to establish a new connection: [Errno -3] Temporary failure in name resolution'))
2026-06-23 11:01:50 [ERROR] Save capital failed: HTTPSConnectionPool(host='paper-api.alpaca.markets', port=443): Max retries exceeded with url: /v2/account (Caused by NewConnectionError('<urllib3.connection.HTTPSConnection object at 0x7bea0c4ffec0>: Failed to establish a new connection: [Errno -3] Temporary failure in name resolution'))
2026-06-23 11:01:50 [ERROR] Save positions failed: HTTPSConnectionPool(host='paper-api.alpaca.markets', port=443): Max retries exceeded with url: /v2/positions (Caused by NewConnectionError('<urllib3.connection.HTTPSConnection object at 0x7bea0c4ff9e0>: Failed to establish a new connection: [Errno -3] Temporary failure in name resolution'))
2026-06-23 11:02:50 [ERROR] Save capital failed: HTTPSConnectionPool(host='paper-api.alpaca.markets', port=443): Max retries exceeded with url: /v2/account (Caused by NewConnectionError('<urllib3.connection.HTTPSConnection object at 0x7bea0c4fe210>: Failed to establish a new connection: [Errno -3] Temporary failure in name resolution'))
2026-06-23 11:02:50 [ERROR] Save positions failed: HTTPSConnectionPool(host='paper-api.alpaca.markets', port=443): Max retries exceeded with url: /v2/positions (Caused by NewConnectionError('<urllib3.connection.HTTPSConnection object at 0x7bea0c4fdc70>: Failed to establish a new connection: [Errno -3] Temporary failure in name resolution'))
2026-06-23 11:03:50 [ERROR] Save capital failed: HTTPSConnectionPool(host='paper-api.alpaca.markets', port=443): Max retries exceeded with url: /v2/account (Caused by NewConnectionError('<urllib3.connection.HTTPSConnection object at 0x7bea0c4fdf70>: Failed to establish a new connection: [Errno -3] Temporary failure in name resolution'))
2026-06-23 11:03:50 [ERROR] Save positions failed: HTTPSConnectionPool(host='paper-api.alpaca.markets', port=443): Max retries exceeded with url: /v2/positions (Caused by NewConnectionError('<urllib3.connection.HTTPSConnection object at 0x7bea0c4fd9a0>: Failed to establish a new connection: [Errno -3] Temporary failure in name resolution'))
2026-06-23 11:04:50 [ERROR] Save capital failed: HTTPSConnectionPool(host='paper-api.alpaca.markets', port=443): Max retries exceeded with url: /v2/account (Caused by NewConnectionError('<urllib3.connection.HTTPSConnection object at 0x7bea0c4ffe30>: Failed to establish a new connection: [Errno -3] Temporary failure in name resolution'))
2026-06-23 11:04:50 [ERROR] Save positions failed: HTTPSConnectionPool(host='paper-api.alpaca.markets', port=443): Max retries exceeded with url: /v2/positions (Caused by NewConnectionError('<urllib3.connection.HTTPSConnection object at 0x7bea0c4fe660>: Failed to establish a new connection: [Errno -3] Temporary failure in name resolution'))
2026-06-23 11:05:50 [ERROR] Save capital failed: HTTPSConnectionPool(host='paper-api.alpaca.markets', port=443): Max retries exceeded with url: /v2/account (Caused by NewConnectionError('<urllib3.connection.HTTPSConnection object at 0x7bea0c4ff3b0>: Failed to establish a new connection: [Errno -3] Temporary failure in name resolution'))
2026-06-23 11:05:50 [ERROR] Save positions failed: HTTPSConnectionPool(host='paper-api.alpaca.markets', port=443): Max retries exceeded with url: /v2/positions (Caused by NewConnectionError('<urllib3.connection.HTTPSConnection object at 0x7bea0c4ffec0>: Failed to establish a new connection: [Errno -3] Temporary failure in name resolution'))
2026-06-23 11:06:50 [ERROR] Save capital failed: HTTPSConnectionPool(host='paper-api.alpaca.markets', port=443): Max retries exceeded with url: /v2/account (Caused by NewConnectionError('<urllib3.connection.HTTPSConnection object at 0x7bea0c4fee40>: Failed to establish a new connection: [Errno -3] Temporary failure in name resolution'))
2026-06-23 11:06:50 [ERROR] Save positions failed: HTTPSConnectionPool(host='paper-api.alpaca.markets', port=443): Max retries exceeded with url: /v2/positions (Caused by NewConnectionError('<urllib3.connection.HTTPSConnection object at 0x7bea0c4fe210>: Failed to establish a new connection: [Errno -3] Temporary failure in name resolution'))
2026-06-23 11:07:50 [ERROR] Save capital failed: HTTPSConnectionPool(host='paper-api.alpaca.markets', port=443): Max retries exceeded with url: /v2/account (Caused by NewConnectionError('<urllib3.connection.HTTPSConnection object at 0x7bea0c4ff980>: Failed to establish a new connection: [Errno -3] Temporary failure in name resolution'))
2026-06-23 11:07:50 [ERROR] Save positions failed: HTTPSConnectionPool(host='paper-api.alpaca.markets', port=443): Max retries exceeded with url: /v2/positions (Caused by NewConnectionError('<urllib3.connection.HTTPSConnection object at 0x7bea0c4fdf70>: Failed to establish a new connection: [Errno -3] Temporary failure in name resolution'))
2026-06-23 11:08:50 [ERROR] Save capital failed: HTTPSConnectionPool(host='paper-api.alpaca.markets', port=443): Max retries exceeded with url: /v2/account (Caused by NewConnectionError('<urllib3.connection.HTTPSConnection object at 0x7bea0c4fff50>: Failed to establish a new connection: [Errno -3] Temporary failure in name resolution'))
2026-06-23 11:08:50 [ERROR] Save positions failed: HTTPSConnectionPool(host='paper-api.alpaca.markets', port=443): Max retries exceeded with url: /v2/positions (Caused by NewConnectionError('<urllib3.connection.HTTPSConnection object at 0x7bea0c4ffe30>: Failed to establish a new connection: [Errno -3] Temporary failure in name resolution'))
2026-06-23 11:09:50 [ERROR] Save capital failed: HTTPSConnectionPool(host='paper-api.alpaca.markets', port=443): Max retries exceeded with url: /v2/account (Caused by NewConnectionError('<urllib3.connection.HTTPSConnection object at 0x7bea0c4fee70>: Failed to establish a new connection: [Errno -3] Temporary failure in name resolution'))
2026-06-23 11:09:50 [ERROR] Save positions failed: HTTPSConnectionPool(host='paper-api.alpaca.markets', port=443): Max retries exceeded with url: /v2/positions (Caused by NewConnectionError('<urllib3.connection.HTTPSConnection object at 0x7bea0c4ff3b0>: Failed to establish a new connection: [Errno -3] Temporary failure in name resolution'))
2026-06-23 11:10:50 [ERROR] Save capital failed: HTTPSConnectionPool(host='paper-api.alpaca.markets', port=443): Max retries exceeded with url: /v2/account (Caused by NewConnectionError('<urllib3.connection.HTTPSConnection object at 0x7bea0c4ff8c0>: Failed to establish a new connection: [Errno -3] Temporary failure in name resolution'))
2026-06-23 11:10:50 [ERROR] Save positions failed: HTTPSConnectionPool(host='paper-api.alpaca.markets', port=443): Max retries exceeded with url: /v2/positions (Caused by NewConnectionError('<urllib3.connection.HTTPSConnection object at 0x7bea0c4fee40>: Failed to establish a new connection: [Errno -3] Temporary failure in name resolution'))
2026-06-23 11:11:50 [ERROR] Save capital failed: HTTPSConnectionPool(host='paper-api.alpaca.markets', port=443): Max retries exceeded with url: /v2/account (Caused by NewConnectionError('<urllib3.connection.HTTPSConnection object at 0x7bea0c4fe060>: Failed to establish a new connection: [Errno -3] Temporary failure in name resolution'))
2026-06-23 11:11:50 [ERROR] Save positions failed: HTTPSConnectionPool(host='paper-api.alpaca.markets', port=443): Max retries exceeded with url: /v2/positions (Caused by NewConnectionError('<urllib3.connection.HTTPSConnection object at 0x7bea0c4ff980>: Failed to establish a new connection: [Errno -3] Temporary failure in name resolution'))
2026-06-23 11:12:50 [ERROR] Save capital failed: HTTPSConnectionPool(host='paper-api.alpaca.markets', port=443): Max retries exceeded with url: /v2/account (Caused by NewConnectionError('<urllib3.connection.HTTPSConnection object at 0x7bea0c4feff0>: Failed to establish a new connection: [Errno -3] Temporary failure in name resolution'))
2026-06-23 11:12:50 [ERROR] Save positions failed: HTTPSConnectionPool(host='paper-api.alpaca.markets', port=443): Max retries exceeded with url: /v2/positions (Caused by NewConnectionError('<urllib3.connection.HTTPSConnection object at 0x7bea0c4fff50>: Failed to establish a new connection: [Errno -3] Temporary failure in name resolution'))
2026-06-23 11:13:50 [ERROR] Save capital failed: HTTPSConnectionPool(host='paper-api.alpaca.markets', port=443): Max retries exceeded with url: /v2/account (Caused by NewConnectionError('<urllib3.connection.HTTPSConnection object at 0x7bea0c4ff1a0>: Failed to establish a new connection: [Errno -3] Temporary failure in name resolution'))
2026-06-23 11:13:50 [ERROR] Save positions failed: HTTPSConnectionPool(host='paper-api.alpaca.markets', port=443): Max retries exceeded with url: /v2/positions (Caused by NewConnectionError('<urllib3.connection.HTTPSConnection object at 0x7bea0c4fee70>: Failed to establish a new connection: [Errno -3] Temporary failure in name resolution'))
2026-06-23 11:14:50 [ERROR] Save capital failed: HTTPSConnectionPool(host='paper-api.alpaca.markets', port=443): Max retries exceeded with url: /v2/account (Caused by NewConnectionError('<urllib3.connection.HTTPSConnection object at 0x7bea0c4ffc80>: Failed to establish a new connection: [Errno -3] Temporary failure in name resolution'))
2026-06-23 11:14:50 [ERROR] Save positions failed: HTTPSConnectionPool(host='paper-api.alpaca.markets', port=443): Max retries exceeded with url: /v2/positions (Caused by NewConnectionError('<urllib3.connection.HTTPSConnection object at 0x7bea0c4ff8c0>: Failed to establish a new connection: [Errno -3] Temporary failure in name resolution'))
2026-06-23 11:15:50 [ERROR] Save capital failed: HTTPSConnectionPool(host='paper-api.alpaca.markets', port=443): Max retries exceeded with url: /v2/account (Caused by NewConnectionError('<urllib3.connection.HTTPSConnection object at 0x7bea0c4ff9e0>: Failed to establish a new connection: [Errno -3] Temporary failure in name resolution'))
2026-06-23 11:15:50 [ERROR] Save positions failed: HTTPSConnectionPool(host='paper-api.alpaca.markets', port=443): Max retries exceeded with url: /v2/positions (Caused by NewConnectionError('<urllib3.connection.HTTPSConnection object at 0x7bea0c4fe060>: Failed to establish a new connection: [Errno -3] Temporary failure in name resolution'))
2026-06-23 11:16:50 [ERROR] Save capital failed: HTTPSConnectionPool(host='paper-api.alpaca.markets', port=443): Max retries exceeded with url: /v2/account (Caused by NewConnectionError('<urllib3.connection.HTTPSConnection object at 0x7bea0c4fdc70>: Failed to establish a new connection: [Errno -3] Temporary failure in name resolution'))
2026-06-23 11:16:50 [ERROR] Save positions failed: HTTPSConnectionPool(host='paper-api.alpaca.markets', port=443): Max retries exceeded with url: /v2/positions (Caused by NewConnectionError('<urllib3.connection.HTTPSConnection object at 0x7bea0c4feff0>: Failed to establish a new connection: [Errno -3] Temporary failure in name resolution'))
2026-06-23 11:17:50 [ERROR] Save capital failed: HTTPSConnectionPool(host='paper-api.alpaca.markets', port=443): Max retries exceeded with url: /v2/account (Caused by NewConnectionError('<urllib3.connection.HTTPSConnection object at 0x7bea0c4fd9a0>: Failed to establish a new connection: [Errno -3] Temporary failure in name resolution'))
2026-06-23 11:17:50 [ERROR] Save positions failed: HTTPSConnectionPool(host='paper-api.alpaca.markets', port=443): Max retries exceeded with url: /v2/positions (Caused by NewConnectionError('<urllib3.connection.HTTPSConnection object at 0x7bea0c4ff1a0>: Failed to establish a new connection: [Errno -3] Temporary failure in name resolution'))
2026-06-23 11:18:50 [ERROR] Save capital failed: HTTPSConnectionPool(host='paper-api.alpaca.markets', port=443): Max retries exceeded with url: /v2/account (Caused by NewConnectionError('<urllib3.connection.HTTPSConnection object at 0x7bea0c4fe660>: Failed to establish a new connection: [Errno -3] Temporary failure in name resolution'))
2026-06-23 11:18:50 [ERROR] Save positions failed: HTTPSConnectionPool(host='paper-api.alpaca.markets', port=443): Max retries exceeded with url: /v2/positions (Caused by NewConnectionError('<urllib3.connection.HTTPSConnection object at 0x7bea0c4ffc80>: Failed to establish a new connection: [Errno -3] Temporary failure in name resolution'))
2026-06-23 11:19:50 [ERROR] Save capital failed: HTTPSConnectionPool(host='paper-api.alpaca.markets', port=443): Max retries exceeded with url: /v2/account (Caused by NewConnectionError('<urllib3.connection.HTTPSConnection object at 0x7bea0c4ffec0>: Failed to establish a new connection: [Errno -3] Temporary failure in name resolution'))
2026-06-23 11:19:50 [ERROR] Save positions failed: HTTPSConnectionPool(host='paper-api.alpaca.markets', port=443): Max retries exceeded with url: /v2/positions (Caused by NewConnectionError('<urllib3.connection.HTTPSConnection object at 0x7bea0c4ff9e0>: Failed to establish a new connection: [Errno -3] Temporary failure in name resolution'))
2026-06-23 11:20:50 [ERROR] Save capital failed: HTTPSConnectionPool(host='paper-api.alpaca.markets', port=443): Max retries exceeded with url: /v2/account (Caused by NewConnectionError('<urllib3.connection.HTTPSConnection object at 0x7bea0c4fe210>: Failed to establish a new connection: [Errno -3] Temporary failure in name resolution'))
2026-06-23 11:20:50 [ERROR] Save positions failed: HTTPSConnectionPool(host='paper-api.alpaca.markets', port=443): Max retries exceeded with url: /v2/positions (Caused by NewConnectionError('<urllib3.connection.HTTPSConnection object at 0x7bea0c4fdc70>: Failed to establish a new connection: [Errno -3] Temporary failure in name resolution'))
2026-06-23 11:21:50 [ERROR] Save capital failed: HTTPSConnectionPool(host='paper-api.alpaca.markets', port=443): Max retries exceeded with url: /v2/account (Caused by NewConnectionError('<urllib3.connection.HTTPSConnection object at 0x7bea0c4fdf70>: Failed to establish a new connection: [Errno -3] Temporary failure in name resolution'))
2026-06-23 11:21:50 [ERROR] Save positions failed: HTTPSConnectionPool(host='paper-api.alpaca.markets', port=443): Max retries exceeded with url: /v2/positions (Caused by NewConnectionError('<urllib3.connection.HTTPSConnection object at 0x7bea0c4fd9a0>: Failed to establish a new connection: [Errno -3] Temporary failure in name resolution'))
2026-06-23 11:22:50 [ERROR] Save capital failed: HTTPSConnectionPool(host='paper-api.alpaca.markets', port=443): Max retries exceeded with url: /v2/account (Caused by NewConnectionError('<urllib3.connection.HTTPSConnection object at 0x7bea0c4ffe30>: Failed to establish a new connection: [Errno -3] Temporary failure in name resolution'))
2026-06-23 11:22:50 [ERROR] Save positions failed: HTTPSConnectionPool(host='paper-api.alpaca.markets', port=443): Max retries exceeded with url: /v2/positions (Caused by NewConnectionError('<urllib3.connection.HTTPSConnection object at 0x7bea0c4fe660>: Failed to establish a new connection: [Errno -3] Temporary failure in name resolution'))
2026-06-23 11:23:50 [ERROR] Save capital failed: HTTPSConnectionPool(host='paper-api.alpaca.markets', port=443): Max retries exceeded with url: /v2/account (Caused by NewConnectionError('<urllib3.connection.HTTPSConnection object at 0x7bea0c4ff3b0>: Failed to establish a new connection: [Errno -3] Temporary failure in name resolution'))
2026-06-23 11:23:50 [ERROR] Save positions failed: HTTPSConnectionPool(host='paper-api.alpaca.markets', port=443): Max retries exceeded with url: /v2/positions (Caused by NewConnectionError('<urllib3.connection.HTTPSConnection object at 0x7bea0c4ffec0>: Failed to establish a new connection: [Errno -3] Temporary failure in name resolution'))
2026-06-23 11:24:50 [ERROR] Save capital failed: HTTPSConnectionPool(host='paper-api.alpaca.markets', port=443): Max retries exceeded with url: /v2/account (Caused by NewConnectionError('<urllib3.connection.HTTPSConnection object at 0x7bea0c4fee40>: Failed to establish a new connection: [Errno -3] Temporary failure in name resolution'))
2026-06-23 11:24:50 [ERROR] Save positions failed: HTTPSConnectionPool(host='paper-api.alpaca.markets', port=443): Max retries exceeded with url: /v2/positions (Caused by NewConnectionError('<urllib3.connection.HTTPSConnection object at 0x7bea0c4fe210>: Failed to establish a new connection: [Errno -3] Temporary failure in name resolution'))
2026-06-23 11:25:51 [ERROR] Save capital failed: HTTPSConnectionPool(host='paper-api.alpaca.markets', port=443): Max retries exceeded with url: /v2/account (Caused by NewConnectionError('<urllib3.connection.HTTPSConnection object at 0x7bea0c4ff980>: Failed to establish a new connection: [Errno -3] Temporary failure in name resolution'))
2026-06-23 11:25:51 [ERROR] Save positions failed: HTTPSConnectionPool(host='paper-api.alpaca.markets', port=443): Max retries exceeded with url: /v2/positions (Caused by NewConnectionError('<urllib3.connection.HTTPSConnection object at 0x7bea0c4fdf70>: Failed to establish a new connection: [Errno -3] Temporary failure in name resolution'))
2026-06-23 11:26:51 [ERROR] Save capital failed: HTTPSConnectionPool(host='paper-api.alpaca.markets', port=443): Max retries exceeded with url: /v2/account (Caused by NewConnectionError('<urllib3.connection.HTTPSConnection object at 0x7bea0c4fff50>: Failed to establish a new connection: [Errno -3] Temporary failure in name resolution'))
2026-06-23 11:26:51 [ERROR] Save positions failed: HTTPSConnectionPool(host='paper-api.alpaca.markets', port=443): Max retries exceeded with url: /v2/positions (Caused by NewConnectionError('<urllib3.connection.HTTPSConnection object at 0x7bea0c4ffe30>: Failed to establish a new connection: [Errno -3] Temporary failure in name resolution'))
2026-06-23 11:27:51 [ERROR] Save capital failed: HTTPSConnectionPool(host='paper-api.alpaca.markets', port=443): Max retries exceeded with url: /v2/account (Caused by NewConnectionError('<urllib3.connection.HTTPSConnection object at 0x7bea0c4fee70>: Failed to establish a new connection: [Errno -3] Temporary failure in name resolution'))
2026-06-23 11:27:51 [ERROR] Save positions failed: HTTPSConnectionPool(host='paper-api.alpaca.markets', port=443): Max retries exceeded with url: /v2/positions (Caused by NewConnectionError('<urllib3.connection.HTTPSConnection object at 0x7bea0c4ff3b0>: Failed to establish a new connection: [Errno -3] Temporary failure in name resolution'))
2026-06-23 11:28:51 [ERROR] Save capital failed: HTTPSConnectionPool(host='paper-api.alpaca.markets', port=443): Max retries exceeded with url: /v2/account (Caused by NewConnectionError('<urllib3.connection.HTTPSConnection object at 0x7bea0c4ff8c0>: Failed to establish a new connection: [Errno -3] Temporary failure in name resolution'))
2026-06-23 11:28:51 [ERROR] Save positions failed: HTTPSConnectionPool(host='paper-api.alpaca.markets', port=443): Max retries exceeded with url: /v2/positions (Caused by NewConnectionError('<urllib3.connection.HTTPSConnection object at 0x7bea0c4fee40>: Failed to establish a new connection: [Errno -3] Temporary failure in name resolution'))
2026-06-23 11:29:51 [ERROR] Save capital failed: HTTPSConnectionPool(host='paper-api.alpaca.markets', port=443): Max retries exceeded with url: /v2/account (Caused by NewConnectionError('<urllib3.connection.HTTPSConnection object at 0x7bea0c4fe060>: Failed to establish a new connection: [Errno -3] Temporary failure in name resolution'))
2026-06-23 11:29:51 [ERROR] Save positions failed: HTTPSConnectionPool(host='paper-api.alpaca.markets', port=443): Max retries exceeded with url: /v2/positions (Caused by NewConnectionError('<urllib3.connection.HTTPSConnection object at 0x7bea0c4ff980>: Failed to establish a new connection: [Errno -3] Temporary failure in name resolution'))
2026-06-23 11:30:51 [ERROR] Save capital failed: HTTPSConnectionPool(host='paper-api.alpaca.markets', port=443): Max retries exceeded with url: /v2/account (Caused by NewConnectionError('<urllib3.connection.HTTPSConnection object at 0x7bea0c4feff0>: Failed to establish a new connection: [Errno -3] Temporary failure in name resolution'))
2026-06-23 11:30:51 [ERROR] Save positions failed: HTTPSConnectionPool(host='paper-api.alpaca.markets', port=443): Max retries exceeded with url: /v2/positions (Caused by NewConnectionError('<urllib3.connection.HTTPSConnection object at 0x7bea0c4fff50>: Failed to establish a new connection: [Errno -3] Temporary failure in name resolution'))
2026-06-23 11:31:51 [ERROR] Save capital failed: HTTPSConnectionPool(host='paper-api.alpaca.markets', port=443): Max retries exceeded with url: /v2/account (Caused by NewConnectionError('<urllib3.connection.HTTPSConnection object at 0x7bea0c4ff1a0>: Failed to establish a new connection: [Errno -3] Temporary failure in name resolution'))
2026-06-23 11:31:51 [ERROR] Save positions failed: HTTPSConnectionPool(host='paper-api.alpaca.markets', port=443): Max retries exceeded with url: /v2/positions (Caused by NewConnectionError('<urllib3.connection.HTTPSConnection object at 0x7bea0c4fee70>: Failed to establish a new connection: [Errno -3] Temporary failure in name resolution'))
2026-06-23 11:32:51 [ERROR] Save capital failed: HTTPSConnectionPool(host='paper-api.alpaca.markets', port=443): Max retries exceeded with url: /v2/account (Caused by NewConnectionError('<urllib3.connection.HTTPSConnection object at 0x7bea0c4ffc80>: Failed to establish a new connection: [Errno -3] Temporary failure in name resolution'))
2026-06-23 11:32:51 [ERROR] Save positions failed: HTTPSConnectionPool(host='paper-api.alpaca.markets', port=443): Max retries exceeded with url: /v2/positions (Caused by NewConnectionError('<urllib3.connection.HTTPSConnection object at 0x7bea0c4ff8c0>: Failed to establish a new connection: [Errno -3] Temporary failure in name resolution'))
2026-06-23 11:33:51 [ERROR] Save capital failed: HTTPSConnectionPool(host='paper-api.alpaca.markets', port=443): Max retries exceeded with url: /v2/account (Caused by NewConnectionError('<urllib3.connection.HTTPSConnection object at 0x7bea0c4ff9e0>: Failed to establish a new connection: [Errno -3] Temporary failure in name resolution'))
2026-06-23 11:33:51 [ERROR] Save positions failed: HTTPSConnectionPool(host='paper-api.alpaca.markets', port=443): Max retries exceeded with url: /v2/positions (Caused by NewConnectionError('<urllib3.connection.HTTPSConnection object at 0x7bea0c4fe060>: Failed to establish a new connection: [Errno -3] Temporary failure in name resolution'))
2026-06-23 11:34:51 [ERROR] Save capital failed: HTTPSConnectionPool(host='paper-api.alpaca.markets', port=443): Max retries exceeded with url: /v2/account (Caused by NewConnectionError('<urllib3.connection.HTTPSConnection object at 0x7bea0c4fdc70>: Failed to establish a new connection: [Errno -3] Temporary failure in name resolution'))
2026-06-23 11:34:51 [ERROR] Save positions failed: HTTPSConnectionPool(host='paper-api.alpaca.markets', port=443): Max retries exceeded with url: /v2/positions (Caused by NewConnectionError('<urllib3.connection.HTTPSConnection object at 0x7bea0c4feff0>: Failed to establish a new connection: [Errno -3] Temporary failure in name resolution'))
2026-06-23 11:35:51 [ERROR] Save capital failed: HTTPSConnectionPool(host='paper-api.alpaca.markets', port=443): Max retries exceeded with url: /v2/account (Caused by NewConnectionError('<urllib3.connection.HTTPSConnection object at 0x7bea0c4fd9a0>: Failed to establish a new connection: [Errno -3] Temporary failure in name resolution'))
2026-06-23 11:35:51 [ERROR] Save positions failed: HTTPSConnectionPool(host='paper-api.alpaca.markets', port=443): Max retries exceeded with url: /v2/positions (Caused by NewConnectionError('<urllib3.connection.HTTPSConnection object at 0x7bea0c4ff1a0>: Failed to establish a new connection: [Errno -3] Temporary failure in name resolution'))
2026-06-23 11:36:51 [ERROR] Save capital failed: HTTPSConnectionPool(host='paper-api.alpaca.markets', port=443): Max retries exceeded with url: /v2/account (Caused by NewConnectionError('<urllib3.connection.HTTPSConnection object at 0x7bea0c4fe660>: Failed to establish a new connection: [Errno -3] Temporary failure in name resolution'))
2026-06-23 11:36:51 [ERROR] Save positions failed: HTTPSConnectionPool(host='paper-api.alpaca.markets', port=443): Max retries exceeded with url: /v2/positions (Caused by NewConnectionError('<urllib3.connection.HTTPSConnection object at 0x7bea0c4ffc80>: Failed to establish a new connection: [Errno -3] Temporary failure in name resolution'))
2026-06-23 11:37:51 [ERROR] Save capital failed: HTTPSConnectionPool(host='paper-api.alpaca.markets', port=443): Max retries exceeded with url: /v2/account (Caused by NewConnectionError('<urllib3.connection.HTTPSConnection object at 0x7bea0c4ffec0>: Failed to establish a new connection: [Errno -3] Temporary failure in name resolution'))
2026-06-23 11:37:51 [ERROR] Save positions failed: HTTPSConnectionPool(host='paper-api.alpaca.markets', port=443): Max retries exceeded with url: /v2/positions (Caused by NewConnectionError('<urllib3.connection.HTTPSConnection object at 0x7bea0c4ff9e0>: Failed to establish a new connection: [Errno -3] Temporary failure in name resolution'))
2026-06-23 11:38:51 [ERROR] Save capital failed: HTTPSConnectionPool(host='paper-api.alpaca.markets', port=443): Max retries exceeded with url: /v2/account (Caused by NewConnectionError('<urllib3.connection.HTTPSConnection object at 0x7bea0c4fe210>: Failed to establish a new connection: [Errno -3] Temporary failure in name resolution'))
2026-06-23 11:38:51 [ERROR] Save positions failed: HTTPSConnectionPool(host='paper-api.alpaca.markets', port=443): Max retries exceeded with url: /v2/positions (Caused by NewConnectionError('<urllib3.connection.HTTPSConnection object at 0x7bea0c4fdc70>: Failed to establish a new connection: [Errno -3] Temporary failure in name resolution'))
2026-06-23 11:39:51 [ERROR] Save capital failed: HTTPSConnectionPool(host='paper-api.alpaca.markets', port=443): Max retries exceeded with url: /v2/account (Caused by NewConnectionError('<urllib3.connection.HTTPSConnection object at 0x7bea0c4fdf70>: Failed to establish a new connection: [Errno -3] Temporary failure in name resolution'))
2026-06-23 11:39:51 [ERROR] Save positions failed: HTTPSConnectionPool(host='paper-api.alpaca.markets', port=443): Max retries exceeded with url: /v2/positions (Caused by NewConnectionError('<urllib3.connection.HTTPSConnection object at 0x7bea0c4fd9a0>: Failed to establish a new connection: [Errno -3] Temporary failure in name resolution'))
2026-06-23 11:40:51 [ERROR] Save capital failed: HTTPSConnectionPool(host='paper-api.alpaca.markets', port=443): Max retries exceeded with url: /v2/account (Caused by NewConnectionError('<urllib3.connection.HTTPSConnection object at 0x7bea0c4ffe30>: Failed to establish a new connection: [Errno -3] Temporary failure in name resolution'))
2026-06-23 11:40:51 [ERROR] Save positions failed: HTTPSConnectionPool(host='paper-api.alpaca.markets', port=443): Max retries exceeded with url: /v2/positions (Caused by NewConnectionError('<urllib3.connection.HTTPSConnection object at 0x7bea0c4fe660>: Failed to establish a new connection: [Errno -3] Temporary failure in name resolution'))
2026-06-23 11:41:51 [ERROR] Save capital failed: HTTPSConnectionPool(host='paper-api.alpaca.markets', port=443): Max retries exceeded with url: /v2/account (Caused by NewConnectionError('<urllib3.connection.HTTPSConnection object at 0x7bea0c4ff3b0>: Failed to establish a new connection: [Errno -3] Temporary failure in name resolution'))
2026-06-23 11:41:51 [ERROR] Save positions failed: HTTPSConnectionPool(host='paper-api.alpaca.markets', port=443): Max retries exceeded with url: /v2/positions (Caused by NewConnectionError('<urllib3.connection.HTTPSConnection object at 0x7bea0c4ffec0>: Failed to establish a new connection: [Errno -3] Temporary failure in name resolution'))
2026-06-23 11:42:51 [ERROR] Save capital failed: HTTPSConnectionPool(host='paper-api.alpaca.markets', port=443): Max retries exceeded with url: /v2/account (Caused by NewConnectionError('<urllib3.connection.HTTPSConnection object at 0x7bea0c4fee40>: Failed to establish a new connection: [Errno -3] Temporary failure in name resolution'))
2026-06-23 11:42:51 [ERROR] Save positions failed: HTTPSConnectionPool(host='paper-api.alpaca.markets', port=443): Max retries exceeded with url: /v2/positions (Caused by NewConnectionError('<urllib3.connection.HTTPSConnection object at 0x7bea0c4fe210>: Failed to establish a new connection: [Errno -3] Temporary failure in name resolution'))
2026-06-23 11:43:51 [ERROR] Save capital failed: HTTPSConnectionPool(host='paper-api.alpaca.markets', port=443): Max retries exceeded with url: /v2/account (Caused by NewConnectionError('<urllib3.connection.HTTPSConnection object at 0x7bea0c4ff980>: Failed to establish a new connection: [Errno -3] Temporary failure in name resolution'))
2026-06-23 11:43:51 [ERROR] Save positions failed: HTTPSConnectionPool(host='paper-api.alpaca.markets', port=443): Max retries exceeded with url: /v2/positions (Caused by NewConnectionError('<urllib3.connection.HTTPSConnection object at 0x7bea0c4fdf70>: Failed to establish a new connection: [Errno -3] Temporary failure in name resolution'))
2026-06-23 11:44:51 [ERROR] Save capital failed: HTTPSConnectionPool(host='paper-api.alpaca.markets', port=443): Max retries exceeded with url: /v2/account (Caused by NewConnectionError('<urllib3.connection.HTTPSConnection object at 0x7bea0c4fff50>: Failed to establish a new connection: [Errno -3] Temporary failure in name resolution'))
2026-06-23 11:44:51 [ERROR] Save positions failed: HTTPSConnectionPool(host='paper-api.alpaca.markets', port=443): Max retries exceeded with url: /v2/positions (Caused by NewConnectionError('<urllib3.connection.HTTPSConnection object at 0x7bea0c4ffe30>: Failed to establish a new connection: [Errno -3] Temporary failure in name resolution'))
2026-06-23 11:45:51 [ERROR] Save capital failed: HTTPSConnectionPool(host='paper-api.alpaca.markets', port=443): Max retries exceeded with url: /v2/account (Caused by NewConnectionError('<urllib3.connection.HTTPSConnection object at 0x7bea0c4fee70>: Failed to establish a new connection: [Errno -3] Temporary failure in name resolution'))
2026-06-23 11:45:51 [ERROR] Save positions failed: HTTPSConnectionPool(host='paper-api.alpaca.markets', port=443): Max retries exceeded with url: /v2/positions (Caused by NewConnectionError('<urllib3.connection.HTTPSConnection object at 0x7bea0c4ff3b0>: Failed to establish a new connection: [Errno -3] Temporary failure in name resolution'))
2026-06-23 11:46:51 [ERROR] Save capital failed: HTTPSConnectionPool(host='paper-api.alpaca.markets', port=443): Max retries exceeded with url: /v2/account (Caused by NewConnectionError('<urllib3.connection.HTTPSConnection object at 0x7bea0c4ff8c0>: Failed to establish a new connection: [Errno -3] Temporary failure in name resolution'))
2026-06-23 11:46:51 [ERROR] Save positions failed: HTTPSConnectionPool(host='paper-api.alpaca.markets', port=443): Max retries exceeded with url: /v2/positions (Caused by NewConnectionError('<urllib3.connection.HTTPSConnection object at 0x7bea0c4fee40>: Failed to establish a new connection: [Errno -3] Temporary failure in name resolution'))
2026-06-23 11:47:51 [ERROR] Save capital failed: HTTPSConnectionPool(host='paper-api.alpaca.markets', port=443): Max retries exceeded with url: /v2/account (Caused by NewConnectionError('<urllib3.connection.HTTPSConnection object at 0x7bea0c4fe060>: Failed to establish a new connection: [Errno -3] Temporary failure in name resolution'))
2026-06-23 11:47:51 [ERROR] Save positions failed: HTTPSConnectionPool(host='paper-api.alpaca.markets', port=443): Max retries exceeded with url: /v2/positions (Caused by NewConnectionError('<urllib3.connection.HTTPSConnection object at 0x7bea0c4ff980>: Failed to establish a new connection: [Errno -3] Temporary failure in name resolution'))
2026-06-23 11:48:51 [ERROR] Save capital failed: HTTPSConnectionPool(host='paper-api.alpaca.markets', port=443): Max retries exceeded with url: /v2/account (Caused by NewConnectionError('<urllib3.connection.HTTPSConnection object at 0x7bea0c4feff0>: Failed to establish a new connection: [Errno -3] Temporary failure in name resolution'))
2026-06-23 11:48:51 [ERROR] Save positions failed: HTTPSConnectionPool(host='paper-api.alpaca.markets', port=443): Max retries exceeded with url: /v2/positions (Caused by NewConnectionError('<urllib3.connection.HTTPSConnection object at 0x7bea0c4fff50>: Failed to establish a new connection: [Errno -3] Temporary failure in name resolution'))
2026-06-23 11:49:51 [ERROR] Save capital failed: HTTPSConnectionPool(host='paper-api.alpaca.markets', port=443): Max retries exceeded with url: /v2/account (Caused by NewConnectionError('<urllib3.connection.HTTPSConnection object at 0x7bea0c4ff1a0>: Failed to establish a new connection: [Errno -3] Temporary failure in name resolution'))
2026-06-23 11:49:51 [ERROR] Save positions failed: HTTPSConnectionPool(host='paper-api.alpaca.markets', port=443): Max retries exceeded with url: /v2/positions (Caused by NewConnectionError('<urllib3.connection.HTTPSConnection object at 0x7bea0c4fee70>: Failed to establish a new connection: [Errno -3] Temporary failure in name resolution'))
2026-06-23 11:50:51 [ERROR] Save capital failed: HTTPSConnectionPool(host='paper-api.alpaca.markets', port=443): Max retries exceeded with url: /v2/account (Caused by NewConnectionError('<urllib3.connection.HTTPSConnection object at 0x7bea0c4ffc80>: Failed to establish a new connection: [Errno -3] Temporary failure in name resolution'))
2026-06-23 11:50:51 [ERROR] Save positions failed: HTTPSConnectionPool(host='paper-api.alpaca.markets', port=443): Max retries exceeded with url: /v2/positions (Caused by NewConnectionError('<urllib3.connection.HTTPSConnection object at 0x7bea0c4ff8c0>: Failed to establish a new connection: [Errno -3] Temporary failure in name resolution'))
2026-06-23 11:51:51 [ERROR] Save capital failed: HTTPSConnectionPool(host='paper-api.alpaca.markets', port=443): Max retries exceeded with url: /v2/account (Caused by NewConnectionError('<urllib3.connection.HTTPSConnection object at 0x7bea0c4ff9e0>: Failed to establish a new connection: [Errno -3] Temporary failure in name resolution'))
2026-06-23 11:51:51 [ERROR] Save positions failed: HTTPSConnectionPool(host='paper-api.alpaca.markets', port=443): Max retries exceeded with url: /v2/positions (Caused by NewConnectionError('<urllib3.connection.HTTPSConnection object at 0x7bea0c4fe060>: Failed to establish a new connection: [Errno -3] Temporary failure in name resolution'))
2026-06-23 11:52:51 [ERROR] Save capital failed: HTTPSConnectionPool(host='paper-api.alpaca.markets', port=443): Max retries exceeded with url: /v2/account (Caused by NewConnectionError('<urllib3.connection.HTTPSConnection object at 0x7bea0c4fdc70>: Failed to establish a new connection: [Errno -3] Temporary failure in name resolution'))
2026-06-23 11:52:51 [ERROR] Save positions failed: HTTPSConnectionPool(host='paper-api.alpaca.markets', port=443): Max retries exceeded with url: /v2/positions (Caused by NewConnectionError('<urllib3.connection.HTTPSConnection object at 0x7bea0c4feff0>: Failed to establish a new connection: [Errno -3] Temporary failure in name resolution'))
2026-06-23 11:53:51 [ERROR] Save capital failed: HTTPSConnectionPool(host='paper-api.alpaca.markets', port=443): Max retries exceeded with url: /v2/account (Caused by NewConnectionError('<urllib3.connection.HTTPSConnection object at 0x7bea0c4fd9a0>: Failed to establish a new connection: [Errno -3] Temporary failure in name resolution'))
2026-06-23 11:53:51 [ERROR] Save positions failed: HTTPSConnectionPool(host='paper-api.alpaca.markets', port=443): Max retries exceeded with url: /v2/positions (Caused by NewConnectionError('<urllib3.connection.HTTPSConnection object at 0x7bea0c4ff1a0>: Failed to establish a new connection: [Errno -3] Temporary failure in name resolution'))
2026-06-23 11:54:51 [ERROR] Save capital failed: HTTPSConnectionPool(host='paper-api.alpaca.markets', port=443): Max retries exceeded with url: /v2/account (Caused by NewConnectionError('<urllib3.connection.HTTPSConnection object at 0x7bea0c4fe660>: Failed to establish a new connection: [Errno -3] Temporary failure in name resolution'))
2026-06-23 11:54:51 [ERROR] Save positions failed: HTTPSConnectionPool(host='paper-api.alpaca.markets', port=443): Max retries exceeded with url: /v2/positions (Caused by NewConnectionError('<urllib3.connection.HTTPSConnection object at 0x7bea0c4ffc80>: Failed to establish a new connection: [Errno -3] Temporary failure in name resolution'))
2026-06-23 11:55:51 [ERROR] Save capital failed: HTTPSConnectionPool(host='paper-api.alpaca.markets', port=443): Max retries exceeded with url: /v2/account (Caused by NewConnectionError('<urllib3.connection.HTTPSConnection object at 0x7bea0c4ffec0>: Failed to establish a new connection: [Errno -3] Temporary failure in name resolution'))
2026-06-23 11:55:51 [ERROR] Save positions failed: HTTPSConnectionPool(host='paper-api.alpaca.markets', port=443): Max retries exceeded with url: /v2/positions (Caused by NewConnectionError('<urllib3.connection.HTTPSConnection object at 0x7bea0c4ff9e0>: Failed to establish a new connection: [Errno -3] Temporary failure in name resolution'))
2026-06-23 11:56:51 [ERROR] Save capital failed: HTTPSConnectionPool(host='paper-api.alpaca.markets', port=443): Max retries exceeded with url: /v2/account (Caused by NewConnectionError('<urllib3.connection.HTTPSConnection object at 0x7bea0c4fe210>: Failed to establish a new connection: [Errno -3] Temporary failure in name resolution'))
2026-06-23 11:56:51 [ERROR] Save positions failed: HTTPSConnectionPool(host='paper-api.alpaca.markets', port=443): Max retries exceeded with url: /v2/positions (Caused by NewConnectionError('<urllib3.connection.HTTPSConnection object at 0x7bea0c4fdc70>: Failed to establish a new connection: [Errno -3] Temporary failure in name resolution'))
2026-06-23 11:57:51 [ERROR] Save capital failed: HTTPSConnectionPool(host='paper-api.alpaca.markets', port=443): Max retries exceeded with url: /v2/account (Caused by NewConnectionError('<urllib3.connection.HTTPSConnection object at 0x7bea0c4fdf70>: Failed to establish a new connection: [Errno -3] Temporary failure in name resolution'))
2026-06-23 11:57:51 [ERROR] Save positions failed: HTTPSConnectionPool(host='paper-api.alpaca.markets', port=443): Max retries exceeded with url: /v2/positions (Caused by NewConnectionError('<urllib3.connection.HTTPSConnection object at 0x7bea0c4fd9a0>: Failed to establish a new connection: [Errno -3] Temporary failure in name resolution'))
2026-06-23 11:58:51 [ERROR] Save capital failed: HTTPSConnectionPool(host='paper-api.alpaca.markets', port=443): Max retries exceeded with url: /v2/account (Caused by NewConnectionError('<urllib3.connection.HTTPSConnection object at 0x7bea0c4ffe30>: Failed to establish a new connection: [Errno -3] Temporary failure in name resolution'))
2026-06-23 11:58:51 [ERROR] Save positions failed: HTTPSConnectionPool(host='paper-api.alpaca.markets', port=443): Max retries exceeded with url: /v2/positions (Caused by NewConnectionError('<urllib3.connection.HTTPSConnection object at 0x7bea0c4fe660>: Failed to establish a new connection: [Errno -3] Temporary failure in name resolution'))
2026-06-23 11:59:51 [ERROR] Save capital failed: HTTPSConnectionPool(host='paper-api.alpaca.markets', port=443): Max retries exceeded with url: /v2/account (Caused by NewConnectionError('<urllib3.connection.HTTPSConnection object at 0x7bea0c4ff3b0>: Failed to establish a new connection: [Errno -3] Temporary failure in name resolution'))
2026-06-23 11:59:51 [ERROR] Save positions failed: HTTPSConnectionPool(host='paper-api.alpaca.markets', port=443): Max retries exceeded with url: /v2/positions (Caused by NewConnectionError('<urllib3.connection.HTTPSConnection object at 0x7bea0c4ffec0>: Failed to establish a new connection: [Errno -3] Temporary failure in name resolution'))
2026-06-23 12:20:50 [INFO] Shutdown signal received
2026-06-23 12:20:51 [INFO] US Bot stopped
2026-06-23 12:21:38 [INFO] ============================================================
2026-06-23 12:21:38 [INFO] US TRADING BOT STARTED
2026-06-23 12:21:38 [INFO] ============================================================
2026-06-23 12:21:38 [INFO] Initializing US Bot...
2026-06-23 12:21:38 [INFO] AlpacaTrader initialized (PAPER)
2026-06-23 12:21:38 [INFO] AlpacaTrader initialized (PAPER)
2026-06-23 12:21:39 [INFO] Alpaca connected: $98,857.41 cash
2026-06-23 12:21:40 [INFO] Telegram bot ready
2026-06-23 12:21:40 [INFO] US Bot initialized
2026-06-23 12:21:40 [INFO] [TELEGRAM] 🚀 <b>US Bot Online</b>
Ready for Sharia-compliant US trading...
2026-06-23 12:21:40 [INFO] [TELEGRAM] 🚀 <b>US Bot Online</b>
Ready for Sharia-compliant US trading...
2026-06-23 12:21:40 [INFO] HTTP Request: POST https://api.telegram.org/bot8617061863:AAEPDTEn1UAwsrlsdo4q8hjjjEcq4Fc0Lws/sendMessage "HTTP/1.1 200 OK"
2026-06-23 14:45:35 [ERROR] Save capital failed: ('Connection aborted.', RemoteDisconnected('Remote end closed connection without response'))
2026-06-24 12:32:31 [ERROR] Save capital failed: 500 Server Error: Internal Server Error for url: https://paper-api.alpaca.markets/v2/account
2026-06-24 12:32:32 [ERROR] Save positions failed: 500 Server Error: Internal Server Error for url: https://paper-api.alpaca.markets/v2/positions
2026-06-24 12:33:34 [ERROR] Save capital failed: 500 Server Error: Internal Server Error for url: https://paper-api.alpaca.markets/v2/account
2026-06-24 12:33:36 [ERROR] Save positions failed: 500 Server Error: Internal Server Error for url: https://paper-api.alpaca.markets/v2/positions
