2026-06-18 17:05:05 [INFO] US Mid-Screen: Early Momentum (midscreen1)
2026-06-18 17:05:05 [INFO] AlpacaTrader initialized (PAPER)
2026-06-18 17:05:05 [INFO] Step 1: Checking existing picks...
2026-06-18 17:05:05 [INFO] Found 10 existing picks
/home/mino/.openclaw-mino/.local/lib/python3.12/site-packages/alpaca_trade_api/entity.py:103: UserWarning: The 'unit' keyword is only used when the Timestamp input is an integer or float, not str. To specify the storage unit of the output use `ts.as_unit(unit)`
  return pd.Timestamp(val, unit='s', tz=NY)
2026-06-18 17:05:07 [INFO]   ✅ EQT: Still valid (change=-1.7%, vol=1226476)
/home/mino/.openclaw-mino/.local/lib/python3.12/site-packages/alpaca_trade_api/entity.py:103: UserWarning: The 'unit' keyword is only used when the Timestamp input is an integer or float, not str. To specify the storage unit of the output use `ts.as_unit(unit)`
  return pd.Timestamp(val, unit='s', tz=NY)
2026-06-18 17:05:07 [INFO]   ✅ VZ: Still valid (change=0.2%, vol=5090014)
/home/mino/.openclaw-mino/.local/lib/python3.12/site-packages/alpaca_trade_api/entity.py:103: UserWarning: The 'unit' keyword is only used when the Timestamp input is an integer or float, not str. To specify the storage unit of the output use `ts.as_unit(unit)`
  return pd.Timestamp(val, unit='s', tz=NY)
2026-06-18 17:05:08 [INFO]   ✅ CSX: Still valid (change=2.2%, vol=2730205)
/home/mino/.openclaw-mino/.local/lib/python3.12/site-packages/alpaca_trade_api/entity.py:103: UserWarning: The 'unit' keyword is only used when the Timestamp input is an integer or float, not str. To specify the storage unit of the output use `ts.as_unit(unit)`
  return pd.Timestamp(val, unit='s', tz=NY)
2026-06-18 17:05:08 [INFO]   ✅ EXC: Still valid (change=0.0%, vol=1899136)
/home/mino/.openclaw-mino/.local/lib/python3.12/site-packages/alpaca_trade_api/entity.py:103: UserWarning: The 'unit' keyword is only used when the Timestamp input is an integer or float, not str. To specify the storage unit of the output use `ts.as_unit(unit)`
  return pd.Timestamp(val, unit='s', tz=NY)
2026-06-18 17:05:09 [INFO]   ✅ BMY: Still valid (change=-1.4%, vol=2290043)
/home/mino/.openclaw-mino/.local/lib/python3.12/site-packages/alpaca_trade_api/entity.py:103: UserWarning: The 'unit' keyword is only used when the Timestamp input is an integer or float, not str. To specify the storage unit of the output use `ts.as_unit(unit)`
  return pd.Timestamp(val, unit='s', tz=NY)
2026-06-18 17:05:10 [INFO]   ✅ PYPL: Still valid (change=0.5%, vol=2516512)
/home/mino/.openclaw-mino/.local/lib/python3.12/site-packages/alpaca_trade_api/entity.py:103: UserWarning: The 'unit' keyword is only used when the Timestamp input is an integer or float, not str. To specify the storage unit of the output use `ts.as_unit(unit)`
  return pd.Timestamp(val, unit='s', tz=NY)
2026-06-18 17:05:10 [INFO]   ✅ OXY: Still valid (change=-3.4%, vol=2041012)
/home/mino/.openclaw-mino/.local/lib/python3.12/site-packages/alpaca_trade_api/entity.py:103: UserWarning: The 'unit' keyword is only used when the Timestamp input is an integer or float, not str. To specify the storage unit of the output use `ts.as_unit(unit)`
  return pd.Timestamp(val, unit='s', tz=NY)
2026-06-18 17:05:11 [INFO]   ✅ NKE: Still valid (change=0.6%, vol=2661243)
/home/mino/.openclaw-mino/.local/lib/python3.12/site-packages/alpaca_trade_api/entity.py:103: UserWarning: The 'unit' keyword is only used when the Timestamp input is an integer or float, not str. To specify the storage unit of the output use `ts.as_unit(unit)`
  return pd.Timestamp(val, unit='s', tz=NY)
2026-06-18 17:05:12 [INFO]   ✅ DVN: Still valid (change=-2.1%, vol=2644409)
/home/mino/.openclaw-mino/.local/lib/python3.12/site-packages/alpaca_trade_api/entity.py:103: UserWarning: The 'unit' keyword is only used when the Timestamp input is an integer or float, not str. To specify the storage unit of the output use `ts.as_unit(unit)`
  return pd.Timestamp(val, unit='s', tz=NY)
2026-06-18 17:05:12 [INFO]   ✅ NI: Still valid (change=0.7%, vol=773531)
2026-06-18 17:05:12 [INFO] Validation: 10 valid, 0 removed
2026-06-18 17:05:12 [INFO] Step 2: Finding new momentum plays...
2026-06-18 17:05:12 [INFO] Starting mid-screen at 10:05 ET with regime: NEUTRAL
2026-06-18 17:05:12 [INFO] Universe: 194 Sharia-compliant stocks
2026-06-18 17:05:12 [INFO] Screening 100 stocks...
/home/mino/.openclaw-mino/.local/lib/python3.12/site-packages/alpaca_trade_api/entity.py:103: UserWarning: The 'unit' keyword is only used when the Timestamp input is an integer or float, not str. To specify the storage unit of the output use `ts.as_unit(unit)`
  return pd.Timestamp(val, unit='s', tz=NY)
/home/mino/.openclaw-mino/.local/lib/python3.12/site-packages/alpaca_trade_api/entity.py:103: UserWarning: The 'unit' keyword is only used when the Timestamp input is an integer or float, not str. To specify the storage unit of the output use `ts.as_unit(unit)`
  return pd.Timestamp(val, unit='s', tz=NY)
/home/mino/.openclaw-mino/.local/lib/python3.12/site-packages/alpaca_trade_api/entity.py:103: UserWarning: The 'unit' keyword is only used when the Timestamp input is an integer or float, not str. To specify the storage unit of the output use `ts.as_unit(unit)`
  return pd.Timestamp(val, unit='s', tz=NY)
/home/mino/.openclaw-mino/.local/lib/python3.12/site-packages/alpaca_trade_api/entity.py:103: UserWarning: The 'unit' keyword is only used when the Timestamp input is an integer or float, not str. To specify the storage unit of the output use `ts.as_unit(unit)`
  return pd.Timestamp(val, unit='s', tz=NY)
/home/mino/.openclaw-mino/.local/lib/python3.12/site-packages/alpaca_trade_api/entity.py:103: UserWarning: The 'unit' keyword is only used when the Timestamp input is an integer or float, not str. To specify the storage unit of the output use `ts.as_unit(unit)`
  return pd.Timestamp(val, unit='s', tz=NY)
/home/mino/.openclaw-mino/.local/lib/python3.12/site-packages/alpaca_trade_api/entity.py:103: UserWarning: The 'unit' keyword is only used when the Timestamp input is an integer or float, not str. To specify the storage unit of the output use `ts.as_unit(unit)`
  return pd.Timestamp(val, unit='s', tz=NY)
/home/mino/.openclaw-mino/.local/lib/python3.12/site-packages/alpaca_trade_api/entity.py:103: UserWarning: The 'unit' keyword is only used when the Timestamp input is an integer or float, not str. To specify the storage unit of the output use `ts.as_unit(unit)`
  return pd.Timestamp(val, unit='s', tz=NY)
/home/mino/.openclaw-mino/.local/lib/python3.12/site-packages/alpaca_trade_api/entity.py:103: UserWarning: The 'unit' keyword is only used when the Timestamp input is an integer or float, not str. To specify the storage unit of the output use `ts.as_unit(unit)`
  return pd.Timestamp(val, unit='s', tz=NY)
/home/mino/.openclaw-mino/.local/lib/python3.12/site-packages/alpaca_trade_api/entity.py:103: UserWarning: The 'unit' keyword is only used when the Timestamp input is an integer or float, not str. To specify the storage unit of the output use `ts.as_unit(unit)`
  return pd.Timestamp(val, unit='s', tz=NY)
/home/mino/.openclaw-mino/.local/lib/python3.12/site-packages/alpaca_trade_api/entity.py:103: UserWarning: The 'unit' keyword is only used when the Timestamp input is an integer or float, not str. To specify the storage unit of the output use `ts.as_unit(unit)`
  return pd.Timestamp(val, unit='s', tz=NY)
2026-06-18 17:05:18 [INFO]   Progress: 10/100 screened, 0 picks
/home/mino/.openclaw-mino/.local/lib/python3.12/site-packages/alpaca_trade_api/entity.py:103: UserWarning: The 'unit' keyword is only used when the Timestamp input is an integer or float, not str. To specify the storage unit of the output use `ts.as_unit(unit)`
  return pd.Timestamp(val, unit='s', tz=NY)
/home/mino/.openclaw-mino/.local/lib/python3.12/site-packages/alpaca_trade_api/entity.py:103: UserWarning: The 'unit' keyword is only used when the Timestamp input is an integer or float, not str. To specify the storage unit of the output use `ts.as_unit(unit)`
  return pd.Timestamp(val, unit='s', tz=NY)
/home/mino/.openclaw-mino/.local/lib/python3.12/site-packages/alpaca_trade_api/entity.py:103: UserWarning: The 'unit' keyword is only used when the Timestamp input is an integer or float, not str. To specify the storage unit of the output use `ts.as_unit(unit)`
  return pd.Timestamp(val, unit='s', tz=NY)
/home/mino/.openclaw-mino/.local/lib/python3.12/site-packages/alpaca_trade_api/entity.py:103: UserWarning: The 'unit' keyword is only used when the Timestamp input is an integer or float, not str. To specify the storage unit of the output use `ts.as_unit(unit)`
  return pd.Timestamp(val, unit='s', tz=NY)
/home/mino/.openclaw-mino/.local/lib/python3.12/site-packages/alpaca_trade_api/entity.py:103: UserWarning: The 'unit' keyword is only used when the Timestamp input is an integer or float, not str. To specify the storage unit of the output use `ts.as_unit(unit)`
  return pd.Timestamp(val, unit='s', tz=NY)
/home/mino/.openclaw-mino/.local/lib/python3.12/site-packages/alpaca_trade_api/entity.py:103: UserWarning: The 'unit' keyword is only used when the Timestamp input is an integer or float, not str. To specify the storage unit of the output use `ts.as_unit(unit)`
  return pd.Timestamp(val, unit='s', tz=NY)
/home/mino/.openclaw-mino/.local/lib/python3.12/site-packages/alpaca_trade_api/entity.py:103: UserWarning: The 'unit' keyword is only used when the Timestamp input is an integer or float, not str. To specify the storage unit of the output use `ts.as_unit(unit)`
  return pd.Timestamp(val, unit='s', tz=NY)
/home/mino/.openclaw-mino/.local/lib/python3.12/site-packages/alpaca_trade_api/entity.py:103: UserWarning: The 'unit' keyword is only used when the Timestamp input is an integer or float, not str. To specify the storage unit of the output use `ts.as_unit(unit)`
  return pd.Timestamp(val, unit='s', tz=NY)
/home/mino/.openclaw-mino/.local/lib/python3.12/site-packages/alpaca_trade_api/entity.py:103: UserWarning: The 'unit' keyword is only used when the Timestamp input is an integer or float, not str. To specify the storage unit of the output use `ts.as_unit(unit)`
  return pd.Timestamp(val, unit='s', tz=NY)
/home/mino/.openclaw-mino/.local/lib/python3.12/site-packages/alpaca_trade_api/entity.py:103: UserWarning: The 'unit' keyword is only used when the Timestamp input is an integer or float, not str. To specify the storage unit of the output use `ts.as_unit(unit)`
  return pd.Timestamp(val, unit='s', tz=NY)
2026-06-18 17:05:24 [INFO]   Progress: 20/100 screened, 0 picks
/home/mino/.openclaw-mino/.local/lib/python3.12/site-packages/alpaca_trade_api/entity.py:103: UserWarning: The 'unit' keyword is only used when the Timestamp input is an integer or float, not str. To specify the storage unit of the output use `ts.as_unit(unit)`
  return pd.Timestamp(val, unit='s', tz=NY)
/home/mino/.openclaw-mino/.local/lib/python3.12/site-packages/alpaca_trade_api/entity.py:103: UserWarning: The 'unit' keyword is only used when the Timestamp input is an integer or float, not str. To specify the storage unit of the output use `ts.as_unit(unit)`
  return pd.Timestamp(val, unit='s', tz=NY)
/home/mino/.openclaw-mino/.local/lib/python3.12/site-packages/alpaca_trade_api/entity.py:103: UserWarning: The 'unit' keyword is only used when the Timestamp input is an integer or float, not str. To specify the storage unit of the output use `ts.as_unit(unit)`
  return pd.Timestamp(val, unit='s', tz=NY)
/home/mino/.openclaw-mino/.local/lib/python3.12/site-packages/alpaca_trade_api/entity.py:103: UserWarning: The 'unit' keyword is only used when the Timestamp input is an integer or float, not str. To specify the storage unit of the output use `ts.as_unit(unit)`
  return pd.Timestamp(val, unit='s', tz=NY)
/home/mino/.openclaw-mino/.local/lib/python3.12/site-packages/alpaca_trade_api/entity.py:103: UserWarning: The 'unit' keyword is only used when the Timestamp input is an integer or float, not str. To specify the storage unit of the output use `ts.as_unit(unit)`
  return pd.Timestamp(val, unit='s', tz=NY)
/home/mino/.openclaw-mino/.local/lib/python3.12/site-packages/alpaca_trade_api/entity.py:103: UserWarning: The 'unit' keyword is only used when the Timestamp input is an integer or float, not str. To specify the storage unit of the output use `ts.as_unit(unit)`
  return pd.Timestamp(val, unit='s', tz=NY)
/home/mino/.openclaw-mino/.local/lib/python3.12/site-packages/alpaca_trade_api/entity.py:103: UserWarning: The 'unit' keyword is only used when the Timestamp input is an integer or float, not str. To specify the storage unit of the output use `ts.as_unit(unit)`
  return pd.Timestamp(val, unit='s', tz=NY)
/home/mino/.openclaw-mino/.local/lib/python3.12/site-packages/alpaca_trade_api/entity.py:103: UserWarning: The 'unit' keyword is only used when the Timestamp input is an integer or float, not str. To specify the storage unit of the output use `ts.as_unit(unit)`
  return pd.Timestamp(val, unit='s', tz=NY)
/home/mino/.openclaw-mino/.local/lib/python3.12/site-packages/alpaca_trade_api/entity.py:103: UserWarning: The 'unit' keyword is only used when the Timestamp input is an integer or float, not str. To specify the storage unit of the output use `ts.as_unit(unit)`
  return pd.Timestamp(val, unit='s', tz=NY)
/home/mino/.openclaw-mino/.local/lib/python3.12/site-packages/alpaca_trade_api/entity.py:103: UserWarning: The 'unit' keyword is only used when the Timestamp input is an integer or float, not str. To specify the storage unit of the output use `ts.as_unit(unit)`
  return pd.Timestamp(val, unit='s', tz=NY)
2026-06-18 17:05:30 [INFO]   Progress: 30/100 screened, 0 picks
/home/mino/.openclaw-mino/.local/lib/python3.12/site-packages/alpaca_trade_api/entity.py:103: UserWarning: The 'unit' keyword is only used when the Timestamp input is an integer or float, not str. To specify the storage unit of the output use `ts.as_unit(unit)`
  return pd.Timestamp(val, unit='s', tz=NY)
/home/mino/.openclaw-mino/.local/lib/python3.12/site-packages/alpaca_trade_api/entity.py:103: UserWarning: The 'unit' keyword is only used when the Timestamp input is an integer or float, not str. To specify the storage unit of the output use `ts.as_unit(unit)`
  return pd.Timestamp(val, unit='s', tz=NY)
/home/mino/.openclaw-mino/.local/lib/python3.12/site-packages/alpaca_trade_api/entity.py:103: UserWarning: The 'unit' keyword is only used when the Timestamp input is an integer or float, not str. To specify the storage unit of the output use `ts.as_unit(unit)`
  return pd.Timestamp(val, unit='s', tz=NY)
/home/mino/.openclaw-mino/.local/lib/python3.12/site-packages/alpaca_trade_api/entity.py:103: UserWarning: The 'unit' keyword is only used when the Timestamp input is an integer or float, not str. To specify the storage unit of the output use `ts.as_unit(unit)`
  return pd.Timestamp(val, unit='s', tz=NY)
/home/mino/.openclaw-mino/.local/lib/python3.12/site-packages/alpaca_trade_api/entity.py:103: UserWarning: The 'unit' keyword is only used when the Timestamp input is an integer or float, not str. To specify the storage unit of the output use `ts.as_unit(unit)`
  return pd.Timestamp(val, unit='s', tz=NY)
/home/mino/.openclaw-mino/.local/lib/python3.12/site-packages/alpaca_trade_api/entity.py:103: UserWarning: The 'unit' keyword is only used when the Timestamp input is an integer or float, not str. To specify the storage unit of the output use `ts.as_unit(unit)`
  return pd.Timestamp(val, unit='s', tz=NY)
/home/mino/.openclaw-mino/.local/lib/python3.12/site-packages/alpaca_trade_api/entity.py:103: UserWarning: The 'unit' keyword is only used when the Timestamp input is an integer or float, not str. To specify the storage unit of the output use `ts.as_unit(unit)`
  return pd.Timestamp(val, unit='s', tz=NY)
/home/mino/.openclaw-mino/.local/lib/python3.12/site-packages/alpaca_trade_api/entity.py:103: UserWarning: The 'unit' keyword is only used when the Timestamp input is an integer or float, not str. To specify the storage unit of the output use `ts.as_unit(unit)`
  return pd.Timestamp(val, unit='s', tz=NY)
/home/mino/.openclaw-mino/.local/lib/python3.12/site-packages/alpaca_trade_api/entity.py:103: UserWarning: The 'unit' keyword is only used when the Timestamp input is an integer or float, not str. To specify the storage unit of the output use `ts.as_unit(unit)`
  return pd.Timestamp(val, unit='s', tz=NY)
/home/mino/.openclaw-mino/.local/lib/python3.12/site-packages/alpaca_trade_api/entity.py:103: UserWarning: The 'unit' keyword is only used when the Timestamp input is an integer or float, not str. To specify the storage unit of the output use `ts.as_unit(unit)`
  return pd.Timestamp(val, unit='s', tz=NY)
2026-06-18 17:05:35 [INFO]   Progress: 40/100 screened, 0 picks
/home/mino/.openclaw-mino/.local/lib/python3.12/site-packages/alpaca_trade_api/entity.py:103: UserWarning: The 'unit' keyword is only used when the Timestamp input is an integer or float, not str. To specify the storage unit of the output use `ts.as_unit(unit)`
  return pd.Timestamp(val, unit='s', tz=NY)
/home/mino/.openclaw-mino/.local/lib/python3.12/site-packages/alpaca_trade_api/entity.py:103: UserWarning: The 'unit' keyword is only used when the Timestamp input is an integer or float, not str. To specify the storage unit of the output use `ts.as_unit(unit)`
  return pd.Timestamp(val, unit='s', tz=NY)
/home/mino/.openclaw-mino/.local/lib/python3.12/site-packages/alpaca_trade_api/entity.py:103: UserWarning: The 'unit' keyword is only used when the Timestamp input is an integer or float, not str. To specify the storage unit of the output use `ts.as_unit(unit)`
  return pd.Timestamp(val, unit='s', tz=NY)
/home/mino/.openclaw-mino/.local/lib/python3.12/site-packages/alpaca_trade_api/entity.py:103: UserWarning: The 'unit' keyword is only used when the Timestamp input is an integer or float, not str. To specify the storage unit of the output use `ts.as_unit(unit)`
  return pd.Timestamp(val, unit='s', tz=NY)
/home/mino/.openclaw-mino/.local/lib/python3.12/site-packages/alpaca_trade_api/entity.py:103: UserWarning: The 'unit' keyword is only used when the Timestamp input is an integer or float, not str. To specify the storage unit of the output use `ts.as_unit(unit)`
  return pd.Timestamp(val, unit='s', tz=NY)
/home/mino/.openclaw-mino/.local/lib/python3.12/site-packages/alpaca_trade_api/entity.py:103: UserWarning: The 'unit' keyword is only used when the Timestamp input is an integer or float, not str. To specify the storage unit of the output use `ts.as_unit(unit)`
  return pd.Timestamp(val, unit='s', tz=NY)
/home/mino/.openclaw-mino/.local/lib/python3.12/site-packages/alpaca_trade_api/entity.py:103: UserWarning: The 'unit' keyword is only used when the Timestamp input is an integer or float, not str. To specify the storage unit of the output use `ts.as_unit(unit)`
  return pd.Timestamp(val, unit='s', tz=NY)
/home/mino/.openclaw-mino/.local/lib/python3.12/site-packages/alpaca_trade_api/entity.py:103: UserWarning: The 'unit' keyword is only used when the Timestamp input is an integer or float, not str. To specify the storage unit of the output use `ts.as_unit(unit)`
  return pd.Timestamp(val, unit='s', tz=NY)
/home/mino/.openclaw-mino/.local/lib/python3.12/site-packages/alpaca_trade_api/entity.py:103: UserWarning: The 'unit' keyword is only used when the Timestamp input is an integer or float, not str. To specify the storage unit of the output use `ts.as_unit(unit)`
  return pd.Timestamp(val, unit='s', tz=NY)
/home/mino/.openclaw-mino/.local/lib/python3.12/site-packages/alpaca_trade_api/entity.py:103: UserWarning: The 'unit' keyword is only used when the Timestamp input is an integer or float, not str. To specify the storage unit of the output use `ts.as_unit(unit)`
  return pd.Timestamp(val, unit='s', tz=NY)
2026-06-18 17:05:41 [INFO]   Progress: 50/100 screened, 0 picks
/home/mino/.openclaw-mino/.local/lib/python3.12/site-packages/alpaca_trade_api/entity.py:103: UserWarning: The 'unit' keyword is only used when the Timestamp input is an integer or float, not str. To specify the storage unit of the output use `ts.as_unit(unit)`
  return pd.Timestamp(val, unit='s', tz=NY)
/home/mino/.openclaw-mino/.local/lib/python3.12/site-packages/alpaca_trade_api/entity.py:103: UserWarning: The 'unit' keyword is only used when the Timestamp input is an integer or float, not str. To specify the storage unit of the output use `ts.as_unit(unit)`
  return pd.Timestamp(val, unit='s', tz=NY)
/home/mino/.openclaw-mino/.local/lib/python3.12/site-packages/alpaca_trade_api/entity.py:103: UserWarning: The 'unit' keyword is only used when the Timestamp input is an integer or float, not str. To specify the storage unit of the output use `ts.as_unit(unit)`
  return pd.Timestamp(val, unit='s', tz=NY)
/home/mino/.openclaw-mino/.local/lib/python3.12/site-packages/alpaca_trade_api/entity.py:103: UserWarning: The 'unit' keyword is only used when the Timestamp input is an integer or float, not str. To specify the storage unit of the output use `ts.as_unit(unit)`
  return pd.Timestamp(val, unit='s', tz=NY)
/home/mino/.openclaw-mino/.local/lib/python3.12/site-packages/alpaca_trade_api/entity.py:103: UserWarning: The 'unit' keyword is only used when the Timestamp input is an integer or float, not str. To specify the storage unit of the output use `ts.as_unit(unit)`
  return pd.Timestamp(val, unit='s', tz=NY)
/home/mino/.openclaw-mino/.local/lib/python3.12/site-packages/alpaca_trade_api/entity.py:103: UserWarning: The 'unit' keyword is only used when the Timestamp input is an integer or float, not str. To specify the storage unit of the output use `ts.as_unit(unit)`
  return pd.Timestamp(val, unit='s', tz=NY)
/home/mino/.openclaw-mino/.local/lib/python3.12/site-packages/alpaca_trade_api/entity.py:103: UserWarning: The 'unit' keyword is only used when the Timestamp input is an integer or float, not str. To specify the storage unit of the output use `ts.as_unit(unit)`
  return pd.Timestamp(val, unit='s', tz=NY)
/home/mino/.openclaw-mino/.local/lib/python3.12/site-packages/alpaca_trade_api/entity.py:103: UserWarning: The 'unit' keyword is only used when the Timestamp input is an integer or float, not str. To specify the storage unit of the output use `ts.as_unit(unit)`
  return pd.Timestamp(val, unit='s', tz=NY)
/home/mino/.openclaw-mino/.local/lib/python3.12/site-packages/alpaca_trade_api/entity.py:103: UserWarning: The 'unit' keyword is only used when the Timestamp input is an integer or float, not str. To specify the storage unit of the output use `ts.as_unit(unit)`
  return pd.Timestamp(val, unit='s', tz=NY)
/home/mino/.openclaw-mino/.local/lib/python3.12/site-packages/alpaca_trade_api/entity.py:103: UserWarning: The 'unit' keyword is only used when the Timestamp input is an integer or float, not str. To specify the storage unit of the output use `ts.as_unit(unit)`
  return pd.Timestamp(val, unit='s', tz=NY)
2026-06-18 17:05:47 [INFO]   Progress: 60/100 screened, 0 picks
/home/mino/.openclaw-mino/.local/lib/python3.12/site-packages/alpaca_trade_api/entity.py:103: UserWarning: The 'unit' keyword is only used when the Timestamp input is an integer or float, not str. To specify the storage unit of the output use `ts.as_unit(unit)`
  return pd.Timestamp(val, unit='s', tz=NY)
/home/mino/.openclaw-mino/.local/lib/python3.12/site-packages/alpaca_trade_api/entity.py:103: UserWarning: The 'unit' keyword is only used when the Timestamp input is an integer or float, not str. To specify the storage unit of the output use `ts.as_unit(unit)`
  return pd.Timestamp(val, unit='s', tz=NY)
/home/mino/.openclaw-mino/.local/lib/python3.12/site-packages/alpaca_trade_api/entity.py:103: UserWarning: The 'unit' keyword is only used when the Timestamp input is an integer or float, not str. To specify the storage unit of the output use `ts.as_unit(unit)`
  return pd.Timestamp(val, unit='s', tz=NY)
/home/mino/.openclaw-mino/.local/lib/python3.12/site-packages/alpaca_trade_api/entity.py:103: UserWarning: The 'unit' keyword is only used when the Timestamp input is an integer or float, not str. To specify the storage unit of the output use `ts.as_unit(unit)`
  return pd.Timestamp(val, unit='s', tz=NY)
/home/mino/.openclaw-mino/.local/lib/python3.12/site-packages/alpaca_trade_api/entity.py:103: UserWarning: The 'unit' keyword is only used when the Timestamp input is an integer or float, not str. To specify the storage unit of the output use `ts.as_unit(unit)`
  return pd.Timestamp(val, unit='s', tz=NY)
/home/mino/.openclaw-mino/.local/lib/python3.12/site-packages/alpaca_trade_api/entity.py:103: UserWarning: The 'unit' keyword is only used when the Timestamp input is an integer or float, not str. To specify the storage unit of the output use `ts.as_unit(unit)`
  return pd.Timestamp(val, unit='s', tz=NY)
/home/mino/.openclaw-mino/.local/lib/python3.12/site-packages/alpaca_trade_api/entity.py:103: UserWarning: The 'unit' keyword is only used when the Timestamp input is an integer or float, not str. To specify the storage unit of the output use `ts.as_unit(unit)`
  return pd.Timestamp(val, unit='s', tz=NY)
/home/mino/.openclaw-mino/.local/lib/python3.12/site-packages/alpaca_trade_api/entity.py:103: UserWarning: The 'unit' keyword is only used when the Timestamp input is an integer or float, not str. To specify the storage unit of the output use `ts.as_unit(unit)`
  return pd.Timestamp(val, unit='s', tz=NY)
/home/mino/.openclaw-mino/.local/lib/python3.12/site-packages/alpaca_trade_api/entity.py:103: UserWarning: The 'unit' keyword is only used when the Timestamp input is an integer or float, not str. To specify the storage unit of the output use `ts.as_unit(unit)`
  return pd.Timestamp(val, unit='s', tz=NY)
/home/mino/.openclaw-mino/.local/lib/python3.12/site-packages/alpaca_trade_api/entity.py:103: UserWarning: The 'unit' keyword is only used when the Timestamp input is an integer or float, not str. To specify the storage unit of the output use `ts.as_unit(unit)`
  return pd.Timestamp(val, unit='s', tz=NY)
2026-06-18 17:05:52 [INFO]   Progress: 70/100 screened, 0 picks
/home/mino/.openclaw-mino/.local/lib/python3.12/site-packages/alpaca_trade_api/entity.py:103: UserWarning: The 'unit' keyword is only used when the Timestamp input is an integer or float, not str. To specify the storage unit of the output use `ts.as_unit(unit)`
  return pd.Timestamp(val, unit='s', tz=NY)
/home/mino/.openclaw-mino/.local/lib/python3.12/site-packages/alpaca_trade_api/entity.py:103: UserWarning: The 'unit' keyword is only used when the Timestamp input is an integer or float, not str. To specify the storage unit of the output use `ts.as_unit(unit)`
  return pd.Timestamp(val, unit='s', tz=NY)
/home/mino/.openclaw-mino/.local/lib/python3.12/site-packages/alpaca_trade_api/entity.py:103: UserWarning: The 'unit' keyword is only used when the Timestamp input is an integer or float, not str. To specify the storage unit of the output use `ts.as_unit(unit)`
  return pd.Timestamp(val, unit='s', tz=NY)
/home/mino/.openclaw-mino/.local/lib/python3.12/site-packages/alpaca_trade_api/entity.py:103: UserWarning: The 'unit' keyword is only used when the Timestamp input is an integer or float, not str. To specify the storage unit of the output use `ts.as_unit(unit)`
  return pd.Timestamp(val, unit='s', tz=NY)
/home/mino/.openclaw-mino/.local/lib/python3.12/site-packages/alpaca_trade_api/entity.py:103: UserWarning: The 'unit' keyword is only used when the Timestamp input is an integer or float, not str. To specify the storage unit of the output use `ts.as_unit(unit)`
  return pd.Timestamp(val, unit='s', tz=NY)
/home/mino/.openclaw-mino/.local/lib/python3.12/site-packages/alpaca_trade_api/entity.py:103: UserWarning: The 'unit' keyword is only used when the Timestamp input is an integer or float, not str. To specify the storage unit of the output use `ts.as_unit(unit)`
  return pd.Timestamp(val, unit='s', tz=NY)
/home/mino/.openclaw-mino/.local/lib/python3.12/site-packages/alpaca_trade_api/entity.py:103: UserWarning: The 'unit' keyword is only used when the Timestamp input is an integer or float, not str. To specify the storage unit of the output use `ts.as_unit(unit)`
  return pd.Timestamp(val, unit='s', tz=NY)
/home/mino/.openclaw-mino/.local/lib/python3.12/site-packages/alpaca_trade_api/entity.py:103: UserWarning: The 'unit' keyword is only used when the Timestamp input is an integer or float, not str. To specify the storage unit of the output use `ts.as_unit(unit)`
  return pd.Timestamp(val, unit='s', tz=NY)
/home/mino/.openclaw-mino/.local/lib/python3.12/site-packages/alpaca_trade_api/entity.py:103: UserWarning: The 'unit' keyword is only used when the Timestamp input is an integer or float, not str. To specify the storage unit of the output use `ts.as_unit(unit)`
  return pd.Timestamp(val, unit='s', tz=NY)
/home/mino/.openclaw-mino/.local/lib/python3.12/site-packages/alpaca_trade_api/entity.py:103: UserWarning: The 'unit' keyword is only used when the Timestamp input is an integer or float, not str. To specify the storage unit of the output use `ts.as_unit(unit)`
  return pd.Timestamp(val, unit='s', tz=NY)
2026-06-18 17:05:57 [INFO]   Progress: 80/100 screened, 0 picks
/home/mino/.openclaw-mino/.local/lib/python3.12/site-packages/alpaca_trade_api/entity.py:103: UserWarning: The 'unit' keyword is only used when the Timestamp input is an integer or float, not str. To specify the storage unit of the output use `ts.as_unit(unit)`
  return pd.Timestamp(val, unit='s', tz=NY)
/home/mino/.openclaw-mino/.local/lib/python3.12/site-packages/alpaca_trade_api/entity.py:103: UserWarning: The 'unit' keyword is only used when the Timestamp input is an integer or float, not str. To specify the storage unit of the output use `ts.as_unit(unit)`
  return pd.Timestamp(val, unit='s', tz=NY)
/home/mino/.openclaw-mino/.local/lib/python3.12/site-packages/alpaca_trade_api/entity.py:103: UserWarning: The 'unit' keyword is only used when the Timestamp input is an integer or float, not str. To specify the storage unit of the output use `ts.as_unit(unit)`
  return pd.Timestamp(val, unit='s', tz=NY)
/home/mino/.openclaw-mino/.local/lib/python3.12/site-packages/alpaca_trade_api/entity.py:103: UserWarning: The 'unit' keyword is only used when the Timestamp input is an integer or float, not str. To specify the storage unit of the output use `ts.as_unit(unit)`
  return pd.Timestamp(val, unit='s', tz=NY)
/home/mino/.openclaw-mino/.local/lib/python3.12/site-packages/alpaca_trade_api/entity.py:103: UserWarning: The 'unit' keyword is only used when the Timestamp input is an integer or float, not str. To specify the storage unit of the output use `ts.as_unit(unit)`
  return pd.Timestamp(val, unit='s', tz=NY)
/home/mino/.openclaw-mino/.local/lib/python3.12/site-packages/alpaca_trade_api/entity.py:103: UserWarning: The 'unit' keyword is only used when the Timestamp input is an integer or float, not str. To specify the storage unit of the output use `ts.as_unit(unit)`
  return pd.Timestamp(val, unit='s', tz=NY)
/home/mino/.openclaw-mino/.local/lib/python3.12/site-packages/alpaca_trade_api/entity.py:103: UserWarning: The 'unit' keyword is only used when the Timestamp input is an integer or float, not str. To specify the storage unit of the output use `ts.as_unit(unit)`
  return pd.Timestamp(val, unit='s', tz=NY)
/home/mino/.openclaw-mino/.local/lib/python3.12/site-packages/alpaca_trade_api/entity.py:103: UserWarning: The 'unit' keyword is only used when the Timestamp input is an integer or float, not str. To specify the storage unit of the output use `ts.as_unit(unit)`
  return pd.Timestamp(val, unit='s', tz=NY)
/home/mino/.openclaw-mino/.local/lib/python3.12/site-packages/alpaca_trade_api/entity.py:103: UserWarning: The 'unit' keyword is only used when the Timestamp input is an integer or float, not str. To specify the storage unit of the output use `ts.as_unit(unit)`
  return pd.Timestamp(val, unit='s', tz=NY)
/home/mino/.openclaw-mino/.local/lib/python3.12/site-packages/alpaca_trade_api/entity.py:103: UserWarning: The 'unit' keyword is only used when the Timestamp input is an integer or float, not str. To specify the storage unit of the output use `ts.as_unit(unit)`
  return pd.Timestamp(val, unit='s', tz=NY)
2026-06-18 17:06:03 [INFO]   Progress: 90/100 screened, 0 picks
/home/mino/.openclaw-mino/.local/lib/python3.12/site-packages/alpaca_trade_api/entity.py:103: UserWarning: The 'unit' keyword is only used when the Timestamp input is an integer or float, not str. To specify the storage unit of the output use `ts.as_unit(unit)`
  return pd.Timestamp(val, unit='s', tz=NY)
/home/mino/.openclaw-mino/.local/lib/python3.12/site-packages/alpaca_trade_api/entity.py:103: UserWarning: The 'unit' keyword is only used when the Timestamp input is an integer or float, not str. To specify the storage unit of the output use `ts.as_unit(unit)`
  return pd.Timestamp(val, unit='s', tz=NY)
/home/mino/.openclaw-mino/.local/lib/python3.12/site-packages/alpaca_trade_api/entity.py:103: UserWarning: The 'unit' keyword is only used when the Timestamp input is an integer or float, not str. To specify the storage unit of the output use `ts.as_unit(unit)`
  return pd.Timestamp(val, unit='s', tz=NY)
/home/mino/.openclaw-mino/.local/lib/python3.12/site-packages/alpaca_trade_api/entity.py:103: UserWarning: The 'unit' keyword is only used when the Timestamp input is an integer or float, not str. To specify the storage unit of the output use `ts.as_unit(unit)`
  return pd.Timestamp(val, unit='s', tz=NY)
/home/mino/.openclaw-mino/.local/lib/python3.12/site-packages/alpaca_trade_api/entity.py:103: UserWarning: The 'unit' keyword is only used when the Timestamp input is an integer or float, not str. To specify the storage unit of the output use `ts.as_unit(unit)`
  return pd.Timestamp(val, unit='s', tz=NY)
/home/mino/.openclaw-mino/.local/lib/python3.12/site-packages/alpaca_trade_api/entity.py:103: UserWarning: The 'unit' keyword is only used when the Timestamp input is an integer or float, not str. To specify the storage unit of the output use `ts.as_unit(unit)`
  return pd.Timestamp(val, unit='s', tz=NY)
/home/mino/.openclaw-mino/.local/lib/python3.12/site-packages/alpaca_trade_api/entity.py:103: UserWarning: The 'unit' keyword is only used when the Timestamp input is an integer or float, not str. To specify the storage unit of the output use `ts.as_unit(unit)`
  return pd.Timestamp(val, unit='s', tz=NY)
/home/mino/.openclaw-mino/.local/lib/python3.12/site-packages/alpaca_trade_api/entity.py:103: UserWarning: The 'unit' keyword is only used when the Timestamp input is an integer or float, not str. To specify the storage unit of the output use `ts.as_unit(unit)`
  return pd.Timestamp(val, unit='s', tz=NY)
/home/mino/.openclaw-mino/.local/lib/python3.12/site-packages/alpaca_trade_api/entity.py:103: UserWarning: The 'unit' keyword is only used when the Timestamp input is an integer or float, not str. To specify the storage unit of the output use `ts.as_unit(unit)`
  return pd.Timestamp(val, unit='s', tz=NY)
/home/mino/.openclaw-mino/.local/lib/python3.12/site-packages/alpaca_trade_api/entity.py:103: UserWarning: The 'unit' keyword is only used when the Timestamp input is an integer or float, not str. To specify the storage unit of the output use `ts.as_unit(unit)`
  return pd.Timestamp(val, unit='s', tz=NY)
2026-06-18 17:06:08 [INFO]   Progress: 100/100 screened, 0 picks
2026-06-18 17:06:08 [INFO] Screen complete: 0 picks from 100 screened
2026-06-18 17:06:08 [INFO] Saved 10 midscreen1 picks to /home/mino/us-exec/us_picks.json

============================================================
US MID-SCREEN RESULTS — Early Momentum
Regime: NEUTRAL
============================================================
Time: 10:05 ET
Picks: 10

Rank  Symbol   Score    Price      Change%    Vol(x)  
------------------------------------------------------------
Traceback (most recent call last):
  File "/home/mino/us-exec/us_midscreen.py", line 545, in <module>
    main()
  File "/home/mino/us-exec/us_midscreen.py", line 538, in main
    print(f"{i:<5} {p['symbol']:<8} {p['score']:<8.1f} ${p['price']:<9.2f} {p['change_pct']:<9.2f}% {p['rel_volume']:<7.1f}x")
                                                                                                     ~^^^^^^^^^^^^^^
KeyError: 'rel_volume'
