2026-06-04 16:20:03 [INFO] Regime: NEUTRAL — SPY -0.0% over 5 days, VIX 16.4 (moderate)
2026-06-04 16:20:03 [INFO] Starting pre-market screen at 09:20 ET
2026-06-04 16:20:03 [INFO] Universe: 206 Sharia-compliant stocks
2026-06-04 16:20:03 [INFO] Screening 50 stocks...
$DFS: possibly delisted; no price data found  (period=2d) (Yahoo error = "No data found, symbol may be delisted")
2026-06-04 16:20:16 [INFO]   Progress: 10/50 screened, 0 picks
$SQ: possibly delisted; no price data found  (period=2d) (Yahoo error = "No data found, symbol may be delisted")
2026-06-04 16:20:29 [INFO]   Progress: 20/50 screened, 0 picks
$CTRA: possibly delisted; no price data found  (period=2d)
2026-06-04 16:20:41 [INFO]   Progress: 30/50 screened, 0 picks
2026-06-04 16:20:53 [INFO]   Progress: 40/50 screened, 0 picks
2026-06-04 16:21:06 [INFO]   Progress: 50/50 screened, 0 picks
2026-06-04 16:21:07 [INFO] Screen complete: 0 picks from 50 screened
2026-06-04 16:21:07 [INFO] Saved 0 picks to /home/mino/us-exec/us_picks.json

============================================================
PRE-MARKET SCREEN RESULTS
Regime: NEUTRAL
============================================================
Time: 09:20 ET
Picks: 0

Rank  Symbol   Score    Price      Gap%     Sector
------------------------------------------------------------
============================================================
2026-06-05 16:20:02 [INFO] Regime: NEUTRAL — SPY +0.1% over 5 days, VIX 15.9 (moderate)
2026-06-05 16:20:02 [INFO] Starting pre-market screen at 09:20 ET
2026-06-05 16:20:02 [INFO] Universe: 206 Sharia-compliant stocks
2026-06-05 16:20:02 [INFO] Screening 50 stocks...
$DFS: possibly delisted; no price data found  (period=2d) (Yahoo error = "No data found, symbol may be delisted")
2026-06-05 16:20:15 [INFO]   Progress: 10/50 screened, 0 picks
$SQ: possibly delisted; no price data found  (period=2d) (Yahoo error = "No data found, symbol may be delisted")
2026-06-05 16:20:28 [INFO]   Progress: 20/50 screened, 0 picks
$CTRA: possibly delisted; no price data found  (period=2d)
2026-06-05 16:20:41 [INFO]   Progress: 30/50 screened, 0 picks
2026-06-05 16:20:54 [INFO]   Progress: 40/50 screened, 0 picks
2026-06-05 16:21:07 [INFO]   Progress: 50/50 screened, 0 picks
2026-06-05 16:21:07 [INFO] Screen complete: 0 picks from 50 screened
2026-06-05 16:21:07 [INFO] Saved 0 picks to /home/mino/us-exec/us_picks.json

============================================================
PRE-MARKET SCREEN RESULTS
Regime: NEUTRAL
============================================================
Time: 09:20 ET
Picks: 0

Rank  Symbol   Score    Price      Gap%     Sector
------------------------------------------------------------
============================================================
2026-06-08 16:20:08 [INFO] Regime: DEFENSIVE — SPY -2.8% over 5 days, VIX 18.7 (elevated fear), 64% sector breadth
2026-06-08 16:20:08 [INFO] Starting pre-market screen at 09:20 ET with regime: DEFENSIVE
2026-06-08 16:20:08 [INFO] Universe: 194 Sharia-compliant stocks
2026-06-08 16:20:08 [INFO] Screening 194 stocks...
2026-06-08 16:20:17 [INFO]   Progress: 10/194 screened, 0 picks
2026-06-08 16:20:26 [INFO]   Progress: 20/194 screened, 0 picks
2026-06-08 16:20:35 [INFO]   Progress: 30/194 screened, 0 picks
2026-06-08 16:20:44 [INFO]   Progress: 40/194 screened, 0 picks
2026-06-08 16:20:53 [INFO]   Progress: 50/194 screened, 0 picks
2026-06-08 16:21:03 [INFO]   Progress: 60/194 screened, 0 picks
2026-06-08 16:21:12 [INFO]   Progress: 70/194 screened, 0 picks
2026-06-08 16:21:21 [INFO]   Progress: 80/194 screened, 0 picks
2026-06-08 16:21:30 [INFO]   Progress: 90/194 screened, 0 picks
2026-06-08 16:21:39 [INFO]   Progress: 100/194 screened, 0 picks
2026-06-08 16:21:49 [INFO]   Progress: 110/194 screened, 0 picks
2026-06-08 16:21:58 [INFO]   Progress: 120/194 screened, 0 picks
2026-06-08 16:22:07 [INFO]   Progress: 130/194 screened, 0 picks
2026-06-08 16:22:17 [INFO]   Progress: 140/194 screened, 0 picks
2026-06-08 16:22:26 [INFO]   Progress: 150/194 screened, 0 picks
2026-06-08 16:22:35 [INFO]   Progress: 160/194 screened, 0 picks
2026-06-08 16:22:45 [INFO]   Progress: 170/194 screened, 0 picks
2026-06-08 16:22:54 [INFO]   Progress: 180/194 screened, 0 picks
2026-06-08 16:23:03 [INFO]   Progress: 190/194 screened, 0 picks
2026-06-08 16:23:08 [INFO] Screen complete: 0 picks from 194 screened
2026-06-08 16:23:08 [INFO] Saved 0 picks to /home/mino/us-exec/us_picks.json

============================================================
PRE-MARKET SCREEN RESULTS
Regime: DEFENSIVE
============================================================
Time: 09:20 ET
Picks: 0

Rank  Symbol   Score    Price      Gap%     Sector
------------------------------------------------------------
============================================================
2026-06-15 16:20:07 [INFO] Regime: NEUTRAL — SPY +0.3% over 5 days, VIX 16.4 (moderate), 91% sector breadth
2026-06-15 16:20:07 [INFO] Starting pre-market screen at 09:20 ET with regime: NEUTRAL
2026-06-15 16:20:07 [INFO] Universe: 194 Sharia-compliant stocks
2026-06-15 16:20:07 [INFO] Screening 194 stocks...
2026-06-15 16:20:08 [INFO]   ✅ AAPL: Alpaca premarket (gap=0.00%, vol=2427)
2026-06-15 16:20:08 [INFO]   ❌ AAPL: gap=0.00% outside range [0.1%-25.0%]
2026-06-15 16:20:09 [INFO]   ✅ ABBV: fetched premarket data (gap=0.15%, vol=0)
2026-06-15 16:20:09 [INFO]   ❌ ABBV: volume=0 below 2000
2026-06-15 16:20:11 [INFO]   ✅ ABT: fetched premarket data (gap=0.44%, vol=0)
2026-06-15 16:20:11 [INFO]   ❌ ABT: volume=0 below 2000
2026-06-15 16:20:12 [INFO]   ✅ ACN: fetched premarket data (gap=0.29%, vol=0)
2026-06-15 16:20:12 [INFO]   ❌ ACN: volume=0 below 2000
2026-06-15 16:20:14 [INFO]   ✅ ADBE: Alpaca premarket (gap=0.00%, vol=60)
2026-06-15 16:20:14 [INFO]   ❌ ADBE: gap=0.00% outside range [0.1%-25.0%]
2026-06-15 16:20:15 [INFO]   ✅ AEE: fetched premarket data (gap=0.20%, vol=0)
2026-06-15 16:20:15 [INFO]   ❌ AEE: volume=0 below 2000
2026-06-15 16:20:16 [INFO]   ✅ AEP: fetched premarket data (gap=-0.52%, vol=0)
2026-06-15 16:20:16 [INFO]   ❌ AEP: gap=-0.52% outside range [0.1%-25.0%]
2026-06-15 16:20:17 [INFO]   ✅ AES: fetched premarket data (gap=0.00%, vol=0)
2026-06-15 16:20:17 [INFO]   ❌ AES: gap=0.00% outside range [0.1%-25.0%]
2026-06-15 16:20:19 [INFO]   ✅ AFRM: fetched premarket data (gap=3.19%, vol=0)
2026-06-15 16:20:19 [INFO]   ❌ AFRM: volume=0 below 2000
2026-06-15 16:20:20 [INFO]   ✅ AIV: fetched premarket data (gap=0.00%, vol=0)
2026-06-15 16:20:20 [INFO]   ❌ AIV: gap=0.00% outside range [0.1%-25.0%]
2026-06-15 16:20:20 [INFO]   Progress: 10/194 screened, 0 picks
2026-06-15 16:20:21 [INFO]   ✅ ALB: Alpaca premarket (gap=0.03%, vol=200)
2026-06-15 16:20:21 [INFO]   ❌ ALB: gap=0.03% outside range [0.1%-25.0%]
2026-06-15 16:20:23 [INFO]   ✅ ALLY: fetched premarket data (gap=0.67%, vol=0)
2026-06-15 16:20:23 [INFO]   ❌ ALLY: volume=0 below 2000
2026-06-15 16:20:24 [INFO]   ✅ AMAT: fetched premarket data (gap=3.15%, vol=0)
2026-06-15 16:20:24 [INFO]   ❌ AMAT: volume=0 below 2000
2026-06-15 16:20:25 [INFO]   ✅ AMD: Alpaca premarket (gap=0.00%, vol=2598)
2026-06-15 16:20:25 [INFO]   ❌ AMD: gap=0.00% outside range [0.1%-25.0%]
2026-06-15 16:20:26 [INFO]   ✅ AMGN: fetched premarket data (gap=0.89%, vol=0)
2026-06-15 16:20:26 [INFO]   ❌ AMGN: volume=0 below 2000
2026-06-15 16:20:28 [INFO]   ✅ AMT: fetched premarket data (gap=1.38%, vol=0)
2026-06-15 16:20:28 [INFO]   ❌ AMT: volume=0 below 2000
2026-06-15 16:20:29 [INFO]   ✅ APD: fetched premarket data (gap=0.06%, vol=0)
2026-06-15 16:20:29 [INFO]   ❌ APD: gap=0.06% outside range [0.1%-25.0%]
2026-06-15 16:20:30 [INFO]   ✅ APO: fetched premarket data (gap=1.28%, vol=0)
2026-06-15 16:20:30 [INFO]   ❌ APO: volume=0 below 2000
2026-06-15 16:20:31 [INFO]   ✅ ARES: fetched premarket data (gap=-0.59%, vol=0)
2026-06-15 16:20:31 [INFO]   ❌ ARES: gap=-0.59% outside range [0.1%-25.0%]
2026-06-15 16:20:33 [INFO]   ✅ ASH: fetched premarket data (gap=0.00%, vol=0)
2026-06-15 16:20:33 [INFO]   ❌ ASH: gap=0.00% outside range [0.1%-25.0%]
2026-06-15 16:20:33 [INFO]   Progress: 20/194 screened, 0 picks
2026-06-15 16:20:34 [INFO]   ✅ ASTS: Alpaca premarket (gap=0.00%, vol=310)
2026-06-15 16:20:34 [INFO]   ❌ ASTS: gap=0.00% outside range [0.1%-25.0%]
2026-06-15 16:20:35 [INFO]   ✅ AVB: fetched premarket data (gap=0.24%, vol=0)
2026-06-15 16:20:35 [INFO]   ❌ AVB: volume=0 below 2000
2026-06-15 16:20:36 [INFO]   ✅ AVGO: Alpaca premarket (gap=0.00%, vol=518)
2026-06-15 16:20:36 [INFO]   ❌ AVGO: gap=0.00% outside range [0.1%-25.0%]
2026-06-15 16:20:38 [INFO]   ✅ BAX: fetched premarket data (gap=1.21%, vol=0)
2026-06-15 16:20:38 [INFO]   ❌ BAX: volume=0 below 2000
2026-06-15 16:20:39 [INFO]   ✅ BDX: fetched premarket data (gap=0.69%, vol=0)
2026-06-15 16:20:39 [INFO]   ❌ BDX: volume=0 below 2000
2026-06-15 16:20:40 [INFO]   ✅ BIIB: fetched premarket data (gap=0.97%, vol=0)
2026-06-15 16:20:40 [INFO]   ❌ BIIB: volume=0 below 2000
2026-06-15 16:20:41 [INFO]   ✅ BLK: fetched premarket data (gap=1.57%, vol=0)
2026-06-15 16:20:43 [INFO]   ✅ BMY: fetched premarket data (gap=0.32%, vol=0)
2026-06-15 16:20:43 [INFO]   ❌ BMY: volume=0 below 2000
2026-06-15 16:20:44 [INFO]   ✅ BURL: fetched premarket data (gap=0.47%, vol=0)
2026-06-15 16:20:44 [INFO]   ❌ BURL: volume=0 below 2000
2026-06-15 16:20:45 [INFO]   ✅ BX: Alpaca premarket (gap=0.00%, vol=100)
2026-06-15 16:20:45 [INFO]   ❌ BX: gap=0.00% outside range [0.1%-25.0%]
2026-06-15 16:20:45 [INFO]   Progress: 30/194 screened, 0 picks
2026-06-15 16:20:47 [INFO]   ✅ BXP: fetched premarket data (gap=0.82%, vol=0)
2026-06-15 16:20:47 [INFO]   ❌ BXP: volume=0 below 2000
2026-06-15 16:20:48 [INFO]   ✅ CAT: fetched premarket data (gap=1.78%, vol=0)
2026-06-15 16:20:48 [INFO]   ❌ CAT: volume=0 below 2000
2026-06-15 16:20:50 [INFO]   ✅ CCI: fetched premarket data (gap=-1.11%, vol=0)
2026-06-15 16:20:50 [INFO]   ❌ CCI: gap=-1.11% outside range [0.1%-25.0%]
2026-06-15 16:20:51 [INFO]   ✅ CDNS: fetched premarket data (gap=1.74%, vol=0)
2026-06-15 16:20:51 [INFO]   ❌ CDNS: volume=0 below 2000
2026-06-15 16:20:52 [INFO]   ✅ CF: fetched premarket data (gap=-1.92%, vol=0)
2026-06-15 16:20:52 [INFO]   ❌ CF: gap=-1.92% outside range [0.1%-25.0%]
2026-06-15 16:20:54 [INFO]   ✅ CG: fetched premarket data (gap=1.97%, vol=0)
2026-06-15 16:20:54 [INFO]   ❌ CG: volume=0 below 2000
2026-06-15 16:20:55 [INFO]   ✅ CHTR: fetched premarket data (gap=-0.20%, vol=0)
2026-06-15 16:20:55 [INFO]   ❌ CHTR: gap=-0.20% outside range [0.1%-25.0%]
2026-06-15 16:20:56 [INFO]   ✅ CMCSA: fetched premarket data (gap=1.03%, vol=0)
2026-06-15 16:20:56 [INFO]   ❌ CMCSA: volume=0 below 2000
2026-06-15 16:20:57 [INFO]   ✅ CMS: fetched premarket data (gap=0.00%, vol=0)
2026-06-15 16:20:57 [INFO]   ❌ CMS: gap=0.00% outside range [0.1%-25.0%]
2026-06-15 16:20:59 [INFO]   ✅ CNP: fetched premarket data (gap=0.00%, vol=0)
2026-06-15 16:20:59 [INFO]   ❌ CNP: gap=0.00% outside range [0.1%-25.0%]
2026-06-15 16:20:59 [INFO]   Progress: 40/194 screened, 0 picks
2026-06-15 16:21:00 [INFO]   ✅ CNX: fetched premarket data (gap=-3.38%, vol=0)
2026-06-15 16:21:00 [INFO]   ❌ CNX: gap=-3.38% outside range [0.1%-25.0%]
2026-06-15 16:21:01 [INFO]   ✅ COIN: Alpaca premarket (gap=0.00%, vol=200)
2026-06-15 16:21:01 [INFO]   ❌ COIN: gap=0.00% outside range [0.1%-25.0%]
2026-06-15 16:21:03 [INFO]   ✅ COP: fetched premarket data (gap=-2.47%, vol=0)
2026-06-15 16:21:03 [INFO]   ❌ COP: gap=-2.47% outside range [0.1%-25.0%]
2026-06-15 16:21:04 [INFO]   ✅ COST: fetched premarket data (gap=-0.53%, vol=0)
2026-06-15 16:21:04 [INFO]   ❌ COST: gap=-0.53% outside range [0.1%-25.0%]
2026-06-15 16:21:05 [INFO]   ✅ CPT: fetched premarket data (gap=0.00%, vol=0)
2026-06-15 16:21:05 [INFO]   ❌ CPT: gap=0.00% outside range [0.1%-25.0%]
2026-06-15 16:21:07 [INFO]   ✅ CRM: Alpaca premarket (gap=0.01%, vol=600)
2026-06-15 16:21:07 [INFO]   ❌ CRM: gap=0.01% outside range [0.1%-25.0%]
2026-06-15 16:21:08 [INFO]   ✅ CRWD: Alpaca premarket (gap=0.00%, vol=90)
2026-06-15 16:21:08 [INFO]   ❌ CRWD: gap=0.00% outside range [0.1%-25.0%]
2026-06-15 16:21:09 [INFO]   ✅ CSX: fetched premarket data (gap=1.18%, vol=0)
2026-06-15 16:21:09 [INFO]   ❌ CSX: volume=0 below 2000
2026-06-15 16:21:10 [INFO]   ✅ CTVA: fetched premarket data (gap=-3.23%, vol=0)
2026-06-15 16:21:10 [INFO]   ❌ CTVA: gap=-3.23% outside range [0.1%-25.0%]
2026-06-15 16:21:11 [INFO]   ✅ CVX: Alpaca premarket (gap=0.00%, vol=108)
2026-06-15 16:21:11 [INFO]   ❌ CVX: gap=0.00% outside range [0.1%-25.0%]
2026-06-15 16:21:11 [INFO]   Progress: 50/194 screened, 0 picks
2026-06-15 16:21:13 [INFO]   ✅ D: fetched premarket data (gap=0.77%, vol=0)
2026-06-15 16:21:13 [INFO]   ❌ D: volume=0 below 2000
2026-06-15 16:21:14 [INFO]   ✅ DDOG: fetched premarket data (gap=2.16%, vol=0)
2026-06-15 16:21:14 [INFO]   ❌ DDOG: volume=0 below 2000
2026-06-15 16:21:15 [INFO]   ✅ DE: fetched premarket data (gap=0.58%, vol=0)
2026-06-15 16:21:15 [INFO]   ❌ DE: volume=0 below 2000
2026-06-15 16:21:16 [INFO]   ✅ DECK: fetched premarket data (gap=-0.12%, vol=0)
2026-06-15 16:21:16 [INFO]   ❌ DECK: gap=-0.12% outside range [0.1%-25.0%]
2026-06-15 16:21:18 [INFO]   ✅ DG: fetched premarket data (gap=0.30%, vol=0)
2026-06-15 16:21:18 [INFO]   ❌ DG: volume=0 below 2000
2026-06-15 16:21:19 [INFO]   ✅ DHR: fetched premarket data (gap=0.78%, vol=0)
2026-06-15 16:21:19 [INFO]   ❌ DHR: volume=0 below 2000
2026-06-15 16:21:20 [INFO]   ✅ DIS: fetched premarket data (gap=1.00%, vol=0)
2026-06-15 16:21:20 [INFO]   ❌ DIS: volume=0 below 2000
2026-06-15 16:21:22 [INFO]   ✅ DLR: fetched premarket data (gap=-2.44%, vol=0)
2026-06-15 16:21:22 [INFO]   ❌ DLR: gap=-2.44% outside range [0.1%-25.0%]
2026-06-15 16:21:23 [INFO]   ✅ DLTR: fetched premarket data (gap=3.74%, vol=0)
2026-06-15 16:21:23 [INFO]   ❌ DLTR: volume=0 below 2000
2026-06-15 16:21:24 [INFO]   ✅ DOC: fetched premarket data (gap=-1.25%, vol=0)
2026-06-15 16:21:24 [INFO]   ❌ DOC: gap=-1.25% outside range [0.1%-25.0%]
2026-06-15 16:21:24 [INFO]   Progress: 60/194 screened, 0 picks
2026-06-15 16:21:25 [INFO]   ✅ DOW: Alpaca premarket (gap=0.00%, vol=300)
2026-06-15 16:21:25 [INFO]   ❌ DOW: gap=0.00% outside range [0.1%-25.0%]
2026-06-15 16:21:27 [INFO]   ✅ DUK: fetched premarket data (gap=-0.42%, vol=0)
2026-06-15 16:21:27 [INFO]   ❌ DUK: gap=-0.42% outside range [0.1%-25.0%]
2026-06-15 16:21:28 [INFO]   ✅ DVN: fetched premarket data (gap=-1.90%, vol=0)
2026-06-15 16:21:28 [INFO]   ❌ DVN: gap=-1.90% outside range [0.1%-25.0%]
2026-06-15 16:21:29 [INFO]   ✅ DXCM: fetched premarket data (gap=0.06%, vol=0)
2026-06-15 16:21:29 [INFO]   ❌ DXCM: gap=0.06% outside range [0.1%-25.0%]
2026-06-15 16:21:31 [INFO]   ✅ ECL: fetched premarket data (gap=0.29%, vol=0)
2026-06-15 16:21:31 [INFO]   ❌ ECL: volume=0 below 2000
2026-06-15 16:21:32 [INFO]   ✅ ED: fetched premarket data (gap=0.04%, vol=0)
2026-06-15 16:21:32 [INFO]   ❌ ED: gap=0.04% outside range [0.1%-25.0%]
2026-06-15 16:21:33 [INFO]   ✅ EFX: fetched premarket data (gap=-0.21%, vol=0)
2026-06-15 16:21:33 [INFO]   ❌ EFX: gap=-0.21% outside range [0.1%-25.0%]
2026-06-15 16:21:34 [INFO]   ✅ EMN: fetched premarket data (gap=0.00%, vol=0)
2026-06-15 16:21:34 [INFO]   ❌ EMN: gap=0.00% outside range [0.1%-25.0%]
2026-06-15 16:21:36 [INFO]   ✅ EOG: fetched premarket data (gap=-3.25%, vol=0)
2026-06-15 16:21:36 [INFO]   ❌ EOG: gap=-3.25% outside range [0.1%-25.0%]
2026-06-15 16:21:37 [INFO]   ✅ EQIX: fetched premarket data (gap=0.49%, vol=0)
2026-06-15 16:21:37 [INFO]   Progress: 70/194 screened, 0 picks
2026-06-15 16:21:38 [INFO]   ✅ EQR: fetched premarket data (gap=3.76%, vol=0)
2026-06-15 16:21:38 [INFO]   ❌ EQR: volume=0 below 2000
2026-06-15 16:21:40 [INFO]   ✅ EQT: fetched premarket data (gap=-0.38%, vol=0)
2026-06-15 16:21:40 [INFO]   ❌ EQT: gap=-0.38% outside range [0.1%-25.0%]
2026-06-15 16:21:41 [INFO]   ✅ ES: fetched premarket data (gap=0.00%, vol=0)
2026-06-15 16:21:41 [INFO]   ❌ ES: gap=0.00% outside range [0.1%-25.0%]
2026-06-15 16:21:42 [INFO]   ✅ ETR: fetched premarket data (gap=2.43%, vol=0)
2026-06-15 16:21:42 [INFO]   ❌ ETR: volume=0 below 2000
2026-06-15 16:21:43 [INFO]   ✅ ETSY: fetched premarket data (gap=0.00%, vol=0)
2026-06-15 16:21:43 [INFO]   ❌ ETSY: gap=0.00% outside range [0.1%-25.0%]
2026-06-15 16:21:45 [INFO]   ✅ EW: fetched premarket data (gap=0.00%, vol=0)
2026-06-15 16:21:45 [INFO]   ❌ EW: gap=0.00% outside range [0.1%-25.0%]
2026-06-15 16:21:46 [INFO]   ✅ EXC: fetched premarket data (gap=-1.69%, vol=0)
2026-06-15 16:21:46 [INFO]   ❌ EXC: gap=-1.69% outside range [0.1%-25.0%]
2026-06-15 16:21:47 [INFO]   ✅ EXR: fetched premarket data (gap=-3.76%, vol=0)
2026-06-15 16:21:47 [INFO]   ❌ EXR: gap=-3.76% outside range [0.1%-25.0%]
2026-06-15 16:21:48 [INFO]   ✅ FANG: fetched premarket data (gap=-4.87%, vol=0)
2026-06-15 16:21:48 [INFO]   ❌ FANG: gap=-4.87% outside range [0.1%-25.0%]
2026-06-15 16:21:50 [INFO]   ✅ FCX: Alpaca premarket (gap=0.00%, vol=100)
2026-06-15 16:21:50 [INFO]   ❌ FCX: gap=0.00% outside range [0.1%-25.0%]
2026-06-15 16:21:50 [INFO]   Progress: 80/194 screened, 0 picks
2026-06-15 16:21:51 [INFO]   ✅ FDX: fetched premarket data (gap=0.85%, vol=0)
2026-06-15 16:21:51 [INFO]   ❌ FDX: volume=0 below 2000
2026-06-15 16:21:52 [INFO]   ✅ FE: fetched premarket data (gap=0.64%, vol=0)
2026-06-15 16:21:52 [INFO]   ❌ FE: volume=0 below 2000
2026-06-15 16:21:53 [INFO]   ✅ FICO: fetched premarket data (gap=1.09%, vol=0)
2026-06-15 16:21:55 [INFO]   ✅ FMC: fetched premarket data (gap=1.83%, vol=0)
2026-06-15 16:21:55 [INFO]   ❌ FMC: volume=0 below 2000
2026-06-15 16:21:56 [INFO]   ✅ FTNT: fetched premarket data (gap=0.53%, vol=0)
2026-06-15 16:21:56 [INFO]   ❌ FTNT: volume=0 below 2000
2026-06-15 16:21:57 [INFO]   ✅ GE: Alpaca premarket (gap=0.00%, vol=49)
2026-06-15 16:21:57 [INFO]   ❌ GE: gap=0.00% outside range [0.1%-25.0%]
2026-06-15 16:21:58 [INFO]   ✅ GILD: fetched premarket data (gap=-2.32%, vol=0)
2026-06-15 16:21:58 [INFO]   ❌ GILD: gap=-2.32% outside range [0.1%-25.0%]
2026-06-15 16:21:59 [INFO]   ✅ GOOG: Alpaca premarket (gap=0.00%, vol=250)
2026-06-15 16:21:59 [INFO]   ❌ GOOG: gap=0.00% outside range [0.1%-25.0%]
2026-06-15 16:22:01 [INFO]   ✅ GOOGL: Alpaca premarket (gap=0.00%, vol=716)
2026-06-15 16:22:01 [INFO]   ❌ GOOGL: gap=0.00% outside range [0.1%-25.0%]
2026-06-15 16:22:02 [INFO]   ✅ GS: fetched premarket data (gap=1.10%, vol=0)
2026-06-15 16:22:02 [INFO]   Progress: 90/194 screened, 0 picks
2026-06-15 16:22:04 [INFO]   ✅ GSAT: fetched premarket data (gap=-1.24%, vol=0)
2026-06-15 16:22:04 [INFO]   ❌ GSAT: gap=-1.24% outside range [0.1%-25.0%]
2026-06-15 16:22:05 [INFO]   ✅ HON: fetched premarket data (gap=0.90%, vol=0)
2026-06-15 16:22:05 [INFO]   ❌ HON: volume=0 below 2000
2026-06-15 16:22:06 [INFO]   ✅ HOOD: Alpaca premarket (gap=0.00%, vol=1530)
2026-06-15 16:22:06 [INFO]   ❌ HOOD: gap=0.00% outside range [0.1%-25.0%]
2026-06-15 16:22:08 [INFO]   ✅ IBM: fetched premarket data (gap=2.13%, vol=0)
2026-06-15 16:22:08 [INFO]   ❌ IBM: volume=0 below 2000
2026-06-15 16:22:09 [INFO]   ✅ IFF: fetched premarket data (gap=-0.34%, vol=0)
2026-06-15 16:22:09 [INFO]   ❌ IFF: gap=-0.34% outside range [0.1%-25.0%]
2026-06-15 16:22:10 [INFO]   ✅ INTC: Alpaca premarket (gap=0.00%, vol=1400)
2026-06-15 16:22:10 [INFO]   ❌ INTC: gap=0.00% outside range [0.1%-25.0%]
2026-06-15 16:22:11 [INFO]   ✅ IQV: fetched premarket data (gap=0.00%, vol=0)
2026-06-15 16:22:11 [INFO]   ❌ IQV: gap=0.00% outside range [0.1%-25.0%]
2026-06-15 16:22:13 [INFO]   ✅ IRDM: fetched premarket data (gap=2.89%, vol=0)
2026-06-15 16:22:13 [INFO]   ❌ IRDM: volume=0 below 2000
2026-06-15 16:22:14 [INFO]   ✅ ISRG: fetched premarket data (gap=0.48%, vol=0)
2026-06-15 16:22:14 [INFO]   ❌ ISRG: volume=0 below 2000
2026-06-15 16:22:15 [INFO]   ✅ JNJ: fetched premarket data (gap=-0.05%, vol=0)
2026-06-15 16:22:15 [INFO]   ❌ JNJ: gap=-0.05% outside range [0.1%-25.0%]
2026-06-15 16:22:15 [INFO]   Progress: 100/194 screened, 0 picks
2026-06-15 16:22:17 [INFO]   ✅ KKR: fetched premarket data (gap=-1.00%, vol=0)
2026-06-15 16:22:17 [INFO]   ❌ KKR: gap=-1.00% outside range [0.1%-25.0%]
2026-06-15 16:22:18 [INFO]   ✅ KLAC: Alpaca premarket (gap=0.00%, vol=39)
2026-06-15 16:22:18 [INFO]   ❌ KLAC: gap=0.00% outside range [0.1%-25.0%]
2026-06-15 16:22:19 [INFO]   ✅ KO: fetched premarket data (gap=-1.22%, vol=0)
2026-06-15 16:22:19 [INFO]   ❌ KO: gap=-1.22% outside range [0.1%-25.0%]
2026-06-15 16:22:21 [INFO]   ✅ LHX: fetched premarket data (gap=-0.09%, vol=0)
2026-06-15 16:22:21 [INFO]   ❌ LHX: gap=-0.09% outside range [0.1%-25.0%]
2026-06-15 16:22:22 [INFO]   ✅ LIN: fetched premarket data (gap=0.28%, vol=0)
2026-06-15 16:22:22 [INFO]   ❌ LIN: volume=0 below 2000
2026-06-15 16:22:23 [INFO]   ✅ LLY: Alpaca premarket (gap=0.00%, vol=91)
2026-06-15 16:22:24 [INFO]   ✅ LNT: fetched premarket data (gap=-0.82%, vol=0)
2026-06-15 16:22:24 [INFO]   ❌ LNT: gap=-0.82% outside range [0.1%-25.0%]
2026-06-15 16:22:26 [INFO]   ✅ LRCX: fetched premarket data (gap=2.70%, vol=0)
2026-06-15 16:22:26 [INFO]   ❌ LRCX: volume=0 below 2000
2026-06-15 16:22:27 [INFO]   ✅ LULU: fetched premarket data (gap=0.28%, vol=0)
2026-06-15 16:22:27 [INFO]   ❌ LULU: volume=0 below 2000
2026-06-15 16:22:28 [INFO]   ✅ LUMN: fetched premarket data (gap=3.41%, vol=0)
2026-06-15 16:22:28 [INFO]   ❌ LUMN: volume=0 below 2000
2026-06-15 16:22:28 [INFO]   Progress: 110/194 screened, 0 picks
2026-06-15 16:22:30 [INFO]   ✅ LYB: fetched premarket data (gap=-1.24%, vol=0)
2026-06-15 16:22:30 [INFO]   ❌ LYB: gap=-1.24% outside range [0.1%-25.0%]
2026-06-15 16:22:31 [INFO]   ✅ MA: fetched premarket data (gap=0.21%, vol=0)
2026-06-15 16:22:31 [INFO]   ❌ MA: volume=0 below 2000
2026-06-15 16:22:32 [INFO]   ✅ MAA: fetched premarket data (gap=-1.23%, vol=0)
2026-06-15 16:22:32 [INFO]   ❌ MAA: gap=-1.23% outside range [0.1%-25.0%]
2026-06-15 16:22:34 [INFO]   ✅ MC: fetched premarket data (gap=0.77%, vol=0)
2026-06-15 16:22:34 [INFO]   ❌ MC: volume=0 below 2000
2026-06-15 16:22:35 [INFO]   ✅ MCD: fetched premarket data (gap=-0.02%, vol=0)
2026-06-15 16:22:35 [INFO]   ❌ MCD: gap=-0.02% outside range [0.1%-25.0%]
2026-06-15 16:22:36 [INFO]   ✅ MDT: fetched premarket data (gap=-0.19%, vol=0)
2026-06-15 16:22:36 [INFO]   ❌ MDT: gap=-0.19% outside range [0.1%-25.0%]
2026-06-15 16:22:38 [INFO]   ✅ META: Alpaca premarket (gap=0.00%, vol=215)
2026-06-15 16:22:38 [INFO]   ❌ META: gap=0.00% outside range [0.1%-25.0%]
2026-06-15 16:22:39 [INFO]   ✅ MOS: fetched premarket data (gap=1.06%, vol=0)
2026-06-15 16:22:39 [INFO]   ❌ MOS: volume=0 below 2000
2026-06-15 16:22:40 [INFO]   ✅ MPC: fetched premarket data (gap=-2.43%, vol=0)
2026-06-15 16:22:40 [INFO]   ❌ MPC: gap=-2.43% outside range [0.1%-25.0%]
2026-06-15 16:22:42 [INFO]   ✅ MRK: fetched premarket data (gap=-0.40%, vol=0)
2026-06-15 16:22:42 [INFO]   ❌ MRK: gap=-0.40% outside range [0.1%-25.0%]
2026-06-15 16:22:42 [INFO]   Progress: 120/194 screened, 0 picks
2026-06-16 16:20:06 [INFO] Regime: DEFENSIVE — SPY +nan% over 5 days, VIX 16.1 (elevated fear), 18% sector breadth
2026-06-16 16:20:06 [INFO] Starting pre-market screen at 09:20 ET with regime: DEFENSIVE
2026-06-16 16:20:06 [INFO] Universe: 194 Sharia-compliant stocks
2026-06-16 16:20:06 [INFO] Screening 194 stocks...
2026-06-16 16:20:07 [INFO]   ✅ AAPL: Alpaca premarket (gap=-0.25%, vol=2964)
2026-06-16 16:20:07 [INFO]   ❌ AAPL: gap=-0.25% outside range [0.1%-25.0%]
2026-06-16 16:20:08 [INFO]   ✅ ABBV: fetched premarket data (gap=0.74%, vol=0)
2026-06-16 16:20:08 [INFO]   ❌ ABBV: volume=0 below 2000
2026-06-16 16:20:10 [INFO]   ✅ ABT: fetched premarket data (gap=0.36%, vol=0)
2026-06-16 16:20:10 [INFO]   ❌ ABT: volume=0 below 2000
2026-06-16 16:20:11 [INFO]   ✅ ACN: fetched premarket data (gap=-0.65%, vol=0)
2026-06-16 16:20:11 [INFO]   ❌ ACN: gap=-0.65% outside range [0.1%-25.0%]
2026-06-16 16:20:13 [INFO]   ✅ ADBE: Alpaca premarket (gap=-0.19%, vol=100)
2026-06-16 16:20:13 [INFO]   ❌ ADBE: gap=-0.19% outside range [0.1%-25.0%]
2026-06-16 16:20:14 [INFO]   ✅ AEE: fetched premarket data (gap=0.35%, vol=0)
2026-06-16 16:20:14 [INFO]   ❌ AEE: volume=0 below 2000
2026-06-16 16:20:15 [INFO]   ✅ AEP: fetched premarket data (gap=0.11%, vol=0)
2026-06-16 16:20:15 [INFO]   ❌ AEP: volume=0 below 2000
2026-06-16 16:20:17 [INFO]   ✅ AES: fetched premarket data (gap=0.20%, vol=0)
2026-06-16 16:20:17 [INFO]   ❌ AES: volume=0 below 2000
2026-06-16 16:20:18 [INFO]   ✅ AFRM: fetched premarket data (gap=0.36%, vol=0)
2026-06-16 16:20:18 [INFO]   ❌ AFRM: volume=0 below 2000
2026-06-16 16:20:20 [INFO]   ✅ AIV: fetched premarket data (gap=0.00%, vol=0)
2026-06-16 16:20:20 [INFO]   ❌ AIV: gap=0.00% outside range [0.1%-25.0%]
2026-06-16 16:20:20 [INFO]   Progress: 10/194 screened, 0 picks
2026-06-16 16:20:21 [INFO]   ✅ ALB: fetched premarket data (gap=-1.03%, vol=0)
2026-06-16 16:20:21 [INFO]   ❌ ALB: gap=-1.03% outside range [0.1%-25.0%]
2026-06-16 16:20:23 [INFO]   ✅ ALLY: fetched premarket data (gap=0.09%, vol=0)
2026-06-16 16:20:23 [INFO]   ❌ ALLY: gap=0.09% outside range [0.1%-25.0%]
2026-06-16 16:20:25 [INFO]   ✅ AMAT: fetched premarket data (gap=-0.41%, vol=0)
2026-06-16 16:20:25 [INFO]   ❌ AMAT: gap=-0.41% outside range [0.1%-25.0%]
2026-06-16 16:20:26 [INFO]   ✅ AMD: Alpaca premarket (gap=-1.12%, vol=543)
2026-06-16 16:20:26 [INFO]   ❌ AMD: gap=-1.12% outside range [0.1%-25.0%]
2026-06-16 16:20:27 [INFO]   ✅ AMGN: fetched premarket data (gap=-0.51%, vol=0)
2026-06-16 16:20:27 [INFO]   ❌ AMGN: gap=-0.51% outside range [0.1%-25.0%]
2026-06-16 16:20:29 [INFO]   ✅ AMT: fetched premarket data (gap=0.52%, vol=0)
2026-06-16 16:20:29 [INFO]   ❌ AMT: volume=0 below 2000
2026-06-16 16:20:30 [INFO]   ✅ APD: fetched premarket data (gap=-0.68%, vol=0)
2026-06-16 16:20:30 [INFO]   ❌ APD: gap=-0.68% outside range [0.1%-25.0%]
2026-06-16 16:20:32 [INFO]   ✅ APO: fetched premarket data (gap=0.00%, vol=0)
2026-06-16 16:20:32 [INFO]   ❌ APO: gap=0.00% outside range [0.1%-25.0%]
2026-06-16 16:20:33 [INFO]   ✅ ARES: fetched premarket data (gap=-0.75%, vol=0)
2026-06-16 16:20:33 [INFO]   ❌ ARES: gap=-0.75% outside range [0.1%-25.0%]
2026-06-16 16:20:35 [INFO]   ✅ ASH: fetched premarket data (gap=0.00%, vol=0)
2026-06-16 16:20:35 [INFO]   ❌ ASH: gap=0.00% outside range [0.1%-25.0%]
2026-06-16 16:20:35 [INFO]   Progress: 20/194 screened, 0 picks
2026-06-16 16:20:36 [INFO]   ✅ ASTS: Alpaca premarket (gap=-0.28%, vol=100)
2026-06-16 16:20:36 [INFO]   ❌ ASTS: gap=-0.28% outside range [0.1%-25.0%]
2026-06-16 16:20:37 [INFO]   ✅ AVB: fetched premarket data (gap=0.01%, vol=0)
2026-06-16 16:20:37 [INFO]   ❌ AVB: gap=0.01% outside range [0.1%-25.0%]
2026-06-16 16:20:38 [INFO]   ✅ AVGO: Alpaca premarket (gap=-0.14%, vol=491)
2026-06-16 16:20:38 [INFO]   ❌ AVGO: gap=-0.14% outside range [0.1%-25.0%]
2026-06-16 16:20:40 [INFO]   ✅ BAX: fetched premarket data (gap=-0.48%, vol=0)
2026-06-16 16:20:40 [INFO]   ❌ BAX: gap=-0.48% outside range [0.1%-25.0%]
2026-06-16 16:20:41 [INFO]   ✅ BDX: fetched premarket data (gap=1.66%, vol=0)
2026-06-16 16:20:41 [INFO]   ❌ BDX: volume=0 below 2000
2026-06-16 16:20:42 [INFO]   ✅ BIIB: fetched premarket data (gap=0.87%, vol=0)
2026-06-16 16:20:42 [INFO]   ❌ BIIB: volume=0 below 2000
2026-06-16 16:20:44 [INFO]   ✅ BLK: fetched premarket data (gap=0.67%, vol=0)
2026-06-16 16:20:45 [INFO]   ✅ BMY: fetched premarket data (gap=0.00%, vol=0)
2026-06-16 16:20:45 [INFO]   ❌ BMY: gap=0.00% outside range [0.1%-25.0%]
2026-06-16 16:20:47 [INFO]   ✅ BURL: fetched premarket data (gap=-0.01%, vol=0)
2026-06-16 16:20:47 [INFO]   ❌ BURL: gap=-0.01% outside range [0.1%-25.0%]
2026-06-16 16:20:48 [INFO]   ✅ BX: fetched premarket data (gap=0.05%, vol=0)
2026-06-16 16:20:48 [INFO]   ❌ BX: gap=0.05% outside range [0.1%-25.0%]
2026-06-16 16:20:48 [INFO]   Progress: 30/194 screened, 0 picks
2026-06-16 16:20:50 [INFO]   ✅ BXP: fetched premarket data (gap=0.55%, vol=0)
2026-06-16 16:20:50 [INFO]   ❌ BXP: volume=0 below 2000
2026-06-16 16:20:51 [INFO]   ✅ CAT: fetched premarket data (gap=0.16%, vol=0)
2026-06-16 16:20:51 [INFO]   ❌ CAT: volume=0 below 2000
2026-06-16 16:20:52 [INFO]   ✅ CCI: fetched premarket data (gap=0.11%, vol=0)
2026-06-16 16:20:52 [INFO]   ❌ CCI: volume=0 below 2000
2026-06-16 16:20:54 [INFO]   ✅ CDNS: fetched premarket data (gap=0.22%, vol=0)
2026-06-16 16:20:54 [INFO]   ❌ CDNS: volume=0 below 2000
2026-06-16 16:20:55 [INFO]   ✅ CF: fetched premarket data (gap=0.11%, vol=0)
2026-06-16 16:20:55 [INFO]   ❌ CF: volume=0 below 2000
2026-06-16 16:20:57 [INFO]   ✅ CG: fetched premarket data (gap=-0.64%, vol=0)
2026-06-16 16:20:57 [INFO]   ❌ CG: gap=-0.64% outside range [0.1%-25.0%]
2026-06-16 16:20:58 [INFO]   ✅ CHTR: fetched premarket data (gap=-0.01%, vol=0)
2026-06-16 16:20:58 [INFO]   ❌ CHTR: gap=-0.01% outside range [0.1%-25.0%]
2026-06-16 16:21:00 [INFO]   ✅ CMCSA: fetched premarket data (gap=-0.04%, vol=0)
2026-06-16 16:21:00 [INFO]   ❌ CMCSA: gap=-0.04% outside range [0.1%-25.0%]
2026-06-16 16:21:01 [INFO]   ✅ CMS: fetched premarket data (gap=-0.85%, vol=0)
2026-06-16 16:21:01 [INFO]   ❌ CMS: gap=-0.85% outside range [0.1%-25.0%]
2026-06-16 16:21:03 [INFO]   ✅ CNP: fetched premarket data (gap=0.19%, vol=0)
2026-06-16 16:21:03 [INFO]   ❌ CNP: volume=0 below 2000
2026-06-16 16:21:03 [INFO]   Progress: 40/194 screened, 0 picks
2026-06-16 16:21:04 [INFO]   ✅ CNX: fetched premarket data (gap=0.27%, vol=0)
2026-06-16 16:21:04 [INFO]   ❌ CNX: volume=0 below 2000
2026-06-16 16:21:05 [INFO]   ✅ COIN: Alpaca premarket (gap=-0.18%, vol=100)
2026-06-16 16:21:05 [INFO]   ❌ COIN: gap=-0.18% outside range [0.1%-25.0%]
2026-06-16 16:21:07 [INFO]   ✅ COP: fetched premarket data (gap=-1.12%, vol=0)
2026-06-16 16:21:07 [INFO]   ❌ COP: gap=-1.12% outside range [0.1%-25.0%]
2026-06-16 16:21:08 [INFO]   ✅ COST: fetched premarket data (gap=-0.24%, vol=0)
2026-06-16 16:21:08 [INFO]   ❌ COST: gap=-0.24% outside range [0.1%-25.0%]
2026-06-16 16:21:10 [INFO]   ✅ CPT: fetched premarket data (gap=0.00%, vol=0)
2026-06-16 16:21:10 [INFO]   ❌ CPT: gap=0.00% outside range [0.1%-25.0%]
2026-06-16 16:21:11 [INFO]   ✅ CRM: fetched premarket data (gap=0.52%, vol=0)
2026-06-16 16:21:11 [INFO]   ❌ CRM: volume=0 below 2000
2026-06-16 16:21:13 [INFO]   ✅ CRWD: fetched premarket data (gap=0.69%, vol=0)
2026-06-16 16:21:13 [INFO]   ❌ CRWD: volume=0 below 2000
2026-06-16 16:21:14 [INFO]   ✅ CSX: fetched premarket data (gap=-0.94%, vol=0)
2026-06-16 16:21:14 [INFO]   ❌ CSX: gap=-0.94% outside range [0.1%-25.0%]
2026-06-16 16:21:15 [INFO]   ✅ CTVA: fetched premarket data (gap=-0.32%, vol=0)
2026-06-16 16:21:15 [INFO]   ❌ CTVA: gap=-0.32% outside range [0.1%-25.0%]
2026-06-16 16:21:17 [INFO]   ✅ CVX: fetched premarket data (gap=-0.19%, vol=0)
2026-06-16 16:21:17 [INFO]   ❌ CVX: gap=-0.19% outside range [0.1%-25.0%]
2026-06-16 16:21:17 [INFO]   Progress: 50/194 screened, 0 picks
2026-06-16 16:21:18 [INFO]   ✅ D: fetched premarket data (gap=-0.40%, vol=0)
2026-06-16 16:21:18 [INFO]   ❌ D: gap=-0.40% outside range [0.1%-25.0%]
2026-06-16 16:21:20 [INFO]   ✅ DDOG: fetched premarket data (gap=-0.79%, vol=0)
2026-06-16 16:21:20 [INFO]   ❌ DDOG: gap=-0.79% outside range [0.1%-25.0%]
2026-06-16 16:21:22 [INFO]   ✅ DE: fetched premarket data (gap=-1.76%, vol=0)
2026-06-16 16:21:22 [INFO]   ❌ DE: gap=-1.76% outside range [0.1%-25.0%]
2026-06-16 16:21:23 [INFO]   ✅ DECK: fetched premarket data (gap=-0.02%, vol=0)
2026-06-16 16:21:23 [INFO]   ❌ DECK: gap=-0.02% outside range [0.1%-25.0%]
2026-06-16 16:21:24 [INFO]   ✅ DG: fetched premarket data (gap=-0.95%, vol=0)
2026-06-16 16:21:24 [INFO]   ❌ DG: gap=-0.95% outside range [0.1%-25.0%]
2026-06-16 16:21:26 [INFO]   ✅ DHR: fetched premarket data (gap=-0.33%, vol=0)
2026-06-16 16:21:26 [INFO]   ❌ DHR: gap=-0.33% outside range [0.1%-25.0%]
2026-06-16 16:21:27 [INFO]   ✅ DIS: fetched premarket data (gap=-0.22%, vol=0)
2026-06-16 16:21:27 [INFO]   ❌ DIS: gap=-0.22% outside range [0.1%-25.0%]
2026-06-16 16:21:29 [INFO]   ✅ DLR: fetched premarket data (gap=6.11%, vol=0)
2026-06-16 16:21:29 [INFO]   ❌ DLR: volume=0 below 2000
2026-06-16 16:21:30 [INFO]   ✅ DLTR: fetched premarket data (gap=1.52%, vol=0)
2026-06-16 16:21:30 [INFO]   ❌ DLTR: volume=0 below 2000
2026-06-16 16:21:31 [INFO]   ✅ DOC: fetched premarket data (gap=0.00%, vol=0)
2026-06-16 16:21:31 [INFO]   ❌ DOC: gap=0.00% outside range [0.1%-25.0%]
2026-06-16 16:21:31 [INFO]   Progress: 60/194 screened, 0 picks
2026-06-16 16:21:33 [INFO]   ✅ DOW: fetched premarket data (gap=-0.30%, vol=0)
2026-06-16 16:21:33 [INFO]   ❌ DOW: gap=-0.30% outside range [0.1%-25.0%]
2026-06-16 16:21:34 [INFO]   ✅ DUK: fetched premarket data (gap=-0.35%, vol=0)
2026-06-16 16:21:34 [INFO]   ❌ DUK: gap=-0.35% outside range [0.1%-25.0%]
2026-06-16 16:21:36 [INFO]   ✅ DVN: fetched premarket data (gap=-1.38%, vol=0)
2026-06-16 16:21:36 [INFO]   ❌ DVN: gap=-1.38% outside range [0.1%-25.0%]
2026-06-16 16:21:37 [INFO]   ✅ DXCM: fetched premarket data (gap=-0.60%, vol=0)
2026-06-16 16:21:37 [INFO]   ❌ DXCM: gap=-0.60% outside range [0.1%-25.0%]
2026-06-16 16:21:39 [INFO]   ✅ ECL: fetched premarket data (gap=0.00%, vol=0)
2026-06-16 16:21:39 [INFO]   ❌ ECL: gap=0.00% outside range [0.1%-25.0%]
2026-06-16 16:21:40 [INFO]   ✅ ED: fetched premarket data (gap=0.00%, vol=0)
2026-06-16 16:21:40 [INFO]   ❌ ED: gap=0.00% outside range [0.1%-25.0%]
2026-06-16 16:21:42 [INFO]   ✅ EFX: fetched premarket data (gap=0.00%, vol=0)
2026-06-16 16:21:42 [INFO]   ❌ EFX: gap=0.00% outside range [0.1%-25.0%]
2026-06-16 16:21:43 [INFO]   ✅ EMN: fetched premarket data (gap=1.73%, vol=0)
2026-06-16 16:21:43 [INFO]   ❌ EMN: volume=0 below 2000
2026-06-16 16:21:45 [INFO]   ✅ EOG: fetched premarket data (gap=-2.87%, vol=0)
2026-06-16 16:21:45 [INFO]   ❌ EOG: gap=-2.87% outside range [0.1%-25.0%]
2026-06-16 16:21:46 [INFO]   ✅ EQIX: fetched premarket data (gap=0.93%, vol=0)
2026-06-16 16:21:46 [INFO]   Progress: 70/194 screened, 0 picks
2026-06-16 16:21:47 [INFO]   ✅ EQR: fetched premarket data (gap=-0.52%, vol=0)
2026-06-16 16:21:47 [INFO]   ❌ EQR: gap=-0.52% outside range [0.1%-25.0%]
2026-06-16 16:21:49 [INFO]   ✅ EQT: fetched premarket data (gap=0.51%, vol=0)
2026-06-16 16:21:49 [INFO]   ❌ EQT: volume=0 below 2000
2026-06-16 16:21:50 [INFO]   ✅ ES: fetched premarket data (gap=2.48%, vol=0)
2026-06-16 16:21:50 [INFO]   ❌ ES: volume=0 below 2000
2026-06-16 16:21:52 [INFO]   ✅ ETR: fetched premarket data (gap=-0.68%, vol=0)
2026-06-16 16:21:52 [INFO]   ❌ ETR: gap=-0.68% outside range [0.1%-25.0%]
2026-06-16 16:21:53 [INFO]   ✅ ETSY: fetched premarket data (gap=0.00%, vol=0)
2026-06-16 16:21:53 [INFO]   ❌ ETSY: gap=0.00% outside range [0.1%-25.0%]
2026-06-16 16:21:54 [INFO]   ✅ EW: fetched premarket data (gap=1.55%, vol=0)
2026-06-16 16:21:54 [INFO]   ❌ EW: volume=0 below 2000
2026-06-16 16:21:56 [INFO]   ✅ EXC: fetched premarket data (gap=-2.85%, vol=0)
2026-06-16 16:21:56 [INFO]   ❌ EXC: gap=-2.85% outside range [0.1%-25.0%]
2026-06-16 16:21:57 [INFO]   ✅ EXR: fetched premarket data (gap=0.00%, vol=0)
2026-06-16 16:21:57 [INFO]   ❌ EXR: gap=0.00% outside range [0.1%-25.0%]
2026-06-16 16:21:58 [INFO]   ✅ FANG: fetched premarket data (gap=-0.91%, vol=0)
2026-06-16 16:21:58 [INFO]   ❌ FANG: gap=-0.91% outside range [0.1%-25.0%]
2026-06-16 16:22:00 [INFO]   ✅ FCX: fetched premarket data (gap=0.03%, vol=0)
2026-06-16 16:22:00 [INFO]   ❌ FCX: gap=0.03% outside range [0.1%-25.0%]
2026-06-16 16:22:00 [INFO]   Progress: 80/194 screened, 0 picks
2026-06-16 16:22:01 [INFO]   ✅ FDX: fetched premarket data (gap=0.47%, vol=0)
2026-06-16 16:22:01 [INFO]   ❌ FDX: volume=0 below 2000
2026-06-16 16:22:03 [INFO]   ✅ FE: fetched premarket data (gap=-0.53%, vol=0)
2026-06-16 16:22:03 [INFO]   ❌ FE: gap=-0.53% outside range [0.1%-25.0%]
2026-06-16 16:22:04 [INFO]   ✅ FICO: fetched premarket data (gap=1.05%, vol=0)
2026-06-16 16:22:06 [INFO]   ✅ FMC: fetched premarket data (gap=-0.35%, vol=0)
2026-06-16 16:22:06 [INFO]   ❌ FMC: gap=-0.35% outside range [0.1%-25.0%]
2026-06-16 16:22:07 [INFO]   ✅ FTNT: fetched premarket data (gap=2.80%, vol=0)
2026-06-16 16:22:07 [INFO]   ❌ FTNT: volume=0 below 2000
2026-06-16 16:22:08 [INFO]   ✅ GE: Alpaca premarket (gap=-0.19%, vol=120)
2026-06-16 16:22:08 [INFO]   ❌ GE: gap=-0.19% outside range [0.1%-25.0%]
2026-06-16 16:22:09 [INFO]   ✅ GILD: fetched premarket data (gap=0.38%, vol=0)
2026-06-16 16:22:09 [INFO]   ❌ GILD: volume=0 below 2000
2026-06-16 16:22:11 [INFO]   ✅ GOOG: fetched premarket data (gap=0.04%, vol=0)
2026-06-16 16:22:11 [INFO]   ❌ GOOG: gap=0.04% outside range [0.1%-25.0%]
2026-06-16 16:22:12 [INFO]   ✅ GOOGL: Alpaca premarket (gap=-0.14%, vol=120)
2026-06-16 16:22:12 [INFO]   ❌ GOOGL: gap=-0.14% outside range [0.1%-25.0%]
2026-06-16 16:22:13 [INFO]   ✅ GS: fetched premarket data (gap=-0.08%, vol=0)
2026-06-16 16:22:13 [INFO]   Progress: 90/194 screened, 0 picks
2026-06-16 16:22:15 [INFO]   ✅ GSAT: fetched premarket data (gap=-0.22%, vol=0)
2026-06-16 16:22:15 [INFO]   ❌ GSAT: gap=-0.22% outside range [0.1%-25.0%]
2026-06-16 16:22:17 [INFO]   ✅ HON: fetched premarket data (gap=0.02%, vol=0)
2026-06-16 16:22:17 [INFO]   ❌ HON: gap=0.02% outside range [0.1%-25.0%]
2026-06-16 16:22:18 [INFO]   ✅ HOOD: Alpaca premarket (gap=2.06%, vol=400)
2026-06-16 16:22:18 [INFO]   ❌ HOOD: volume=400 below 2000
2026-06-16 16:22:20 [INFO]   ✅ IBM: fetched premarket data (gap=0.35%, vol=0)
2026-06-16 16:22:20 [INFO]   ❌ IBM: volume=0 below 2000
2026-06-16 16:22:21 [INFO]   ✅ IFF: fetched premarket data (gap=-0.54%, vol=0)
2026-06-16 16:22:21 [INFO]   ❌ IFF: gap=-0.54% outside range [0.1%-25.0%]
2026-06-16 16:22:23 [INFO]   ✅ INTC: Alpaca premarket (gap=-2.34%, vol=480)
2026-06-16 16:22:23 [INFO]   ❌ INTC: gap=-2.34% outside range [0.1%-25.0%]
2026-06-16 16:22:24 [INFO]   ✅ IQV: fetched premarket data (gap=-0.29%, vol=0)
2026-06-16 16:22:24 [INFO]   ❌ IQV: gap=-0.29% outside range [0.1%-25.0%]
2026-06-16 16:22:26 [INFO]   ✅ IRDM: fetched premarket data (gap=-0.91%, vol=0)
2026-06-16 16:22:26 [INFO]   ❌ IRDM: gap=-0.91% outside range [0.1%-25.0%]
2026-06-16 16:22:28 [INFO]   ✅ ISRG: fetched premarket data (gap=0.24%, vol=0)
2026-06-16 16:22:28 [INFO]   ❌ ISRG: volume=0 below 2000
2026-06-16 16:22:29 [INFO]   ✅ JNJ: fetched premarket data (gap=-0.02%, vol=0)
2026-06-16 16:22:29 [INFO]   ❌ JNJ: gap=-0.02% outside range [0.1%-25.0%]
2026-06-16 16:22:29 [INFO]   Progress: 100/194 screened, 0 picks
2026-06-16 16:22:30 [INFO]   ✅ KKR: fetched premarket data (gap=-0.28%, vol=0)
2026-06-16 16:22:30 [INFO]   ❌ KKR: gap=-0.28% outside range [0.1%-25.0%]
2026-06-16 16:22:32 [INFO]   ✅ KLAC: fetched premarket data (gap=-0.58%, vol=0)
2026-06-16 16:22:32 [INFO]   ❌ KLAC: gap=-0.58% outside range [0.1%-25.0%]
2026-06-16 16:22:33 [INFO]   ✅ KO: fetched premarket data (gap=-0.04%, vol=0)
2026-06-16 16:22:33 [INFO]   ❌ KO: gap=-0.04% outside range [0.1%-25.0%]
2026-06-16 16:22:35 [INFO]   ✅ LHX: fetched premarket data (gap=-0.04%, vol=0)
2026-06-16 16:22:35 [INFO]   ❌ LHX: gap=-0.04% outside range [0.1%-25.0%]
2026-06-16 16:22:36 [INFO]   ✅ LIN: fetched premarket data (gap=-0.01%, vol=0)
2026-06-16 16:22:36 [INFO]   ❌ LIN: gap=-0.01% outside range [0.1%-25.0%]
2026-06-16 16:22:37 [INFO]   ✅ LLY: fetched premarket data (gap=0.02%, vol=0)
2026-06-16 16:22:39 [INFO]   ✅ LNT: fetched premarket data (gap=0.58%, vol=0)
2026-06-16 16:22:39 [INFO]   ❌ LNT: volume=0 below 2000
2026-06-16 16:22:41 [INFO]   ✅ LRCX: fetched premarket data (gap=0.51%, vol=0)
2026-06-16 16:22:41 [INFO]   ❌ LRCX: volume=0 below 2000
2026-06-16 16:22:42 [INFO]   ✅ LULU: fetched premarket data (gap=0.00%, vol=0)
2026-06-16 16:22:42 [INFO]   ❌ LULU: gap=0.00% outside range [0.1%-25.0%]
2026-06-16 16:22:44 [INFO]   ✅ LUMN: fetched premarket data (gap=0.59%, vol=0)
2026-06-16 16:22:44 [INFO]   ❌ LUMN: volume=0 below 2000
2026-06-16 16:22:44 [INFO]   Progress: 110/194 screened, 0 picks
2026-06-16 16:22:45 [INFO]   ✅ LYB: fetched premarket data (gap=-0.57%, vol=0)
2026-06-16 16:22:45 [INFO]   ❌ LYB: gap=-0.57% outside range [0.1%-25.0%]
2026-06-16 16:22:46 [INFO]   ✅ MA: fetched premarket data (gap=-0.47%, vol=0)
2026-06-16 16:22:46 [INFO]   ❌ MA: gap=-0.47% outside range [0.1%-25.0%]
2026-06-16 16:22:47 [WARNING]   ❌ MAA: no premarket data (market not open yet or no data)
2026-06-16 16:22:48 [WARNING]   ❌ MC: no premarket data (market not open yet or no data)
2026-06-16 16:22:49 [INFO]   ✅ MCD: Alpaca premarket (gap=0.28%, vol=40)
2026-06-16 16:22:49 [INFO]   ❌ MCD: volume=40 below 2000
2026-06-16 16:22:50 [INFO]   ✅ MDT: Alpaca premarket (gap=0.77%, vol=100)
2026-06-16 16:22:50 [INFO]   ❌ MDT: volume=100 below 2000
2026-06-16 16:22:51 [INFO]   ✅ META: Alpaca premarket (gap=-0.25%, vol=80)
2026-06-16 16:22:51 [INFO]   ❌ META: gap=-0.25% outside range [0.1%-25.0%]
2026-06-16 16:22:53 [INFO]   ✅ MOS: fetched premarket data (gap=-0.22%, vol=0)
2026-06-16 16:22:53 [INFO]   ❌ MOS: gap=-0.22% outside range [0.1%-25.0%]
2026-06-16 16:22:54 [INFO]   ✅ MPC: fetched premarket data (gap=-1.94%, vol=0)
2026-06-16 16:22:54 [INFO]   ❌ MPC: gap=-1.94% outside range [0.1%-25.0%]
2026-06-16 16:22:56 [INFO]   ✅ MRK: fetched premarket data (gap=1.18%, vol=0)
2026-06-16 16:22:56 [INFO]   ❌ MRK: volume=0 below 2000
2026-06-16 16:22:56 [INFO]   Progress: 120/194 screened, 0 picks
2026-06-16 16:22:57 [INFO]   ✅ MRVL: Alpaca premarket (gap=-2.21%, vol=1540)
2026-06-16 16:22:57 [INFO]   ❌ MRVL: gap=-2.21% outside range [0.1%-25.0%]
2026-06-16 16:22:58 [INFO]   ✅ MS: Alpaca premarket (gap=0.43%, vol=150)
2026-06-16 16:22:58 [INFO]   ❌ MS: volume=150 below 2000
2026-06-16 16:22:59 [INFO]   ✅ MSFT: Alpaca premarket (gap=-0.81%, vol=115)
2026-06-16 16:22:59 [INFO]   ❌ MSFT: gap=-0.81% outside range [0.1%-25.0%]
2026-06-16 16:23:01 [INFO]   ✅ MSTR: fetched premarket data (gap=1.01%, vol=0)
2026-06-16 16:23:01 [INFO]   ❌ MSTR: volume=0 below 2000
2026-06-16 16:23:02 [INFO]   ✅ MUR: fetched premarket data (gap=-0.62%, vol=0)
2026-06-16 16:23:02 [INFO]   ❌ MUR: gap=-0.62% outside range [0.1%-25.0%]
2026-06-16 16:23:04 [INFO]   ✅ NEE: fetched premarket data (gap=-0.52%, vol=0)
2026-06-16 16:23:04 [INFO]   ❌ NEE: gap=-0.52% outside range [0.1%-25.0%]
2026-06-16 16:23:05 [INFO]   ✅ NEM: Alpaca premarket (gap=1.28%, vol=100)
2026-06-16 16:23:05 [INFO]   ❌ NEM: volume=100 below 2000
2026-06-16 16:23:06 [INFO]   ✅ NET: fetched premarket data (gap=0.97%, vol=0)
2026-06-16 16:23:06 [INFO]   ❌ NET: volume=0 below 2000
2026-06-16 16:23:08 [INFO]   ✅ NFLX: fetched premarket data (gap=0.25%, vol=0)
2026-06-16 16:23:08 [INFO]   ❌ NFLX: volume=0 below 2000
2026-06-16 16:23:09 [INFO]   ✅ NI: fetched premarket data (gap=0.96%, vol=0)
2026-06-16 16:23:09 [INFO]   ❌ NI: volume=0 below 2000
2026-06-16 16:23:09 [INFO]   Progress: 130/194 screened, 0 picks
2026-06-16 16:23:11 [INFO]   ✅ NKE: fetched premarket data (gap=0.11%, vol=0)
2026-06-16 16:23:11 [INFO]   ❌ NKE: volume=0 below 2000
2026-06-16 16:23:12 [INFO]   ✅ NSC: fetched premarket data (gap=0.00%, vol=0)
2026-06-16 16:23:12 [INFO]   ❌ NSC: gap=0.00% outside range [0.1%-25.0%]
2026-06-16 16:23:14 [INFO]   ✅ NTR: fetched premarket data (gap=-0.36%, vol=0)
2026-06-16 16:23:14 [INFO]   ❌ NTR: gap=-0.36% outside range [0.1%-25.0%]
2026-06-16 16:23:15 [INFO]   ✅ NVDA: Alpaca premarket (gap=-0.20%, vol=810)
2026-06-16 16:23:15 [INFO]   ❌ NVDA: gap=-0.20% outside range [0.1%-25.0%]
2026-06-16 16:23:17 [INFO]   ✅ O: fetched premarket data (gap=0.29%, vol=0)
2026-06-16 16:23:17 [INFO]   ❌ O: volume=0 below 2000
2026-06-16 16:23:18 [INFO]   ✅ ORCL: Alpaca premarket (gap=-1.21%, vol=550)
2026-06-16 16:23:18 [INFO]   ❌ ORCL: gap=-1.21% outside range [0.1%-25.0%]
2026-06-16 16:23:19 [INFO]   ✅ OXY: fetched premarket data (gap=-0.82%, vol=0)
2026-06-16 16:23:19 [INFO]   ❌ OXY: gap=-0.82% outside range [0.1%-25.0%]
2026-06-16 16:23:21 [INFO]   ✅ PANW: fetched premarket data (gap=-0.05%, vol=0)
2026-06-16 16:23:21 [INFO]   ❌ PANW: gap=-0.05% outside range [0.1%-25.0%]
2026-06-16 16:23:23 [INFO]   ✅ PEG: fetched premarket data (gap=-0.01%, vol=0)
2026-06-16 16:23:23 [INFO]   ❌ PEG: gap=-0.01% outside range [0.1%-25.0%]
2026-06-16 16:23:25 [INFO]   ✅ PEP: fetched premarket data (gap=-0.09%, vol=0)
2026-06-16 16:23:25 [INFO]   ❌ PEP: gap=-0.09% outside range [0.1%-25.0%]
2026-06-16 16:23:25 [INFO]   Progress: 140/194 screened, 0 picks
2026-06-16 16:23:27 [INFO]   ✅ PFE: fetched premarket data (gap=-0.23%, vol=0)
2026-06-16 16:23:27 [INFO]   ❌ PFE: gap=-0.23% outside range [0.1%-25.0%]
2026-06-16 16:23:28 [INFO]   ✅ PG: fetched premarket data (gap=0.48%, vol=0)
2026-06-16 16:23:28 [INFO]   ❌ PG: volume=0 below 2000
2026-06-16 16:23:29 [INFO]   ✅ PJT: fetched premarket data (gap=2.04%, vol=0)
2026-06-16 16:23:29 [INFO]   ❌ PJT: volume=0 below 2000
2026-06-16 16:23:31 [INFO]   ✅ PLD: fetched premarket data (gap=-2.29%, vol=0)
2026-06-16 16:23:31 [INFO]   ❌ PLD: gap=-2.29% outside range [0.1%-25.0%]
2026-06-16 16:23:32 [INFO]   ✅ PLTR: Alpaca premarket (gap=-0.50%, vol=255)
2026-06-16 16:23:32 [INFO]   ❌ PLTR: gap=-0.50% outside range [0.1%-25.0%]
2026-06-16 16:23:34 [INFO]   ✅ PPG: fetched premarket data (gap=0.00%, vol=0)
2026-06-16 16:23:34 [INFO]   ❌ PPG: gap=0.00% outside range [0.1%-25.0%]
2026-06-16 16:23:36 [INFO]   ✅ PSA: fetched premarket data (gap=-1.97%, vol=0)
2026-06-16 16:23:36 [INFO]   ❌ PSA: gap=-1.97% outside range [0.1%-25.0%]
2026-06-16 16:23:37 [INFO]   ✅ PSX: fetched premarket data (gap=0.69%, vol=0)
2026-06-16 16:23:37 [INFO]   ❌ PSX: volume=0 below 2000
2026-06-16 16:23:39 [INFO]   ✅ PYPL: fetched premarket data (gap=0.28%, vol=0)
2026-06-16 16:23:39 [INFO]   ❌ PYPL: volume=0 below 2000
2026-06-16 16:23:40 [INFO]   ✅ QCOM: Alpaca premarket (gap=3.12%, vol=100)
2026-06-16 16:23:40 [INFO]   ❌ QCOM: volume=100 below 2000
2026-06-16 16:23:40 [INFO]   Progress: 150/194 screened, 0 picks
2026-06-16 16:23:42 [INFO]   ✅ REGN: fetched premarket data (gap=-0.00%, vol=0)
2026-06-16 16:23:42 [INFO]   ❌ REGN: gap=-0.00% outside range [0.1%-25.0%]
2026-06-16 16:23:43 [INFO]   ✅ RIOT: fetched premarket data (gap=0.33%, vol=0)
2026-06-16 16:23:43 [INFO]   ❌ RIOT: volume=0 below 2000
2026-06-16 16:23:44 [INFO]   ✅ RKLB: Alpaca premarket (gap=-0.61%, vol=1400)
2026-06-16 16:23:44 [INFO]   ❌ RKLB: gap=-0.61% outside range [0.1%-25.0%]
2026-06-16 16:23:46 [INFO]   ✅ ROST: fetched premarket data (gap=0.11%, vol=0)
2026-06-16 16:23:46 [INFO]   ❌ ROST: volume=0 below 2000
2026-06-16 16:23:48 [INFO]   ✅ RRC: fetched premarket data (gap=0.00%, vol=0)
2026-06-16 16:23:48 [INFO]   ❌ RRC: gap=0.00% outside range [0.1%-25.0%]
2026-06-16 16:23:49 [INFO]   ✅ SBUX: fetched premarket data (gap=-0.28%, vol=0)
2026-06-16 16:23:49 [INFO]   ❌ SBUX: gap=-0.28% outside range [0.1%-25.0%]
2026-06-16 16:23:50 [INFO]   ✅ SCHW: fetched premarket data (gap=-0.26%, vol=0)
2026-06-16 16:23:50 [INFO]   ❌ SCHW: gap=-0.26% outside range [0.1%-25.0%]
2026-06-16 16:23:52 [INFO]   ✅ SHW: fetched premarket data (gap=0.00%, vol=0)
2026-06-16 16:23:52 [INFO]   ❌ SHW: gap=0.00% outside range [0.1%-25.0%]
2026-06-16 16:23:53 [INFO]   ✅ SNOW: fetched premarket data (gap=0.21%, vol=0)
2026-06-16 16:23:53 [INFO]   ❌ SNOW: volume=0 below 2000
2026-06-16 16:23:55 [INFO]   ✅ SNPS: fetched premarket data (gap=0.19%, vol=0)
2026-06-16 16:23:55 [INFO]   ❌ SNPS: volume=0 below 2000
2026-06-16 16:23:55 [INFO]   Progress: 160/194 screened, 0 picks
2026-06-16 16:23:56 [INFO]   ✅ SO: fetched premarket data (gap=-0.42%, vol=0)
2026-06-16 16:23:56 [INFO]   ❌ SO: gap=-0.42% outside range [0.1%-25.0%]
2026-06-16 16:23:57 [INFO]   ✅ SOFI: Alpaca premarket (gap=0.00%, vol=9734)
2026-06-16 16:23:57 [INFO]   ❌ SOFI: gap=0.00% outside range [0.1%-25.0%]
2026-06-16 16:23:58 [INFO]   ✅ SPCE: Alpaca premarket (gap=-3.23%, vol=508)
2026-06-16 16:23:58 [INFO]   ❌ SPCE: gap=-3.23% outside range [0.1%-25.0%]
2026-06-16 16:24:00 [INFO]   ✅ SQM: fetched premarket data (gap=-0.85%, vol=0)
2026-06-16 16:24:00 [INFO]   ❌ SQM: gap=-0.85% outside range [0.1%-25.0%]
2026-06-16 16:24:01 [INFO]   ✅ SRE: fetched premarket data (gap=0.21%, vol=0)
2026-06-16 16:24:01 [INFO]   ❌ SRE: volume=0 below 2000
2026-06-16 16:24:03 [INFO]   ✅ SYF: fetched premarket data (gap=-0.05%, vol=0)
2026-06-16 16:24:03 [INFO]   ❌ SYF: gap=-0.05% outside range [0.1%-25.0%]
2026-06-16 16:24:04 [INFO]   ✅ SYK: fetched premarket data (gap=-0.06%, vol=0)
2026-06-16 16:24:04 [INFO]   ❌ SYK: gap=-0.06% outside range [0.1%-25.0%]
2026-06-16 16:24:05 [INFO]   ✅ T: Alpaca premarket (gap=0.15%, vol=100)
2026-06-16 16:24:05 [INFO]   ❌ T: volume=100 below 2000
2026-06-16 16:24:07 [INFO]   ✅ TECH: fetched premarket data (gap=3.48%, vol=0)
2026-06-16 16:24:07 [INFO]   ❌ TECH: volume=0 below 2000
2026-06-16 16:24:09 [INFO]   ✅ TGT: fetched premarket data (gap=-0.44%, vol=0)
2026-06-16 16:24:09 [INFO]   ❌ TGT: gap=-0.44% outside range [0.1%-25.0%]
2026-06-16 16:24:09 [INFO]   Progress: 170/194 screened, 0 picks
2026-06-16 16:24:10 [INFO]   ✅ TJX: fetched premarket data (gap=0.50%, vol=0)
2026-06-16 16:24:10 [INFO]   ❌ TJX: volume=0 below 2000
2026-06-16 16:24:12 [INFO]   ✅ TMO: fetched premarket data (gap=0.00%, vol=0)
2026-06-16 16:24:12 [INFO]   ❌ TMO: gap=0.00% outside range [0.1%-25.0%]
2026-06-16 16:24:13 [INFO]   ✅ TMUS: fetched premarket data (gap=0.13%, vol=0)
2026-06-16 16:24:13 [INFO]   ❌ TMUS: volume=0 below 2000
2026-06-16 16:24:15 [INFO]   ✅ TPG: fetched premarket data (gap=1.63%, vol=0)
2026-06-16 16:24:15 [INFO]   ❌ TPG: volume=0 below 2000
2026-06-16 16:24:16 [INFO]   ✅ TXN: fetched premarket data (gap=0.26%, vol=0)
2026-06-16 16:24:16 [INFO]   ❌ TXN: volume=0 below 2000
2026-06-16 16:24:18 [INFO]   ✅ UDR: fetched premarket data (gap=-0.18%, vol=0)
2026-06-16 16:24:18 [INFO]   ❌ UDR: gap=-0.18% outside range [0.1%-25.0%]
2026-06-16 16:24:19 [INFO]   ✅ ULTA: fetched premarket data (gap=-1.19%, vol=0)
2026-06-16 16:24:19 [INFO]   ❌ ULTA: gap=-1.19% outside range [0.1%-25.0%]
2026-06-16 16:24:20 [INFO]   ✅ UNH: fetched premarket data (gap=-0.23%, vol=0)
2026-06-16 16:24:20 [INFO]   ❌ UNH: gap=-0.23% outside range [0.1%-25.0%]
2026-06-16 16:24:22 [INFO]   ✅ UNP: fetched premarket data (gap=-0.59%, vol=0)
2026-06-16 16:24:22 [INFO]   ❌ UNP: gap=-0.59% outside range [0.1%-25.0%]
2026-06-16 16:24:23 [INFO]   ✅ UPS: fetched premarket data (gap=0.14%, vol=0)
2026-06-16 16:24:23 [INFO]   ❌ UPS: volume=0 below 2000
2026-06-16 16:24:23 [INFO]   Progress: 180/194 screened, 0 picks
2026-06-16 16:24:25 [INFO]   ✅ V: fetched premarket data (gap=-0.07%, vol=0)
2026-06-16 16:24:25 [INFO]   ❌ V: gap=-0.07% outside range [0.1%-25.0%]
2026-06-16 16:24:26 [INFO]   ✅ VLO: fetched premarket data (gap=-0.20%, vol=0)
2026-06-16 16:24:26 [INFO]   ❌ VLO: gap=-0.20% outside range [0.1%-25.0%]
2026-06-16 16:24:28 [INFO]   ✅ VRTX: fetched premarket data (gap=-0.42%, vol=0)
2026-06-16 16:24:28 [INFO]   ❌ VRTX: gap=-0.42% outside range [0.1%-25.0%]
2026-06-16 16:24:30 [INFO]   ✅ VTR: fetched premarket data (gap=-0.13%, vol=0)
2026-06-16 16:24:30 [INFO]   ❌ VTR: gap=-0.13% outside range [0.1%-25.0%]
2026-06-16 16:24:31 [INFO]   ✅ VZ: fetched premarket data (gap=0.07%, vol=0)
2026-06-16 16:24:31 [INFO]   ❌ VZ: gap=0.07% outside range [0.1%-25.0%]
2026-06-16 16:24:33 [INFO]   ✅ WAT: fetched premarket data (gap=-2.06%, vol=0)
2026-06-16 16:24:33 [INFO]   ❌ WAT: gap=-2.06% outside range [0.1%-25.0%]
2026-06-16 16:24:34 [INFO]   ✅ WEC: fetched premarket data (gap=-0.81%, vol=0)
2026-06-16 16:24:34 [INFO]   ❌ WEC: gap=-0.81% outside range [0.1%-25.0%]
2026-06-16 16:24:36 [INFO]   ✅ WELL: fetched premarket data (gap=0.01%, vol=0)
2026-06-16 16:24:36 [INFO]   ❌ WELL: gap=0.01% outside range [0.1%-25.0%]
2026-06-16 16:24:38 [INFO]   ✅ WLK: fetched premarket data (gap=0.26%, vol=0)
2026-06-16 16:24:38 [INFO]   ❌ WLK: volume=0 below 2000
2026-06-16 16:24:39 [INFO]   ✅ WMT: fetched premarket data (gap=-0.25%, vol=0)
2026-06-16 16:24:39 [INFO]   ❌ WMT: gap=-0.25% outside range [0.1%-25.0%]
2026-06-16 16:24:39 [INFO]   Progress: 190/194 screened, 0 picks
2026-06-16 16:24:42 [INFO]   ✅ XEL: fetched premarket data (gap=0.70%, vol=0)
2026-06-16 16:24:42 [INFO]   ❌ XEL: volume=0 below 2000
2026-06-16 16:24:43 [INFO]   ✅ XOM: Alpaca premarket (gap=0.22%, vol=5412)
2026-06-16 16:24:43 [INFO]   ❌ XOM: cap=$0.00B below $0.1B
2026-06-16 16:24:44 [INFO]   ✅ YUM: fetched premarket data (gap=0.05%, vol=0)
2026-06-16 16:24:44 [INFO]   ❌ YUM: gap=0.05% outside range [0.1%-25.0%]
2026-06-16 16:24:47 [INFO]   ✅ ZBH: fetched premarket data (gap=0.00%, vol=0)
2026-06-16 16:24:47 [INFO]   ❌ ZBH: gap=0.00% outside range [0.1%-25.0%]
2026-06-16 16:24:47 [INFO] Screen complete: 0 picks from 194 screened
2026-06-16 16:24:47 [INFO] Saved 0 picks to /home/mino/us-exec/us_picks.json

============================================================
PRE-MARKET SCREEN RESULTS
Regime: DEFENSIVE
============================================================
Time: 09:20 ET
Picks: 0

Rank  Symbol   Score    Price      Gap%     Sector
------------------------------------------------------------
============================================================
2026-06-16 16:25:37 [INFO] Regime: DEFENSIVE — SPY +nan% over 5 days, VIX 16.1 (elevated fear), 18% sector breadth
2026-06-16 16:25:37 [INFO] Starting pre-market screen at 09:25 ET with regime: DEFENSIVE
2026-06-16 16:25:37 [INFO] Universe: 194 Sharia-compliant stocks
2026-06-16 16:25:37 [INFO] Screening 194 stocks...
2026-06-16 16:25:38 [INFO]   ✅ AAPL: Alpaca premarket (gap=-0.25%, vol=2964)
2026-06-16 16:25:38 [INFO]   ❌ AAPL: gap=-0.25% outside range [0.1%-25.0%]
2026-06-16 16:25:39 [INFO]   ✅ ABBV: fetched premarket data (gap=0.74%, vol=0)
2026-06-16 16:25:39 [INFO]   ❌ ABBV: volume=0 below 2000
2026-06-16 16:25:41 [INFO]   ✅ ABT: fetched premarket data (gap=0.36%, vol=0)
2026-06-16 16:25:41 [INFO]   ❌ ABT: volume=0 below 2000
2026-06-16 16:25:42 [INFO]   ✅ ACN: fetched premarket data (gap=-0.65%, vol=0)
2026-06-16 16:25:42 [INFO]   ❌ ACN: gap=-0.65% outside range [0.1%-25.0%]
2026-06-16 16:25:43 [INFO]   ✅ ADBE: Alpaca premarket (gap=-0.19%, vol=100)
2026-06-16 16:25:43 [INFO]   ❌ ADBE: gap=-0.19% outside range [0.1%-25.0%]
2026-06-16 16:25:45 [INFO]   ✅ AEE: fetched premarket data (gap=0.35%, vol=0)
2026-06-16 16:25:45 [INFO]   ❌ AEE: volume=0 below 2000
2026-06-16 16:25:46 [INFO]   ✅ AEP: fetched premarket data (gap=0.11%, vol=0)
2026-06-16 16:25:46 [INFO]   ❌ AEP: volume=0 below 2000
2026-06-16 16:25:48 [INFO]   ✅ AES: fetched premarket data (gap=0.20%, vol=0)
2026-06-16 16:25:48 [INFO]   ❌ AES: volume=0 below 2000
2026-06-16 16:25:49 [INFO]   ✅ AFRM: fetched premarket data (gap=0.36%, vol=0)
2026-06-16 16:25:49 [INFO]   ❌ AFRM: volume=0 below 2000
2026-06-16 16:25:51 [INFO]   ✅ AIV: fetched premarket data (gap=0.00%, vol=0)
2026-06-16 16:25:51 [INFO]   ❌ AIV: gap=0.00% outside range [0.1%-25.0%]
2026-06-16 16:25:51 [INFO]   Progress: 10/194 screened, 0 picks
2026-06-16 16:25:52 [INFO]   ✅ ALB: fetched premarket data (gap=-1.03%, vol=0)
2026-06-16 16:25:52 [INFO]   ❌ ALB: gap=-1.03% outside range [0.1%-25.0%]
2026-06-16 16:25:57 [INFO]   ✅ ALLY: fetched premarket data (gap=0.09%, vol=0)
2026-06-16 16:25:57 [INFO]   ❌ ALLY: gap=0.09% outside range [0.1%-25.0%]
2026-06-16 16:25:58 [INFO]   ✅ AMAT: fetched premarket data (gap=-0.41%, vol=0)
2026-06-16 16:25:58 [INFO]   ❌ AMAT: gap=-0.41% outside range [0.1%-25.0%]
2026-06-16 16:25:59 [INFO]   ✅ AMD: Alpaca premarket (gap=-1.12%, vol=543)
2026-06-16 16:25:59 [INFO]   ❌ AMD: gap=-1.12% outside range [0.1%-25.0%]
2026-06-16 16:26:00 [INFO]   ✅ AMGN: fetched premarket data (gap=-0.51%, vol=0)
2026-06-16 16:26:00 [INFO]   ❌ AMGN: gap=-0.51% outside range [0.1%-25.0%]
2026-06-16 16:26:03 [INFO]   ✅ AMT: fetched premarket data (gap=0.52%, vol=0)
2026-06-16 16:26:03 [INFO]   ❌ AMT: volume=0 below 2000
2026-06-16 16:26:04 [INFO]   ✅ APD: fetched premarket data (gap=-0.68%, vol=0)
2026-06-16 16:26:04 [INFO]   ❌ APD: gap=-0.68% outside range [0.1%-25.0%]
2026-06-16 16:26:06 [INFO]   ✅ APO: fetched premarket data (gap=0.00%, vol=0)
2026-06-16 16:26:06 [INFO]   ❌ APO: gap=0.00% outside range [0.1%-25.0%]
2026-06-16 16:26:07 [INFO]   ✅ ARES: fetched premarket data (gap=-0.75%, vol=0)
2026-06-16 16:26:07 [INFO]   ❌ ARES: gap=-0.75% outside range [0.1%-25.0%]
2026-06-16 16:26:09 [INFO]   ✅ ASH: fetched premarket data (gap=0.00%, vol=0)
2026-06-16 16:26:09 [INFO]   ❌ ASH: gap=0.00% outside range [0.1%-25.0%]
2026-06-16 16:26:09 [INFO]   Progress: 20/194 screened, 0 picks
2026-06-16 16:26:10 [INFO]   ✅ ASTS: Alpaca premarket (gap=-0.28%, vol=500)
2026-06-16 16:26:10 [INFO]   ❌ ASTS: gap=-0.28% outside range [0.1%-25.0%]
2026-06-16 16:26:12 [INFO]   ✅ AVB: fetched premarket data (gap=0.01%, vol=0)
2026-06-16 16:26:12 [INFO]   ❌ AVB: gap=0.01% outside range [0.1%-25.0%]
2026-06-16 16:26:13 [INFO]   ✅ AVGO: Alpaca premarket (gap=-0.14%, vol=491)
2026-06-16 16:26:13 [INFO]   ❌ AVGO: gap=-0.14% outside range [0.1%-25.0%]
2026-06-16 16:26:15 [INFO]   ✅ BAX: fetched premarket data (gap=-0.48%, vol=0)
2026-06-16 16:26:15 [INFO]   ❌ BAX: gap=-0.48% outside range [0.1%-25.0%]
2026-06-16 16:26:16 [INFO]   ✅ BDX: fetched premarket data (gap=1.66%, vol=0)
2026-06-16 16:26:16 [INFO]   ❌ BDX: volume=0 below 2000
2026-06-16 16:26:17 [INFO]   ✅ BIIB: fetched premarket data (gap=0.87%, vol=0)
2026-06-16 16:26:17 [INFO]   ❌ BIIB: volume=0 below 2000
2026-06-16 16:26:19 [INFO]   ✅ BLK: fetched premarket data (gap=0.67%, vol=0)
2026-06-16 16:26:20 [INFO]   ✅ BMY: fetched premarket data (gap=0.00%, vol=0)
2026-06-16 16:26:20 [INFO]   ❌ BMY: gap=0.00% outside range [0.1%-25.0%]
2026-06-16 16:26:22 [INFO]   ✅ BURL: fetched premarket data (gap=-0.01%, vol=0)
2026-06-16 16:26:22 [INFO]   ❌ BURL: gap=-0.01% outside range [0.1%-25.0%]
2026-06-16 16:26:23 [INFO]   ✅ BX: fetched premarket data (gap=0.05%, vol=0)
2026-06-16 16:26:23 [INFO]   ❌ BX: gap=0.05% outside range [0.1%-25.0%]
2026-06-16 16:26:23 [INFO]   Progress: 30/194 screened, 0 picks
2026-06-16 16:26:24 [INFO]   ✅ BXP: fetched premarket data (gap=0.55%, vol=0)
2026-06-16 16:26:24 [INFO]   ❌ BXP: volume=0 below 2000
2026-06-16 16:26:26 [INFO]   ✅ CAT: fetched premarket data (gap=0.16%, vol=0)
2026-06-16 16:26:26 [INFO]   ❌ CAT: volume=0 below 2000
2026-06-16 16:26:27 [INFO]   ✅ CCI: fetched premarket data (gap=0.11%, vol=0)
2026-06-16 16:26:27 [INFO]   ❌ CCI: volume=0 below 2000
2026-06-16 16:26:29 [INFO]   ✅ CDNS: fetched premarket data (gap=0.22%, vol=0)
2026-06-16 16:26:29 [INFO]   ❌ CDNS: volume=0 below 2000
2026-06-16 16:26:30 [INFO]   ✅ CF: fetched premarket data (gap=0.11%, vol=0)
2026-06-16 16:26:30 [INFO]   ❌ CF: volume=0 below 2000
2026-06-16 16:26:32 [INFO]   ✅ CG: fetched premarket data (gap=-0.64%, vol=0)
2026-06-16 16:26:32 [INFO]   ❌ CG: gap=-0.64% outside range [0.1%-25.0%]
2026-06-16 16:26:33 [INFO]   ✅ CHTR: fetched premarket data (gap=-0.01%, vol=0)
2026-06-16 16:26:33 [INFO]   ❌ CHTR: gap=-0.01% outside range [0.1%-25.0%]
2026-06-16 16:26:34 [INFO]   ✅ CMCSA: fetched premarket data (gap=-0.04%, vol=0)
2026-06-16 16:26:34 [INFO]   ❌ CMCSA: gap=-0.04% outside range [0.1%-25.0%]
2026-06-16 16:26:36 [INFO]   ✅ CMS: fetched premarket data (gap=-0.85%, vol=0)
2026-06-16 16:26:36 [INFO]   ❌ CMS: gap=-0.85% outside range [0.1%-25.0%]
2026-06-16 16:26:37 [INFO]   ✅ CNP: fetched premarket data (gap=0.19%, vol=0)
2026-06-16 16:26:37 [INFO]   ❌ CNP: volume=0 below 2000
2026-06-16 16:26:37 [INFO]   Progress: 40/194 screened, 0 picks
2026-06-16 16:26:39 [INFO]   ✅ CNX: fetched premarket data (gap=0.27%, vol=0)
2026-06-16 16:26:39 [INFO]   ❌ CNX: volume=0 below 2000
2026-06-16 16:26:40 [INFO]   ✅ COIN: Alpaca premarket (gap=-0.18%, vol=100)
2026-06-16 16:26:40 [INFO]   ❌ COIN: gap=-0.18% outside range [0.1%-25.0%]
2026-06-16 16:26:42 [INFO]   ✅ COP: fetched premarket data (gap=-1.12%, vol=0)
2026-06-16 16:26:42 [INFO]   ❌ COP: gap=-1.12% outside range [0.1%-25.0%]
2026-06-16 16:26:44 [INFO]   ✅ COST: fetched premarket data (gap=-0.24%, vol=0)
2026-06-16 16:26:44 [INFO]   ❌ COST: gap=-0.24% outside range [0.1%-25.0%]
2026-06-16 16:26:45 [INFO]   ✅ CPT: fetched premarket data (gap=0.00%, vol=0)
2026-06-16 16:26:45 [INFO]   ❌ CPT: gap=0.00% outside range [0.1%-25.0%]
2026-06-16 16:26:47 [INFO]   ✅ CRM: fetched premarket data (gap=0.52%, vol=0)
2026-06-16 16:26:47 [INFO]   ❌ CRM: volume=0 below 2000
2026-06-16 16:26:49 [INFO]   ✅ CRWD: fetched premarket data (gap=0.69%, vol=0)
2026-06-16 16:26:49 [INFO]   ❌ CRWD: volume=0 below 2000
2026-06-16 16:26:50 [INFO]   ✅ CSX: fetched premarket data (gap=-0.94%, vol=0)
2026-06-16 16:26:50 [INFO]   ❌ CSX: gap=-0.94% outside range [0.1%-25.0%]
2026-06-16 16:26:52 [INFO]   ✅ CTVA: fetched premarket data (gap=-0.32%, vol=0)
2026-06-16 16:26:52 [INFO]   ❌ CTVA: gap=-0.32% outside range [0.1%-25.0%]
2026-06-16 16:26:53 [INFO]   ✅ CVX: fetched premarket data (gap=-0.19%, vol=0)
2026-06-16 16:26:53 [INFO]   ❌ CVX: gap=-0.19% outside range [0.1%-25.0%]
2026-06-16 16:26:53 [INFO]   Progress: 50/194 screened, 0 picks
2026-06-16 16:26:55 [INFO]   ✅ D: fetched premarket data (gap=-0.40%, vol=0)
2026-06-16 16:26:55 [INFO]   ❌ D: gap=-0.40% outside range [0.1%-25.0%]
2026-06-16 16:26:57 [INFO]   ✅ DDOG: fetched premarket data (gap=-0.79%, vol=0)
2026-06-16 16:26:57 [INFO]   ❌ DDOG: gap=-0.79% outside range [0.1%-25.0%]
2026-06-16 16:26:59 [INFO]   ✅ DE: fetched premarket data (gap=-1.76%, vol=0)
2026-06-16 16:26:59 [INFO]   ❌ DE: gap=-1.76% outside range [0.1%-25.0%]
2026-06-16 16:27:00 [INFO]   ✅ DECK: fetched premarket data (gap=-0.02%, vol=0)
2026-06-16 16:27:00 [INFO]   ❌ DECK: gap=-0.02% outside range [0.1%-25.0%]
2026-06-16 16:27:01 [INFO]   ✅ DG: fetched premarket data (gap=-0.95%, vol=0)
2026-06-16 16:27:01 [INFO]   ❌ DG: gap=-0.95% outside range [0.1%-25.0%]
2026-06-16 16:27:03 [INFO]   ✅ DHR: fetched premarket data (gap=-0.33%, vol=0)
2026-06-16 16:27:03 [INFO]   ❌ DHR: gap=-0.33% outside range [0.1%-25.0%]
2026-06-16 16:27:04 [INFO]   ✅ DIS: fetched premarket data (gap=-0.22%, vol=0)
2026-06-16 16:27:04 [INFO]   ❌ DIS: gap=-0.22% outside range [0.1%-25.0%]
2026-06-16 16:27:06 [INFO]   ✅ DLR: fetched premarket data (gap=6.11%, vol=0)
2026-06-16 16:27:06 [INFO]   ❌ DLR: volume=0 below 2000
2026-06-16 16:27:07 [INFO]   ✅ DLTR: fetched premarket data (gap=1.52%, vol=0)
2026-06-16 16:27:07 [INFO]   ❌ DLTR: volume=0 below 2000
2026-06-16 16:27:08 [INFO]   ✅ DOC: fetched premarket data (gap=0.00%, vol=0)
2026-06-16 16:27:08 [INFO]   ❌ DOC: gap=0.00% outside range [0.1%-25.0%]
2026-06-16 16:27:08 [INFO]   Progress: 60/194 screened, 0 picks
2026-06-16 16:27:10 [INFO]   ✅ DOW: fetched premarket data (gap=-0.30%, vol=0)
2026-06-16 16:27:10 [INFO]   ❌ DOW: gap=-0.30% outside range [0.1%-25.0%]
2026-06-16 16:27:12 [INFO]   ✅ DUK: fetched premarket data (gap=-0.35%, vol=0)
2026-06-16 16:27:12 [INFO]   ❌ DUK: gap=-0.35% outside range [0.1%-25.0%]
2026-06-16 16:27:13 [INFO]   ✅ DVN: fetched premarket data (gap=-1.38%, vol=0)
2026-06-16 16:27:13 [INFO]   ❌ DVN: gap=-1.38% outside range [0.1%-25.0%]
2026-06-16 16:27:14 [INFO]   ✅ DXCM: fetched premarket data (gap=-0.60%, vol=0)
2026-06-16 16:27:14 [INFO]   ❌ DXCM: gap=-0.60% outside range [0.1%-25.0%]
2026-06-16 16:27:16 [INFO]   ✅ ECL: fetched premarket data (gap=0.00%, vol=0)
2026-06-16 16:27:16 [INFO]   ❌ ECL: gap=0.00% outside range [0.1%-25.0%]
2026-06-16 16:27:17 [INFO]   ✅ ED: fetched premarket data (gap=0.00%, vol=0)
2026-06-16 16:27:17 [INFO]   ❌ ED: gap=0.00% outside range [0.1%-25.0%]
2026-06-16 16:27:19 [INFO]   ✅ EFX: fetched premarket data (gap=0.00%, vol=0)
2026-06-16 16:27:19 [INFO]   ❌ EFX: gap=0.00% outside range [0.1%-25.0%]
2026-06-16 16:27:20 [INFO]   ✅ EMN: fetched premarket data (gap=1.73%, vol=0)
2026-06-16 16:27:20 [INFO]   ❌ EMN: volume=0 below 2000
2026-06-16 16:27:21 [INFO]   ✅ EOG: fetched premarket data (gap=-2.87%, vol=0)
2026-06-16 16:27:21 [INFO]   ❌ EOG: gap=-2.87% outside range [0.1%-25.0%]
2026-06-16 16:27:23 [INFO]   ✅ EQIX: fetched premarket data (gap=0.93%, vol=0)
2026-06-16 16:27:23 [INFO]   Progress: 70/194 screened, 0 picks
2026-06-16 16:27:24 [INFO]   ✅ EQR: fetched premarket data (gap=-0.52%, vol=0)
2026-06-16 16:27:24 [INFO]   ❌ EQR: gap=-0.52% outside range [0.1%-25.0%]
2026-06-16 16:27:26 [INFO]   ✅ EQT: fetched premarket data (gap=0.51%, vol=0)
2026-06-16 16:27:26 [INFO]   ❌ EQT: volume=0 below 2000
2026-06-16 16:27:28 [INFO]   ✅ ES: fetched premarket data (gap=2.48%, vol=0)
2026-06-16 16:27:28 [INFO]   ❌ ES: volume=0 below 2000
2026-06-16 16:27:29 [INFO]   ✅ ETR: fetched premarket data (gap=-0.68%, vol=0)
2026-06-16 16:27:29 [INFO]   ❌ ETR: gap=-0.68% outside range [0.1%-25.0%]
2026-06-16 16:27:30 [INFO]   ✅ ETSY: fetched premarket data (gap=0.00%, vol=0)
2026-06-16 16:27:30 [INFO]   ❌ ETSY: gap=0.00% outside range [0.1%-25.0%]
2026-06-16 16:27:32 [INFO]   ✅ EW: fetched premarket data (gap=1.55%, vol=0)
2026-06-16 16:27:32 [INFO]   ❌ EW: volume=0 below 2000
2026-06-16 16:27:33 [INFO]   ✅ EXC: fetched premarket data (gap=-2.85%, vol=0)
2026-06-16 16:27:33 [INFO]   ❌ EXC: gap=-2.85% outside range [0.1%-25.0%]
2026-06-16 16:27:35 [INFO]   ✅ EXR: fetched premarket data (gap=0.00%, vol=0)
2026-06-16 16:27:35 [INFO]   ❌ EXR: gap=0.00% outside range [0.1%-25.0%]
2026-06-16 16:27:36 [INFO]   ✅ FANG: fetched premarket data (gap=-0.91%, vol=0)
2026-06-16 16:27:36 [INFO]   ❌ FANG: gap=-0.91% outside range [0.1%-25.0%]
2026-06-16 16:27:38 [INFO]   ✅ FCX: fetched premarket data (gap=0.03%, vol=0)
2026-06-16 16:27:38 [INFO]   ❌ FCX: gap=0.03% outside range [0.1%-25.0%]
2026-06-16 16:27:38 [INFO]   Progress: 80/194 screened, 0 picks
2026-06-16 16:27:39 [INFO]   ✅ FDX: fetched premarket data (gap=0.47%, vol=0)
2026-06-16 16:27:39 [INFO]   ❌ FDX: volume=0 below 2000
2026-06-16 16:27:40 [INFO]   ✅ FE: fetched premarket data (gap=-0.53%, vol=0)
2026-06-16 16:27:40 [INFO]   ❌ FE: gap=-0.53% outside range [0.1%-25.0%]
2026-06-16 16:27:42 [INFO]   ✅ FICO: fetched premarket data (gap=1.05%, vol=0)
2026-06-16 16:27:43 [INFO]   ✅ FMC: fetched premarket data (gap=-0.35%, vol=0)
2026-06-16 16:27:43 [INFO]   ❌ FMC: gap=-0.35% outside range [0.1%-25.0%]
2026-06-16 16:27:45 [INFO]   ✅ FTNT: fetched premarket data (gap=2.80%, vol=0)
2026-06-16 16:27:45 [INFO]   ❌ FTNT: volume=0 below 2000
2026-06-16 16:27:46 [INFO]   ✅ GE: Alpaca premarket (gap=-0.19%, vol=120)
2026-06-16 16:27:46 [INFO]   ❌ GE: gap=-0.19% outside range [0.1%-25.0%]
2026-06-16 16:27:47 [INFO]   ✅ GILD: fetched premarket data (gap=0.38%, vol=0)
2026-06-16 16:27:47 [INFO]   ❌ GILD: volume=0 below 2000
2026-06-16 16:27:49 [INFO]   ✅ GOOG: fetched premarket data (gap=0.04%, vol=0)
2026-06-16 16:27:49 [INFO]   ❌ GOOG: gap=0.04% outside range [0.1%-25.0%]
2026-06-16 16:27:50 [INFO]   ✅ GOOGL: Alpaca premarket (gap=-0.14%, vol=120)
2026-06-16 16:27:50 [INFO]   ❌ GOOGL: gap=-0.14% outside range [0.1%-25.0%]
2026-06-16 16:27:51 [INFO]   ✅ GS: fetched premarket data (gap=-0.08%, vol=0)
2026-06-16 16:27:51 [INFO]   Progress: 90/194 screened, 0 picks
2026-06-16 16:27:53 [INFO]   ✅ GSAT: fetched premarket data (gap=-0.22%, vol=0)
2026-06-16 16:27:53 [INFO]   ❌ GSAT: gap=-0.22% outside range [0.1%-25.0%]
2026-06-16 16:27:54 [INFO]   ✅ HON: fetched premarket data (gap=0.02%, vol=0)
2026-06-16 16:27:54 [INFO]   ❌ HON: gap=0.02% outside range [0.1%-25.0%]
2026-06-16 16:27:55 [INFO]   ✅ HOOD: Alpaca premarket (gap=2.06%, vol=400)
2026-06-16 16:27:55 [INFO]   ❌ HOOD: volume=400 below 2000
2026-06-16 16:27:57 [INFO]   ✅ IBM: fetched premarket data (gap=0.35%, vol=0)
2026-06-16 16:27:57 [INFO]   ❌ IBM: volume=0 below 2000
2026-06-16 16:27:58 [INFO]   ✅ IFF: fetched premarket data (gap=-0.54%, vol=0)
2026-06-16 16:27:58 [INFO]   ❌ IFF: gap=-0.54% outside range [0.1%-25.0%]
2026-06-16 16:27:59 [INFO]   ✅ INTC: Alpaca premarket (gap=-2.34%, vol=480)
2026-06-16 16:27:59 [INFO]   ❌ INTC: gap=-2.34% outside range [0.1%-25.0%]
2026-06-16 16:28:00 [INFO]   ✅ IQV: fetched premarket data (gap=-0.29%, vol=0)
2026-06-16 16:28:00 [INFO]   ❌ IQV: gap=-0.29% outside range [0.1%-25.0%]
2026-06-16 16:28:02 [INFO]   ✅ IRDM: fetched premarket data (gap=-0.91%, vol=0)
2026-06-16 16:28:02 [INFO]   ❌ IRDM: gap=-0.91% outside range [0.1%-25.0%]
2026-06-16 16:28:03 [INFO]   ✅ ISRG: fetched premarket data (gap=0.24%, vol=0)
2026-06-16 16:28:03 [INFO]   ❌ ISRG: volume=0 below 2000
2026-06-16 16:28:05 [INFO]   ✅ JNJ: fetched premarket data (gap=-0.02%, vol=0)
2026-06-16 16:28:05 [INFO]   ❌ JNJ: gap=-0.02% outside range [0.1%-25.0%]
2026-06-16 16:28:05 [INFO]   Progress: 100/194 screened, 0 picks
2026-06-16 16:28:06 [INFO]   ✅ KKR: fetched premarket data (gap=-0.28%, vol=0)
2026-06-16 16:28:06 [INFO]   ❌ KKR: gap=-0.28% outside range [0.1%-25.0%]
2026-06-16 16:28:07 [INFO]   ✅ KLAC: fetched premarket data (gap=-0.58%, vol=0)
2026-06-16 16:28:07 [INFO]   ❌ KLAC: gap=-0.58% outside range [0.1%-25.0%]
2026-06-16 16:28:09 [INFO]   ✅ KO: fetched premarket data (gap=-0.04%, vol=0)
2026-06-16 16:28:09 [INFO]   ❌ KO: gap=-0.04% outside range [0.1%-25.0%]
2026-06-16 16:28:10 [INFO]   ✅ LHX: fetched premarket data (gap=-0.04%, vol=0)
2026-06-16 16:28:10 [INFO]   ❌ LHX: gap=-0.04% outside range [0.1%-25.0%]
2026-06-16 16:28:12 [INFO]   ✅ LIN: fetched premarket data (gap=-0.01%, vol=0)
2026-06-16 16:28:12 [INFO]   ❌ LIN: gap=-0.01% outside range [0.1%-25.0%]
2026-06-16 16:28:13 [INFO]   ✅ LLY: fetched premarket data (gap=0.02%, vol=0)
2026-06-16 16:28:15 [INFO]   ✅ LNT: fetched premarket data (gap=0.58%, vol=0)
2026-06-16 16:28:15 [INFO]   ❌ LNT: volume=0 below 2000
2026-06-16 16:28:16 [INFO]   ✅ LRCX: fetched premarket data (gap=0.51%, vol=0)
2026-06-16 16:28:16 [INFO]   ❌ LRCX: volume=0 below 2000
2026-06-16 16:28:18 [INFO]   ✅ LULU: fetched premarket data (gap=0.00%, vol=0)
2026-06-16 16:28:18 [INFO]   ❌ LULU: gap=0.00% outside range [0.1%-25.0%]
2026-06-16 16:28:19 [INFO]   ✅ LUMN: fetched premarket data (gap=0.59%, vol=0)
2026-06-16 16:28:19 [INFO]   ❌ LUMN: volume=0 below 2000
2026-06-16 16:28:19 [INFO]   Progress: 110/194 screened, 0 picks
2026-06-16 16:28:21 [INFO]   ✅ LYB: fetched premarket data (gap=-0.57%, vol=0)
2026-06-16 16:28:21 [INFO]   ❌ LYB: gap=-0.57% outside range [0.1%-25.0%]
2026-06-16 16:28:22 [INFO]   ✅ MA: fetched premarket data (gap=-0.47%, vol=0)
2026-06-16 16:28:22 [INFO]   ❌ MA: gap=-0.47% outside range [0.1%-25.0%]
2026-06-16 16:28:23 [WARNING]   ❌ MAA: no premarket data (market not open yet or no data)
2026-06-16 16:28:24 [WARNING]   ❌ MC: no premarket data (market not open yet or no data)
2026-06-16 16:28:25 [INFO]   ✅ MCD: Alpaca premarket (gap=0.28%, vol=40)
2026-06-16 16:28:25 [INFO]   ❌ MCD: volume=40 below 2000
2026-06-16 16:28:26 [INFO]   ✅ MDT: Alpaca premarket (gap=0.77%, vol=100)
2026-06-16 16:28:26 [INFO]   ❌ MDT: volume=100 below 2000
2026-06-16 16:28:27 [INFO]   ✅ META: Alpaca premarket (gap=-0.25%, vol=80)
2026-06-16 16:28:27 [INFO]   ❌ META: gap=-0.25% outside range [0.1%-25.0%]
2026-06-16 16:28:29 [INFO]   ✅ MOS: fetched premarket data (gap=-0.22%, vol=0)
2026-06-16 16:28:29 [INFO]   ❌ MOS: gap=-0.22% outside range [0.1%-25.0%]
2026-06-16 16:28:30 [INFO]   ✅ MPC: fetched premarket data (gap=-1.94%, vol=0)
2026-06-16 16:28:30 [INFO]   ❌ MPC: gap=-1.94% outside range [0.1%-25.0%]
2026-06-16 16:28:32 [INFO]   ✅ MRK: fetched premarket data (gap=1.18%, vol=0)
2026-06-16 16:28:32 [INFO]   ❌ MRK: volume=0 below 2000
2026-06-16 16:28:32 [INFO]   Progress: 120/194 screened, 0 picks
2026-06-16 16:28:33 [INFO]   ✅ MRVL: Alpaca premarket (gap=-2.21%, vol=2040)
2026-06-16 16:28:33 [INFO]   ❌ MRVL: gap=-2.21% outside range [0.1%-25.0%]
2026-06-16 16:28:34 [INFO]   ✅ MS: Alpaca premarket (gap=0.43%, vol=150)
2026-06-16 16:28:34 [INFO]   ❌ MS: volume=150 below 2000
2026-06-16 16:28:35 [INFO]   ✅ MSFT: Alpaca premarket (gap=-0.81%, vol=115)
2026-06-16 16:28:35 [INFO]   ❌ MSFT: gap=-0.81% outside range [0.1%-25.0%]
2026-06-16 16:28:37 [INFO]   ✅ MSTR: fetched premarket data (gap=1.01%, vol=0)
2026-06-16 16:28:37 [INFO]   ❌ MSTR: volume=0 below 2000
2026-06-16 16:28:38 [INFO]   ✅ MUR: fetched premarket data (gap=-0.62%, vol=0)
2026-06-16 16:28:38 [INFO]   ❌ MUR: gap=-0.62% outside range [0.1%-25.0%]
2026-06-16 16:28:40 [INFO]   ✅ NEE: fetched premarket data (gap=-0.52%, vol=0)
2026-06-16 16:28:40 [INFO]   ❌ NEE: gap=-0.52% outside range [0.1%-25.0%]
2026-06-16 16:28:41 [INFO]   ✅ NEM: Alpaca premarket (gap=1.28%, vol=100)
2026-06-16 16:28:41 [INFO]   ❌ NEM: volume=100 below 2000
2026-06-16 16:28:43 [INFO]   ✅ NET: fetched premarket data (gap=0.97%, vol=0)
2026-06-16 16:28:43 [INFO]   ❌ NET: volume=0 below 2000
2026-06-16 16:28:44 [INFO]   ✅ NFLX: fetched premarket data (gap=0.25%, vol=0)
2026-06-16 16:28:44 [INFO]   ❌ NFLX: volume=0 below 2000
2026-06-16 16:28:46 [INFO]   ✅ NI: fetched premarket data (gap=0.96%, vol=0)
2026-06-16 16:28:46 [INFO]   ❌ NI: volume=0 below 2000
2026-06-16 16:28:46 [INFO]   Progress: 130/194 screened, 0 picks
2026-06-16 16:28:47 [INFO]   ✅ NKE: fetched premarket data (gap=0.11%, vol=0)
2026-06-16 16:28:47 [INFO]   ❌ NKE: volume=0 below 2000
2026-06-16 16:28:49 [INFO]   ✅ NSC: fetched premarket data (gap=0.00%, vol=0)
2026-06-16 16:28:49 [INFO]   ❌ NSC: gap=0.00% outside range [0.1%-25.0%]
2026-06-16 16:28:50 [INFO]   ✅ NTR: fetched premarket data (gap=-0.36%, vol=0)
2026-06-16 16:28:50 [INFO]   ❌ NTR: gap=-0.36% outside range [0.1%-25.0%]
2026-06-16 16:28:51 [INFO]   ✅ NVDA: Alpaca premarket (gap=-0.20%, vol=810)
2026-06-16 16:28:51 [INFO]   ❌ NVDA: gap=-0.20% outside range [0.1%-25.0%]
2026-06-16 16:28:53 [INFO]   ✅ O: fetched premarket data (gap=0.29%, vol=0)
2026-06-16 16:28:53 [INFO]   ❌ O: volume=0 below 2000
2026-06-16 16:28:54 [INFO]   ✅ ORCL: Alpaca premarket (gap=-1.21%, vol=550)
2026-06-16 16:28:54 [INFO]   ❌ ORCL: gap=-1.21% outside range [0.1%-25.0%]
2026-06-16 16:28:55 [INFO]   ✅ OXY: fetched premarket data (gap=-0.82%, vol=0)
2026-06-16 16:28:55 [INFO]   ❌ OXY: gap=-0.82% outside range [0.1%-25.0%]
2026-06-16 16:28:57 [INFO]   ✅ PANW: fetched premarket data (gap=-0.05%, vol=0)
2026-06-16 16:28:57 [INFO]   ❌ PANW: gap=-0.05% outside range [0.1%-25.0%]
2026-06-16 16:28:58 [INFO]   ✅ PEG: fetched premarket data (gap=-0.01%, vol=0)
2026-06-16 16:28:58 [INFO]   ❌ PEG: gap=-0.01% outside range [0.1%-25.0%]
2026-06-16 16:29:00 [INFO]   ✅ PEP: fetched premarket data (gap=-0.09%, vol=0)
2026-06-16 16:29:00 [INFO]   ❌ PEP: gap=-0.09% outside range [0.1%-25.0%]
2026-06-16 16:29:00 [INFO]   Progress: 140/194 screened, 0 picks
2026-06-16 16:29:01 [INFO]   ✅ PFE: fetched premarket data (gap=-0.23%, vol=0)
2026-06-16 16:29:01 [INFO]   ❌ PFE: gap=-0.23% outside range [0.1%-25.0%]
2026-06-16 16:29:04 [INFO]   ✅ PG: fetched premarket data (gap=0.48%, vol=0)
2026-06-16 16:29:04 [INFO]   ❌ PG: volume=0 below 2000
2026-06-16 16:29:06 [INFO]   ✅ PJT: fetched premarket data (gap=2.04%, vol=0)
2026-06-16 16:29:06 [INFO]   ❌ PJT: volume=0 below 2000
2026-06-16 16:29:07 [INFO]   ✅ PLD: fetched premarket data (gap=-2.29%, vol=0)
2026-06-16 16:29:07 [INFO]   ❌ PLD: gap=-2.29% outside range [0.1%-25.0%]
2026-06-16 16:29:08 [INFO]   ✅ PLTR: Alpaca premarket (gap=-0.50%, vol=255)
2026-06-16 16:29:08 [INFO]   ❌ PLTR: gap=-0.50% outside range [0.1%-25.0%]
2026-06-16 16:29:10 [INFO]   ✅ PPG: fetched premarket data (gap=0.00%, vol=0)
2026-06-16 16:29:10 [INFO]   ❌ PPG: gap=0.00% outside range [0.1%-25.0%]
2026-06-16 16:29:11 [INFO]   ✅ PSA: fetched premarket data (gap=-1.97%, vol=0)
2026-06-16 16:29:11 [INFO]   ❌ PSA: gap=-1.97% outside range [0.1%-25.0%]
2026-06-16 16:29:12 [INFO]   ✅ PSX: fetched premarket data (gap=0.69%, vol=0)
2026-06-16 16:29:12 [INFO]   ❌ PSX: volume=0 below 2000
2026-06-16 16:29:14 [INFO]   ✅ PYPL: fetched premarket data (gap=0.28%, vol=0)
2026-06-16 16:29:14 [INFO]   ❌ PYPL: volume=0 below 2000
2026-06-16 16:29:15 [INFO]   ✅ QCOM: Alpaca premarket (gap=3.12%, vol=100)
2026-06-16 16:29:15 [INFO]   ❌ QCOM: volume=100 below 2000
2026-06-16 16:29:15 [INFO]   Progress: 150/194 screened, 0 picks
2026-06-16 16:29:16 [INFO]   ✅ REGN: fetched premarket data (gap=-0.00%, vol=0)
2026-06-16 16:29:16 [INFO]   ❌ REGN: gap=-0.00% outside range [0.1%-25.0%]
2026-06-16 16:29:18 [INFO]   ✅ RIOT: fetched premarket data (gap=0.33%, vol=0)
2026-06-16 16:29:18 [INFO]   ❌ RIOT: volume=0 below 2000
2026-06-16 16:29:19 [INFO]   ✅ RKLB: Alpaca premarket (gap=-0.61%, vol=1700)
2026-06-16 16:29:19 [INFO]   ❌ RKLB: gap=-0.61% outside range [0.1%-25.0%]
2026-06-16 16:29:21 [INFO]   ✅ ROST: fetched premarket data (gap=0.11%, vol=0)
2026-06-16 16:29:21 [INFO]   ❌ ROST: volume=0 below 2000
2026-06-16 16:29:22 [INFO]   ✅ RRC: fetched premarket data (gap=0.00%, vol=0)
2026-06-16 16:29:22 [INFO]   ❌ RRC: gap=0.00% outside range [0.1%-25.0%]
2026-06-16 16:29:23 [INFO]   ✅ SBUX: fetched premarket data (gap=-0.28%, vol=0)
2026-06-16 16:29:23 [INFO]   ❌ SBUX: gap=-0.28% outside range [0.1%-25.0%]
2026-06-16 16:29:25 [INFO]   ✅ SCHW: fetched premarket data (gap=-0.26%, vol=0)
2026-06-16 16:29:25 [INFO]   ❌ SCHW: gap=-0.26% outside range [0.1%-25.0%]
2026-06-16 16:29:26 [INFO]   ✅ SHW: fetched premarket data (gap=0.00%, vol=0)
2026-06-16 16:29:26 [INFO]   ❌ SHW: gap=0.00% outside range [0.1%-25.0%]
2026-06-16 16:29:28 [INFO]   ✅ SNOW: fetched premarket data (gap=0.21%, vol=0)
2026-06-16 16:29:28 [INFO]   ❌ SNOW: volume=0 below 2000
2026-06-16 16:29:30 [INFO]   ✅ SNPS: fetched premarket data (gap=0.19%, vol=0)
2026-06-16 16:29:30 [INFO]   ❌ SNPS: volume=0 below 2000
2026-06-16 16:29:30 [INFO]   Progress: 160/194 screened, 0 picks
2026-06-16 16:29:32 [INFO]   ✅ SO: fetched premarket data (gap=-0.42%, vol=0)
2026-06-16 16:29:32 [INFO]   ❌ SO: gap=-0.42% outside range [0.1%-25.0%]
2026-06-16 16:29:33 [INFO]   ✅ SOFI: Alpaca premarket (gap=0.00%, vol=10348)
2026-06-16 16:29:33 [INFO]   ❌ SOFI: gap=0.00% outside range [0.1%-25.0%]
2026-06-16 16:29:34 [INFO]   ✅ SPCE: Alpaca premarket (gap=-3.23%, vol=1158)
2026-06-16 16:29:34 [INFO]   ❌ SPCE: gap=-3.23% outside range [0.1%-25.0%]
2026-06-16 16:29:36 [INFO]   ✅ SQM: fetched premarket data (gap=-0.85%, vol=0)
2026-06-16 16:29:36 [INFO]   ❌ SQM: gap=-0.85% outside range [0.1%-25.0%]
2026-06-16 16:29:37 [INFO]   ✅ SRE: fetched premarket data (gap=0.21%, vol=0)
2026-06-16 16:29:37 [INFO]   ❌ SRE: volume=0 below 2000
2026-06-16 16:29:39 [INFO]   ✅ SYF: fetched premarket data (gap=-0.05%, vol=0)
2026-06-16 16:29:39 [INFO]   ❌ SYF: gap=-0.05% outside range [0.1%-25.0%]
2026-06-16 16:29:40 [INFO]   ✅ SYK: fetched premarket data (gap=-0.06%, vol=0)
2026-06-16 16:29:40 [INFO]   ❌ SYK: gap=-0.06% outside range [0.1%-25.0%]
2026-06-16 16:29:41 [INFO]   ✅ T: Alpaca premarket (gap=0.15%, vol=100)
2026-06-16 16:29:41 [INFO]   ❌ T: volume=100 below 2000
2026-06-16 16:29:42 [INFO]   ✅ TECH: fetched premarket data (gap=3.48%, vol=0)
2026-06-16 16:29:42 [INFO]   ❌ TECH: volume=0 below 2000
2026-06-16 16:29:44 [INFO]   ✅ TGT: fetched premarket data (gap=-0.44%, vol=0)
2026-06-16 16:29:44 [INFO]   ❌ TGT: gap=-0.44% outside range [0.1%-25.0%]
2026-06-16 16:29:44 [INFO]   Progress: 170/194 screened, 0 picks
2026-06-16 16:29:46 [INFO]   ✅ TJX: fetched premarket data (gap=0.50%, vol=0)
2026-06-16 16:29:46 [INFO]   ❌ TJX: volume=0 below 2000
2026-06-16 16:29:48 [INFO]   ✅ TMO: fetched premarket data (gap=0.00%, vol=0)
2026-06-16 16:29:48 [INFO]   ❌ TMO: gap=0.00% outside range [0.1%-25.0%]
2026-06-16 16:29:49 [INFO]   ✅ TMUS: fetched premarket data (gap=0.13%, vol=0)
2026-06-16 16:29:49 [INFO]   ❌ TMUS: volume=0 below 2000
2026-06-16 16:29:50 [INFO]   ✅ TPG: fetched premarket data (gap=1.63%, vol=0)
2026-06-16 16:29:50 [INFO]   ❌ TPG: volume=0 below 2000
2026-06-16 16:29:52 [INFO]   ✅ TXN: fetched premarket data (gap=0.26%, vol=0)
2026-06-16 16:29:52 [INFO]   ❌ TXN: volume=0 below 2000
2026-06-16 16:29:53 [INFO]   ✅ UDR: fetched premarket data (gap=-0.18%, vol=0)
2026-06-16 16:29:53 [INFO]   ❌ UDR: gap=-0.18% outside range [0.1%-25.0%]
2026-06-16 16:29:55 [INFO]   ✅ ULTA: fetched premarket data (gap=-1.19%, vol=0)
2026-06-16 16:29:55 [INFO]   ❌ ULTA: gap=-1.19% outside range [0.1%-25.0%]
2026-06-16 16:29:56 [INFO]   ✅ UNH: fetched premarket data (gap=-0.23%, vol=0)
2026-06-16 16:29:56 [INFO]   ❌ UNH: gap=-0.23% outside range [0.1%-25.0%]
2026-06-16 16:29:58 [INFO]   ✅ UNP: fetched premarket data (gap=-0.59%, vol=0)
2026-06-16 16:29:58 [INFO]   ❌ UNP: gap=-0.59% outside range [0.1%-25.0%]
2026-06-16 16:29:59 [INFO]   ✅ UPS: fetched premarket data (gap=0.14%, vol=0)
2026-06-16 16:29:59 [INFO]   ❌ UPS: volume=0 below 2000
2026-06-16 16:29:59 [INFO]   Progress: 180/194 screened, 0 picks
2026-06-16 16:30:00 [WARNING]   ❌ V: no premarket data (market not open yet or no data)
2026-06-16 16:30:01 [WARNING]   ❌ VLO: no premarket data (market not open yet or no data)
2026-06-16 16:30:02 [WARNING]   ❌ VRTX: no premarket data (market not open yet or no data)
2026-06-16 16:30:02 [WARNING]   ❌ VTR: no premarket data (market not open yet or no data)
2026-06-16 16:30:04 [INFO]   ✅ VZ: fetched premarket data (gap=0.07%, vol=0)
2026-06-16 16:30:04 [INFO]   ❌ VZ: gap=0.07% outside range [0.1%-25.0%]
2026-06-16 16:30:05 [WARNING]   ❌ WAT: no premarket data (market not open yet or no data)
2026-06-16 16:30:05 [WARNING]   ❌ WEC: no premarket data (market not open yet or no data)
2026-06-16 16:30:07 [WARNING]   ❌ WELL: no premarket data (market not open yet or no data)
2026-06-16 16:30:08 [INFO]   ✅ WLK: fetched premarket data (gap=0.26%, vol=0)
2026-06-16 16:30:08 [INFO]   ❌ WLK: volume=0 below 2000
2026-06-16 16:30:10 [INFO]   ✅ WMT: fetched premarket data (gap=-0.25%, vol=0)
2026-06-16 16:30:10 [INFO]   ❌ WMT: gap=-0.25% outside range [0.1%-25.0%]
2026-06-16 16:30:10 [INFO]   Progress: 190/194 screened, 0 picks
2026-06-16 16:30:11 [WARNING]   ❌ XEL: no premarket data (market not open yet or no data)
2026-06-16 16:30:12 [INFO]   ✅ XOM: Alpaca premarket (gap=0.22%, vol=5412)
2026-06-16 16:30:12 [INFO]   ❌ XOM: cap=$0.00B below $0.1B
2026-06-16 16:30:13 [WARNING]   ❌ YUM: no premarket data (market not open yet or no data)
2026-06-16 16:30:15 [INFO]   ✅ ZBH: fetched premarket data (gap=0.00%, vol=0)
2026-06-16 16:30:15 [INFO]   ❌ ZBH: gap=0.00% outside range [0.1%-25.0%]
2026-06-16 16:30:15 [INFO] Screen complete: 0 picks from 194 screened
2026-06-16 16:30:15 [INFO] Saved 0 picks to /home/mino/us-exec/us_picks.json

============================================================
PRE-MARKET SCREEN RESULTS
Regime: DEFENSIVE
============================================================
Time: 09:25 ET
Picks: 0

Rank  Symbol   Score    Price      Gap%     Sector
------------------------------------------------------------
============================================================
