2026-06-22T19:27:33.065611-04:00 [WARNING] ⚠️ Poller stale: 208 min since last activity
2026-06-22T20:07:52.612690-04:00 [BLOCK] BLOCKED AAPL: 2 scratches
2026-06-22T20:07:52.613229-04:00 [BLOCK] BLOCKED AMD: hard stop
2026-06-22T20:47:22.351136-04:00 [WARNING] ⚠️ Poller stale: 287 min since last activity
2026-06-22T20:47:43.137966-04:00 [WARNING] ⚠️ Poller stale: 288 min since last activity
2026-06-22T21:02:00.331187-04:00 [WARNING] ⚠️ Poller stale: 302 min since last activity
2026-06-22T21:03:00.605017-04:00 [WARNING] ⚠️ Poller stale: 303 min since last activity
2026-06-22T21:04:00.854579-04:00 [WARNING] ⚠️ Poller stale: 304 min since last activity
2026-06-22T21:05:01.110176-04:00 [WARNING] ⚠️ Poller stale: 305 min since last activity
2026-06-22T21:06:01.352257-04:00 [WARNING] ⚠️ Poller stale: 306 min since last activity
2026-06-22T21:07:01.604912-04:00 [WARNING] ⚠️ Poller stale: 307 min since last activity
2026-06-22T21:08:01.850510-04:00 [WARNING] ⚠️ Poller stale: 308 min since last activity
2026-06-22T21:09:02.104136-04:00 [WARNING] ⚠️ Poller stale: 309 min since last activity
2026-06-22T21:10:02.353784-04:00 [WARNING] ⚠️ Poller stale: 310 min since last activity
2026-06-22T21:11:02.613619-04:00 [WARNING] ⚠️ Poller stale: 311 min since last activity
2026-06-22T21:12:02.878657-04:00 [WARNING] ⚠️ Poller stale: 312 min since last activity
2026-06-22T21:13:03.103862-04:00 [WARNING] ⚠️ Poller stale: 313 min since last activity
2026-06-22T21:14:03.351191-04:00 [WARNING] ⚠️ Poller stale: 314 min since last activity
2026-06-22T21:15:03.605164-04:00 [WARNING] ⚠️ Poller stale: 315 min since last activity
2026-06-22T21:16:03.857866-04:00 [WARNING] ⚠️ Poller stale: 316 min since last activity
2026-06-22T21:17:04.111773-04:00 [WARNING] ⚠️ Poller stale: 317 min since last activity
2026-06-22T21:18:04.347824-04:00 [WARNING] ⚠️ Poller stale: 318 min since last activity
2026-06-22T21:19:04.602682-04:00 [WARNING] ⚠️ Poller stale: 319 min since last activity
2026-06-22T21:20:04.859010-04:00 [WARNING] ⚠️ Poller stale: 320 min since last activity
2026-06-22T21:21:05.102023-04:00 [WARNING] ⚠️ Poller stale: 321 min since last activity
2026-06-22T21:22:05.351595-04:00 [WARNING] ⚠️ Poller stale: 322 min since last activity
2026-06-22T21:23:05.603493-04:00 [WARNING] ⚠️ Poller stale: 323 min since last activity
2026-06-22T21:24:05.855541-04:00 [WARNING] ⚠️ Poller stale: 324 min since last activity
2026-06-22T21:25:06.108342-04:00 [WARNING] ⚠️ Poller stale: 325 min since last activity
2026-06-22T21:26:06.353015-04:00 [WARNING] ⚠️ Poller stale: 326 min since last activity
2026-06-22T21:27:06.604248-04:00 [WARNING] ⚠️ Poller stale: 327 min since last activity
2026-06-22T21:28:06.854491-04:00 [WARNING] ⚠️ Poller stale: 328 min since last activity
2026-06-22T21:29:07.104015-04:00 [WARNING] ⚠️ Poller stale: 329 min since last activity
2026-06-22T21:30:07.353053-04:00 [WARNING] ⚠️ Poller stale: 330 min since last activity
[2026-06-22 21:31:07 EDT] [INFO] ============================================================
[2026-06-22 21:31:07 EDT] [INFO] US System Watchdog Started
[2026-06-22 21:31:07 EDT] [INFO] Active window: 09:25 — 16:15 ET
[2026-06-22 21:31:07 EDT] [INFO] Check interval: 30s
[2026-06-22 21:31:07 EDT] [INFO] ============================================================
[2026-06-22 21:31:12 EDT] [INFO] Received signal 15, shutting down gracefully...
[2026-06-22 21:31:37 EDT] [INFO] Watchdog stopped
[2026-06-22 21:31:37 EDT] [INFO] ============================================================
[2026-06-22 21:31:37 EDT] [INFO] US System Watchdog Started
[2026-06-22 21:31:37 EDT] [INFO] Active window: 09:25 — 16:15 ET
[2026-06-22 21:31:37 EDT] [INFO] Check interval: 30s
[2026-06-22 21:31:37 EDT] [INFO] ============================================================
[2026-06-22 22:00:07 EDT] [INFO] Off-duty (22:00), waiting for 09:25
[2026-06-22 22:00:37 EDT] [INFO] Off-duty (22:00), waiting for 09:25
[2026-06-22 23:00:07 EDT] [INFO] Off-duty (23:00), waiting for 09:25
[2026-06-22 23:00:37 EDT] [INFO] Off-duty (23:00), waiting for 09:25
[2026-06-22 23:48:12 EDT] [INFO] Received signal 15, shutting down gracefully...
[2026-06-22 23:48:37 EDT] [INFO] ============================================================
[2026-06-22 23:48:37 EDT] [INFO] US System Watchdog Started
[2026-06-22 23:48:37 EDT] [INFO] Active window: 09:25 — 16:15 ET
[2026-06-22 23:48:37 EDT] [INFO] Check interval: 30s
[2026-06-22 23:48:37 EDT] [INFO] ============================================================
[2026-06-23 00:00:07 EDT] [INFO] Off-duty (00:00), waiting for 09:25
[2026-06-23 00:00:37 EDT] [INFO] Off-duty (00:00), waiting for 09:25
[2026-06-23 01:00:07 EDT] [INFO] Off-duty (01:00), waiting for 09:25
[2026-06-23 01:00:37 EDT] [INFO] Off-duty (01:00), waiting for 09:25
[2026-06-23 02:00:07 EDT] [INFO] Off-duty (02:00), waiting for 09:25
[2026-06-23 02:00:37 EDT] [INFO] Off-duty (02:00), waiting for 09:25
[2026-06-23 03:00:07 EDT] [INFO] Off-duty (03:00), waiting for 09:25
[2026-06-23 03:00:37 EDT] [INFO] Off-duty (03:00), waiting for 09:25
[2026-06-23 04:00:07 EDT] [INFO] Off-duty (04:00), waiting for 09:25
[2026-06-23 04:00:37 EDT] [INFO] Off-duty (04:00), waiting for 09:25
[2026-06-23 05:00:07 EDT] [INFO] Off-duty (05:00), waiting for 09:25
[2026-06-23 05:00:37 EDT] [INFO] Off-duty (05:00), waiting for 09:25
[2026-06-23 05:20:50 EDT] [INFO] Received signal 15, shutting down gracefully...
[2026-06-23 05:21:32 EDT] [INFO] ============================================================
[2026-06-23 05:21:32 EDT] [INFO] US System Watchdog Started
[2026-06-23 05:21:32 EDT] [INFO] Active window: 09:25 — 16:15 ET
[2026-06-23 05:21:32 EDT] [INFO] Check interval: 30s
[2026-06-23 05:21:32 EDT] [INFO] ============================================================
[2026-06-23 06:00:01 EDT] [INFO] Off-duty (06:00), waiting for 09:25
[2026-06-23 06:00:31 EDT] [INFO] Off-duty (06:00), waiting for 09:25
[2026-06-23 07:00:01 EDT] [INFO] Off-duty (07:00), waiting for 09:25
[2026-06-23 07:00:31 EDT] [INFO] Off-duty (07:00), waiting for 09:25
[2026-06-23 08:00:01 EDT] [INFO] Off-duty (08:00), waiting for 09:25
[2026-06-23 08:00:31 EDT] [INFO] Off-duty (08:00), waiting for 09:25
[2026-06-23 09:00:01 EDT] [INFO] Off-duty (09:00), waiting for 09:25
[2026-06-23 09:00:31 EDT] [INFO] Off-duty (09:00), waiting for 09:25
[2026-06-23 09:25:03 EDT] [INFO] --- Component Check ---
[2026-06-23 09:25:03 EDT] [INFO] ✅ us-bot: OK — mino        4628  0.0  1.3 396536 109156 ?       Ssl  12:21   0:05 /usr/bin/pyth
[2026-06-23 09:25:03 EDT] [INFO] ✅ us-poller: OK — 50880
[2026-06-23 09:25:03 EDT] [INFO] ✅ us-alpaca-ws: OK — active
[2026-06-23 09:25:03 EDT] [INFO] ✅ alpaca-api: OK — {
[2026-06-23 09:25:03 EDT] [INFO] ❌ Alpaca API: AUTH_FAIL (572.7ms)
[2026-06-23 09:25:03 EDT] [INFO] --- Tracked Files ---
[2026-06-23 09:25:03 EDT] [INFO] ⚠️ Missing: order_history, config
[2026-06-23 09:25:03 EDT] [ALERT] CRITICAL: Alpaca API AUTH_FAIL
[2026-06-23 09:25:03 EDT] [ALERT] LOG ALERT [bot.log]: 2026-06-23 14:45:35 [ERROR] Save capital failed: ('Connection aborted.', RemoteDisconnected('Remote end closed connection without response'))
[2026-06-23 09:25:03 EDT] [ALERT] LOG ALERT [ws.log]: socket.gaierror: [Errno -3] Temporary failure in name resolution
data websocket error, restarting connection: no close frame received or sent
data websocket error, restarting connection: no close fram
[2026-06-23 09:25:34 EDT] [ALERT] CRITICAL: Alpaca API AUTH_FAIL
[2026-06-23 09:25:34 EDT] [ALERT] LOG ALERT [bot.log]: 2026-06-23 14:45:35 [ERROR] Save capital failed: ('Connection aborted.', RemoteDisconnected('Remote end closed connection without response'))
[2026-06-23 09:25:34 EDT] [ALERT] LOG ALERT [ws.log]: socket.gaierror: [Errno -3] Temporary failure in name resolution
data websocket error, restarting connection: no close frame received or sent
data websocket error, restarting connection: no close fram
[2026-06-23 09:26:05 EDT] [ALERT] CRITICAL: Alpaca API AUTH_FAIL
[2026-06-23 09:26:05 EDT] [ALERT] LOG ALERT [bot.log]: 2026-06-23 14:45:35 [ERROR] Save capital failed: ('Connection aborted.', RemoteDisconnected('Remote end closed connection without response'))
[2026-06-23 09:26:05 EDT] [ALERT] LOG ALERT [ws.log]: socket.gaierror: [Errno -3] Temporary failure in name resolution
data websocket error, restarting connection: no close frame received or sent
data websocket error, restarting connection: no close fram
[2026-06-23 09:26:36 EDT] [ALERT] CRITICAL: Alpaca API AUTH_FAIL
[2026-06-23 09:26:36 EDT] [ALERT] LOG ALERT [bot.log]: 2026-06-23 14:45:35 [ERROR] Save capital failed: ('Connection aborted.', RemoteDisconnected('Remote end closed connection without response'))
[2026-06-23 09:26:36 EDT] [ALERT] LOG ALERT [ws.log]: socket.gaierror: [Errno -3] Temporary failure in name resolution
data websocket error, restarting connection: no close frame received or sent
data websocket error, restarting connection: no close fram
[2026-06-23 09:27:08 EDT] [ALERT] CRITICAL: Alpaca API AUTH_FAIL
[2026-06-23 09:27:08 EDT] [ALERT] LOG ALERT [bot.log]: 2026-06-23 14:45:35 [ERROR] Save capital failed: ('Connection aborted.', RemoteDisconnected('Remote end closed connection without response'))
[2026-06-23 09:27:08 EDT] [ALERT] LOG ALERT [ws.log]: socket.gaierror: [Errno -3] Temporary failure in name resolution
data websocket error, restarting connection: no close frame received or sent
data websocket error, restarting connection: no close fram
[2026-06-23 09:27:39 EDT] [ALERT] CRITICAL: Alpaca API AUTH_FAIL
[2026-06-23 09:27:39 EDT] [ALERT] LOG ALERT [bot.log]: 2026-06-23 14:45:35 [ERROR] Save capital failed: ('Connection aborted.', RemoteDisconnected('Remote end closed connection without response'))
[2026-06-23 09:27:39 EDT] [ALERT] LOG ALERT [ws.log]: socket.gaierror: [Errno -3] Temporary failure in name resolution
data websocket error, restarting connection: no close frame received or sent
data websocket error, restarting connection: no close fram
[2026-06-23 09:28:10 EDT] [ALERT] CRITICAL: Alpaca API AUTH_FAIL
[2026-06-23 09:28:10 EDT] [ALERT] LOG ALERT [bot.log]: 2026-06-23 14:45:35 [ERROR] Save capital failed: ('Connection aborted.', RemoteDisconnected('Remote end closed connection without response'))
[2026-06-23 09:28:10 EDT] [ALERT] LOG ALERT [ws.log]: socket.gaierror: [Errno -3] Temporary failure in name resolution
data websocket error, restarting connection: no close frame received or sent
data websocket error, restarting connection: no close fram
[2026-06-23 09:28:41 EDT] [ALERT] CRITICAL: Alpaca API AUTH_FAIL
[2026-06-23 09:28:41 EDT] [ALERT] LOG ALERT [bot.log]: 2026-06-23 14:45:35 [ERROR] Save capital failed: ('Connection aborted.', RemoteDisconnected('Remote end closed connection without response'))
[2026-06-23 09:28:41 EDT] [ALERT] LOG ALERT [ws.log]: socket.gaierror: [Errno -3] Temporary failure in name resolution
data websocket error, restarting connection: no close frame received or sent
data websocket error, restarting connection: no close fram
[2026-06-23 09:29:12 EDT] [ALERT] CRITICAL: Alpaca API AUTH_FAIL
[2026-06-23 09:29:12 EDT] [ALERT] LOG ALERT [bot.log]: 2026-06-23 14:45:35 [ERROR] Save capital failed: ('Connection aborted.', RemoteDisconnected('Remote end closed connection without response'))
[2026-06-23 09:29:12 EDT] [ALERT] LOG ALERT [ws.log]: socket.gaierror: [Errno -3] Temporary failure in name resolution
data websocket error, restarting connection: no close frame received or sent
data websocket error, restarting connection: no close fram
[2026-06-23 09:29:43 EDT] [ALERT] CRITICAL: Alpaca API AUTH_FAIL
[2026-06-23 09:29:43 EDT] [ALERT] LOG ALERT [bot.log]: 2026-06-23 14:45:35 [ERROR] Save capital failed: ('Connection aborted.', RemoteDisconnected('Remote end closed connection without response'))
[2026-06-23 09:29:43 EDT] [ALERT] LOG ALERT [ws.log]: socket.gaierror: [Errno -3] Temporary failure in name resolution
data websocket error, restarting connection: no close frame received or sent
data websocket error, restarting connection: no close fram
